08:28:07.648 INFO: Dlep.cpp:37:Dlep(): I am a Modem
08:28:07.649 DEBUG: Dlep.cpp:61:initialize(): entered
08:28:07.649 INFO: ProtocolConfigImpl.cpp:167:load_protocol_config(): schema=protocol-config.xsd config=dlep-draft-29.xml
08:28:07.649 DEBUG: ProtocolConfigImpl.cpp:181:load_protocol_config(): parsing dlep-draft-29.xml
08:28:07.650 DEBUG: ProtocolConfigImpl.cpp:205:load_protocol_config(): XInclude made 1 substitutions
08:28:07.650 DEBUG: ProtocolConfigImpl.cpp:210:load_protocol_config(): loading schema protocol-config.xsd
08:28:07.651 DEBUG: ProtocolConfigImpl.cpp:233:load_protocol_config(): validating the config against the schema
08:28:07.652 DEBUG: ProtocolConfigImpl.cpp:378:log_node_path_and_value(): dlep/signal_prefix/text = DLEP
08:28:07.652 DEBUG: ProtocolConfigImpl.cpp:378:log_node_path_and_value(): dlep/field_sizes/signal_length = 2
08:28:07.652 DEBUG: ProtocolConfigImpl.cpp:378:log_node_path_and_value(): dlep/field_sizes/signal_id = 2
08:28:07.652 DEBUG: ProtocolConfigImpl.cpp:378:log_node_path_and_value(): dlep/field_sizes/data_item_length = 2
08:28:07.652 DEBUG: ProtocolConfigImpl.cpp:378:log_node_path_and_value(): dlep/field_sizes/data_item_id = 2
08:28:07.652 DEBUG: ProtocolConfigImpl.cpp:378:log_node_path_and_value(): dlep/field_sizes/extension_id = 2
08:28:07.652 DEBUG: ProtocolConfigImpl.cpp:378:log_node_path_and_value(): dlep/field_sizes/status_code = 1
08:28:07.652 DEBUG: ProtocolConfigImpl.cpp:378:log_node_path_and_value(): dlep/module/name = core
08:28:07.652 DEBUG: ProtocolConfigImpl.cpp:378:log_node_path_and_value(): dlep/module/draft = 29
08:28:07.652 INFO: ProtocolConfigImpl.cpp:546:extract_module(): ignoring unrecognized xml node comment
08:28:07.652 DEBUG: ProtocolConfigImpl.cpp:378:log_node_path_and_value(): dlep/module/data_item/name = Status
08:28:07.652 DEBUG: ProtocolConfigImpl.cpp:378:log_node_path_and_value(): dlep/module/data_item/type = u8_string
08:28:07.652 DEBUG: ProtocolConfigImpl.cpp:378:log_node_path_and_value(): dlep/module/data_item/id = 1
08:28:07.652 DEBUG: ProtocolConfigImpl.cpp:583:insert_id_name_mapping(): data_item mapping: Status <--> 1
08:28:07.652 DEBUG: ProtocolConfigImpl.cpp:378:log_node_path_and_value(): dlep/module/data_item/metric = false
08:28:07.652 DEBUG: ProtocolConfigImpl.cpp:378:log_node_path_and_value(): dlep/module/data_item/name = IPv4_Connection_Point
08:28:07.652 DEBUG: ProtocolConfigImpl.cpp:378:log_node_path_and_value(): dlep/module/data_item/type = u8_ipv4_u16
08:28:07.652 DEBUG: ProtocolConfigImpl.cpp:378:log_node_path_and_value(): dlep/module/data_item/id = 2
08:28:07.652 DEBUG: ProtocolConfigImpl.cpp:583:insert_id_name_mapping(): data_item mapping: IPv4_Connection_Point <--> 2
08:28:07.652 DEBUG: ProtocolConfigImpl.cpp:378:log_node_path_and_value(): dlep/module/data_item/metric = false
08:28:07.652 DEBUG: ProtocolConfigImpl.cpp:378:log_node_path_and_value(): dlep/module/data_item/name = IPv6_Connection_Point
08:28:07.652 DEBUG: ProtocolConfigImpl.cpp:378:log_node_path_and_value(): dlep/module/data_item/type = u8_ipv6_u16
08:28:07.652 DEBUG: ProtocolConfigImpl.cpp:378:log_node_path_and_value(): dlep/module/data_item/id = 3
08:28:07.652 DEBUG: ProtocolConfigImpl.cpp:583:insert_id_name_mapping(): data_item mapping: IPv6_Connection_Point <--> 3
08:28:07.652 DEBUG: ProtocolConfigImpl.cpp:378:log_node_path_and_value(): dlep/module/data_item/metric = false
08:28:07.652 DEBUG: ProtocolConfigImpl.cpp:378:log_node_path_and_value(): dlep/module/data_item/name = Peer_Type
08:28:07.652 DEBUG: ProtocolConfigImpl.cpp:378:log_node_path_and_value(): dlep/module/data_item/type = string
08:28:07.652 DEBUG: ProtocolConfigImpl.cpp:378:log_node_path_and_value(): dlep/module/data_item/id = 4
08:28:07.652 DEBUG: ProtocolConfigImpl.cpp:583:insert_id_name_mapping(): data_item mapping: Peer_Type <--> 4
08:28:07.652 DEBUG: ProtocolConfigImpl.cpp:378:log_node_path_and_value(): dlep/module/data_item/metric = false
08:28:07.652 DEBUG: ProtocolConfigImpl.cpp:378:log_node_path_and_value(): dlep/module/data_item/name = Heartbeat_Interval
08:28:07.652 DEBUG: ProtocolConfigImpl.cpp:378:log_node_path_and_value(): dlep/module/data_item/type = u32
08:28:07.652 DEBUG: ProtocolConfigImpl.cpp:378:log_node_path_and_value(): dlep/module/data_item/id = 5
08:28:07.652 DEBUG: ProtocolConfigImpl.cpp:583:insert_id_name_mapping(): data_item mapping: Heartbeat_Interval <--> 5
08:28:07.652 DEBUG: ProtocolConfigImpl.cpp:378:log_node_path_and_value(): dlep/module/data_item/metric = false
08:28:07.652 DEBUG: ProtocolConfigImpl.cpp:378:log_node_path_and_value(): dlep/module/data_item/units = milliseconds
08:28:07.652 DEBUG: ProtocolConfigImpl.cpp:378:log_node_path_and_value(): dlep/module/data_item/name = Extensions_Supported
08:28:07.652 DEBUG: ProtocolConfigImpl.cpp:378:log_node_path_and_value(): dlep/module/data_item/type = v_extid
08:28:07.652 DEBUG: ProtocolConfigImpl.cpp:378:log_node_path_and_value(): dlep/module/data_item/id = 6
08:28:07.652 DEBUG: ProtocolConfigImpl.cpp:583:insert_id_name_mapping(): data_item mapping: Extensions_Supported <--> 6
08:28:07.652 DEBUG: ProtocolConfigImpl.cpp:378:log_node_path_and_value(): dlep/module/data_item/metric = false
08:28:07.652 DEBUG: ProtocolConfigImpl.cpp:378:log_node_path_and_value(): dlep/module/data_item/name = MAC_Address
08:28:07.652 DEBUG: ProtocolConfigImpl.cpp:378:log_node_path_and_value(): dlep/module/data_item/type = dlepmac
08:28:07.652 DEBUG: ProtocolConfigImpl.cpp:378:log_node_path_and_value(): dlep/module/data_item/id = 7
08:28:07.652 DEBUG: ProtocolConfigImpl.cpp:583:insert_id_name_mapping(): data_item mapping: MAC_Address <--> 7
08:28:07.652 DEBUG: ProtocolConfigImpl.cpp:378:log_node_path_and_value(): dlep/module/data_item/metric = false
08:28:07.652 DEBUG: ProtocolConfigImpl.cpp:378:log_node_path_and_value(): dlep/module/data_item/name = IPv4_Address
08:28:07.652 DEBUG: ProtocolConfigImpl.cpp:378:log_node_path_and_value(): dlep/module/data_item/type = u8_ipv4
08:28:07.652 DEBUG: ProtocolConfigImpl.cpp:378:log_node_path_and_value(): dlep/module/data_item/id = 8
08:28:07.653 DEBUG: ProtocolConfigImpl.cpp:583:insert_id_name_mapping(): data_item mapping: IPv4_Address <--> 8
08:28:07.653 DEBUG: ProtocolConfigImpl.cpp:378:log_node_path_and_value(): dlep/module/data_item/metric = false
08:28:07.653 DEBUG: ProtocolConfigImpl.cpp:378:log_node_path_and_value(): dlep/module/data_item/name = IPv6_Address
08:28:07.653 DEBUG: ProtocolConfigImpl.cpp:378:log_node_path_and_value(): dlep/module/data_item/type = u8_ipv6
08:28:07.653 DEBUG: ProtocolConfigImpl.cpp:378:log_node_path_and_value(): dlep/module/data_item/id = 9
08:28:07.653 DEBUG: ProtocolConfigImpl.cpp:583:insert_id_name_mapping(): data_item mapping: IPv6_Address <--> 9
08:28:07.653 DEBUG: ProtocolConfigImpl.cpp:378:log_node_path_and_value(): dlep/module/data_item/metric = false
08:28:07.653 DEBUG: ProtocolConfigImpl.cpp:378:log_node_path_and_value(): dlep/module/data_item/name = IPv4_Attached_Subnet
08:28:07.653 DEBUG: ProtocolConfigImpl.cpp:378:log_node_path_and_value(): dlep/module/data_item/type = u8_ipv4_u8
08:28:07.653 DEBUG: ProtocolConfigImpl.cpp:378:log_node_path_and_value(): dlep/module/data_item/id = 10
08:28:07.653 DEBUG: ProtocolConfigImpl.cpp:583:insert_id_name_mapping(): data_item mapping: IPv4_Attached_Subnet <--> 10
08:28:07.653 DEBUG: ProtocolConfigImpl.cpp:378:log_node_path_and_value(): dlep/module/data_item/metric = false
08:28:07.653 DEBUG: ProtocolConfigImpl.cpp:378:log_node_path_and_value(): dlep/module/data_item/name = IPv6_Attached_Subnet
08:28:07.653 DEBUG: ProtocolConfigImpl.cpp:378:log_node_path_and_value(): dlep/module/data_item/type = u8_ipv6_u8
08:28:07.653 DEBUG: ProtocolConfigImpl.cpp:378:log_node_path_and_value(): dlep/module/data_item/id = 11
08:28:07.653 DEBUG: ProtocolConfigImpl.cpp:583:insert_id_name_mapping(): data_item mapping: IPv6_Attached_Subnet <--> 11
08:28:07.653 DEBUG: ProtocolConfigImpl.cpp:378:log_node_path_and_value(): dlep/module/data_item/metric = false
08:28:07.653 DEBUG: ProtocolConfigImpl.cpp:378:log_node_path_and_value(): dlep/module/data_item/name = Maximum_Data_Rate_Receive
08:28:07.653 DEBUG: ProtocolConfigImpl.cpp:378:log_node_path_and_value(): dlep/module/data_item/type = u64
08:28:07.653 DEBUG: ProtocolConfigImpl.cpp:378:log_node_path_and_value(): dlep/module/data_item/id = 12
08:28:07.653 DEBUG: ProtocolConfigImpl.cpp:583:insert_id_name_mapping(): data_item mapping: Maximum_Data_Rate_Receive <--> 12
08:28:07.653 DEBUG: ProtocolConfigImpl.cpp:378:log_node_path_and_value(): dlep/module/data_item/metric = true
08:28:07.653 DEBUG: ProtocolConfigImpl.cpp:378:log_node_path_and_value(): dlep/module/data_item/units = bits/second
08:28:07.653 DEBUG: ProtocolConfigImpl.cpp:378:log_node_path_and_value(): dlep/module/data_item/name = Maximum_Data_Rate_Transmit
08:28:07.653 DEBUG: ProtocolConfigImpl.cpp:378:log_node_path_and_value(): dlep/module/data_item/type = u64
08:28:07.653 DEBUG: ProtocolConfigImpl.cpp:378:log_node_path_and_value(): dlep/module/data_item/id = 13
08:28:07.653 DEBUG: ProtocolConfigImpl.cpp:583:insert_id_name_mapping(): data_item mapping: Maximum_Data_Rate_Transmit <--> 13
08:28:07.653 DEBUG: ProtocolConfigImpl.cpp:378:log_node_path_and_value(): dlep/module/data_item/metric = true
08:28:07.653 DEBUG: ProtocolConfigImpl.cpp:378:log_node_path_and_value(): dlep/module/data_item/units = bits/second
08:28:07.653 DEBUG: ProtocolConfigImpl.cpp:378:log_node_path_and_value(): dlep/module/data_item/name = Current_Data_Rate_Receive
08:28:07.653 DEBUG: ProtocolConfigImpl.cpp:378:log_node_path_and_value(): dlep/module/data_item/type = u64
08:28:07.653 DEBUG: ProtocolConfigImpl.cpp:378:log_node_path_and_value(): dlep/module/data_item/id = 14
08:28:07.653 DEBUG: ProtocolConfigImpl.cpp:583:insert_id_name_mapping(): data_item mapping: Current_Data_Rate_Receive <--> 14
08:28:07.653 DEBUG: ProtocolConfigImpl.cpp:378:log_node_path_and_value(): dlep/module/data_item/metric = true
08:28:07.653 DEBUG: ProtocolConfigImpl.cpp:378:log_node_path_and_value(): dlep/module/data_item/units = bits/second
08:28:07.653 DEBUG: ProtocolConfigImpl.cpp:378:log_node_path_and_value(): dlep/module/data_item/name = Current_Data_Rate_Transmit
08:28:07.653 DEBUG: ProtocolConfigImpl.cpp:378:log_node_path_and_value(): dlep/module/data_item/type = u64
08:28:07.653 DEBUG: ProtocolConfigImpl.cpp:378:log_node_path_and_value(): dlep/module/data_item/id = 15
08:28:07.653 DEBUG: ProtocolConfigImpl.cpp:583:insert_id_name_mapping(): data_item mapping: Current_Data_Rate_Transmit <--> 15
08:28:07.653 DEBUG: ProtocolConfigImpl.cpp:378:log_node_path_and_value(): dlep/module/data_item/metric = true
08:28:07.653 DEBUG: ProtocolConfigImpl.cpp:378:log_node_path_and_value(): dlep/module/data_item/units = bits/second
08:28:07.653 DEBUG: ProtocolConfigImpl.cpp:378:log_node_path_and_value(): dlep/module/data_item/name = Latency
08:28:07.653 DEBUG: ProtocolConfigImpl.cpp:378:log_node_path_and_value(): dlep/module/data_item/type = u64
08:28:07.653 DEBUG: ProtocolConfigImpl.cpp:378:log_node_path_and_value(): dlep/module/data_item/id = 16
08:28:07.653 DEBUG: ProtocolConfigImpl.cpp:583:insert_id_name_mapping(): data_item mapping: Latency <--> 16
08:28:07.653 DEBUG: ProtocolConfigImpl.cpp:378:log_node_path_and_value(): dlep/module/data_item/metric = true
08:28:07.653 DEBUG: ProtocolConfigImpl.cpp:378:log_node_path_and_value(): dlep/module/data_item/units = microseconds
08:28:07.653 DEBUG: ProtocolConfigImpl.cpp:378:log_node_path_and_value(): dlep/module/data_item/name = Resources
08:28:07.653 DEBUG: ProtocolConfigImpl.cpp:378:log_node_path_and_value(): dlep/module/data_item/type = u8
08:28:07.653 DEBUG: ProtocolConfigImpl.cpp:378:log_node_path_and_value(): dlep/module/data_item/id = 17
08:28:07.653 DEBUG: ProtocolConfigImpl.cpp:583:insert_id_name_mapping(): data_item mapping: Resources <--> 17
08:28:07.653 DEBUG: ProtocolConfigImpl.cpp:378:log_node_path_and_value(): dlep/module/data_item/metric = true
08:28:07.653 DEBUG: ProtocolConfigImpl.cpp:378:log_node_path_and_value(): dlep/module/data_item/units = percentage
08:28:07.654 DEBUG: ProtocolConfigImpl.cpp:378:log_node_path_and_value(): dlep/module/data_item/name = Relative_Link_Quality_Receive
08:28:07.654 DEBUG: ProtocolConfigImpl.cpp:378:log_node_path_and_value(): dlep/module/data_item/type = u8
08:28:07.654 DEBUG: ProtocolConfigImpl.cpp:378:log_node_path_and_value(): dlep/module/data_item/id = 18
08:28:07.654 DEBUG: ProtocolConfigImpl.cpp:583:insert_id_name_mapping(): data_item mapping: Relative_Link_Quality_Receive <--> 18
08:28:07.654 DEBUG: ProtocolConfigImpl.cpp:378:log_node_path_and_value(): dlep/module/data_item/metric = true
08:28:07.654 DEBUG: ProtocolConfigImpl.cpp:378:log_node_path_and_value(): dlep/module/data_item/units = percentage
08:28:07.654 DEBUG: ProtocolConfigImpl.cpp:378:log_node_path_and_value(): dlep/module/data_item/name = Relative_Link_Quality_Transmit
08:28:07.654 DEBUG: ProtocolConfigImpl.cpp:378:log_node_path_and_value(): dlep/module/data_item/type = u8
08:28:07.654 DEBUG: ProtocolConfigImpl.cpp:378:log_node_path_and_value(): dlep/module/data_item/id = 19
08:28:07.654 DEBUG: ProtocolConfigImpl.cpp:583:insert_id_name_mapping(): data_item mapping: Relative_Link_Quality_Transmit <--> 19
08:28:07.654 DEBUG: ProtocolConfigImpl.cpp:378:log_node_path_and_value(): dlep/module/data_item/metric = true
08:28:07.654 DEBUG: ProtocolConfigImpl.cpp:378:log_node_path_and_value(): dlep/module/data_item/units = percentage
08:28:07.654 DEBUG: ProtocolConfigImpl.cpp:378:log_node_path_and_value(): dlep/module/data_item/name = Maximum_Transmission_Unit
08:28:07.654 DEBUG: ProtocolConfigImpl.cpp:378:log_node_path_and_value(): dlep/module/data_item/type = u16
08:28:07.654 DEBUG: ProtocolConfigImpl.cpp:378:log_node_path_and_value(): dlep/module/data_item/id = 20
08:28:07.654 DEBUG: ProtocolConfigImpl.cpp:583:insert_id_name_mapping(): data_item mapping: Maximum_Transmission_Unit <--> 20
08:28:07.654 DEBUG: ProtocolConfigImpl.cpp:378:log_node_path_and_value(): dlep/module/data_item/metric = true
08:28:07.654 DEBUG: ProtocolConfigImpl.cpp:378:log_node_path_and_value(): dlep/module/data_item/units = octets
08:28:07.654 INFO: ProtocolConfigImpl.cpp:546:extract_module(): ignoring unrecognized xml node comment
08:28:07.654 DEBUG: ProtocolConfigImpl.cpp:378:log_node_path_and_value(): dlep/module/signal/name = Peer_Discovery
08:28:07.654 DEBUG: ProtocolConfigImpl.cpp:378:log_node_path_and_value(): dlep/module/signal/id = 1
08:28:07.654 DEBUG: ProtocolConfigImpl.cpp:378:log_node_path_and_value(): dlep/module/signal/message = false
08:28:07.654 DEBUG: ProtocolConfigImpl.cpp:378:log_node_path_and_value(): dlep/module/signal/sender = router
08:28:07.654 DEBUG: ProtocolConfigImpl.cpp:378:log_node_path_and_value(): dlep/module/signal/data_item/name = Peer_Type
08:28:07.654 DEBUG: ProtocolConfigImpl.cpp:378:log_node_path_and_value(): dlep/module/signal/data_item/occurs = 0-1
08:28:07.654 DEBUG: ProtocolConfigImpl.cpp:583:insert_id_name_mapping(): signal mapping: Peer_Discovery <--> 1
08:28:07.654 DEBUG: ProtocolConfigImpl.cpp:378:log_node_path_and_value(): dlep/module/signal/name = Peer_Offer
08:28:07.654 DEBUG: ProtocolConfigImpl.cpp:378:log_node_path_and_value(): dlep/module/signal/id = 2
08:28:07.654 DEBUG: ProtocolConfigImpl.cpp:378:log_node_path_and_value(): dlep/module/signal/message = false
08:28:07.654 DEBUG: ProtocolConfigImpl.cpp:378:log_node_path_and_value(): dlep/module/signal/sender = modem
08:28:07.654 DEBUG: ProtocolConfigImpl.cpp:378:log_node_path_and_value(): dlep/module/signal/data_item/name = Peer_Type
08:28:07.654 DEBUG: ProtocolConfigImpl.cpp:378:log_node_path_and_value(): dlep/module/signal/data_item/occurs = 0-1
08:28:07.654 DEBUG: ProtocolConfigImpl.cpp:378:log_node_path_and_value(): dlep/module/signal/data_item/name = IPv4_Connection_Point
08:28:07.654 DEBUG: ProtocolConfigImpl.cpp:378:log_node_path_and_value(): dlep/module/signal/data_item/occurs = 0+
08:28:07.654 DEBUG: ProtocolConfigImpl.cpp:378:log_node_path_and_value(): dlep/module/signal/data_item/name = IPv6_Connection_Point
08:28:07.654 DEBUG: ProtocolConfigImpl.cpp:378:log_node_path_and_value(): dlep/module/signal/data_item/occurs = 0+
08:28:07.654 DEBUG: ProtocolConfigImpl.cpp:583:insert_id_name_mapping(): signal mapping: Peer_Offer <--> 2
08:28:07.654 DEBUG: ProtocolConfigImpl.cpp:378:log_node_path_and_value(): dlep/module/signal/name = Session_Initialization_Response
08:28:07.654 INFO: ProtocolConfigImpl.cpp:677:extract_module_signal(): ignoring unrecognized xml node comment
08:28:07.654 DEBUG: ProtocolConfigImpl.cpp:378:log_node_path_and_value(): dlep/module/signal/id = 2
08:28:07.654 DEBUG: ProtocolConfigImpl.cpp:378:log_node_path_and_value(): dlep/module/signal/message = true
08:28:07.654 DEBUG: ProtocolConfigImpl.cpp:378:log_node_path_and_value(): dlep/module/signal/sender = modem
08:28:07.654 DEBUG: ProtocolConfigImpl.cpp:378:log_node_path_and_value(): dlep/module/signal/data_item/name = Heartbeat_Interval
08:28:07.654 DEBUG: ProtocolConfigImpl.cpp:378:log_node_path_and_value(): dlep/module/signal/data_item/occurs = 1
08:28:07.654 DEBUG: ProtocolConfigImpl.cpp:378:log_node_path_and_value(): dlep/module/signal/data_item/name = Maximum_Data_Rate_Receive
08:28:07.654 DEBUG: ProtocolConfigImpl.cpp:378:log_node_path_and_value(): dlep/module/signal/data_item/occurs = 1
08:28:07.654 DEBUG: ProtocolConfigImpl.cpp:378:log_node_path_and_value(): dlep/module/signal/data_item/name = Maximum_Data_Rate_Transmit
08:28:07.655 DEBUG: ProtocolConfigImpl.cpp:378:log_node_path_and_value(): dlep/module/signal/data_item/occurs = 1
08:28:07.655 DEBUG: ProtocolConfigImpl.cpp:378:log_node_path_and_value(): dlep/module/signal/data_item/name = Current_Data_Rate_Receive
08:28:07.655 DEBUG: ProtocolConfigImpl.cpp:378:log_node_path_and_value(): dlep/module/signal/data_item/occurs = 1
08:28:07.655 DEBUG: ProtocolConfigImpl.cpp:378:log_node_path_and_value(): dlep/module/signal/data_item/name = Current_Data_Rate_Transmit
08:28:07.655 DEBUG: ProtocolConfigImpl.cpp:378:log_node_path_and_value(): dlep/module/signal/data_item/occurs = 1
08:28:07.655 DEBUG: ProtocolConfigImpl.cpp:378:log_node_path_and_value(): dlep/module/signal/data_item/name = Latency
08:28:07.655 DEBUG: ProtocolConfigImpl.cpp:378:log_node_path_and_value(): dlep/module/signal/data_item/occurs = 1
08:28:07.655 DEBUG: ProtocolConfigImpl.cpp:378:log_node_path_and_value(): dlep/module/signal/data_item/name = Resources
08:28:07.655 DEBUG: ProtocolConfigImpl.cpp:378:log_node_path_and_value(): dlep/module/signal/data_item/occurs = 0-1
08:28:07.655 DEBUG: ProtocolConfigImpl.cpp:378:log_node_path_and_value(): dlep/module/signal/data_item/name = Relative_Link_Quality_Receive
08:28:07.655 DEBUG: ProtocolConfigImpl.cpp:378:log_node_path_and_value(): dlep/module/signal/data_item/occurs = 0-1
08:28:07.655 DEBUG: ProtocolConfigImpl.cpp:378:log_node_path_and_value(): dlep/module/signal/data_item/name = Relative_Link_Quality_Transmit
08:28:07.655 DEBUG: ProtocolConfigImpl.cpp:378:log_node_path_and_value(): dlep/module/signal/data_item/occurs = 0-1
08:28:07.655 DEBUG: ProtocolConfigImpl.cpp:378:log_node_path_and_value(): dlep/module/signal/data_item/name = Status
08:28:07.655 DEBUG: ProtocolConfigImpl.cpp:378:log_node_path_and_value(): dlep/module/signal/data_item/occurs = 1
08:28:07.655 DEBUG: ProtocolConfigImpl.cpp:378:log_node_path_and_value(): dlep/module/signal/data_item/name = Peer_Type
08:28:07.655 DEBUG: ProtocolConfigImpl.cpp:378:log_node_path_and_value(): dlep/module/signal/data_item/occurs = 1
08:28:07.655 DEBUG: ProtocolConfigImpl.cpp:378:log_node_path_and_value(): dlep/module/signal/data_item/name = Maximum_Transmission_Unit
08:28:07.655 DEBUG: ProtocolConfigImpl.cpp:378:log_node_path_and_value(): dlep/module/signal/data_item/occurs = 0-1
08:28:07.655 DEBUG: ProtocolConfigImpl.cpp:378:log_node_path_and_value(): dlep/module/signal/data_item/name = IPv4_Address
08:28:07.655 DEBUG: ProtocolConfigImpl.cpp:378:log_node_path_and_value(): dlep/module/signal/data_item/occurs = 0+
08:28:07.655 DEBUG: ProtocolConfigImpl.cpp:378:log_node_path_and_value(): dlep/module/signal/data_item/name = IPv4_Attached_Subnet
08:28:07.655 DEBUG: ProtocolConfigImpl.cpp:378:log_node_path_and_value(): dlep/module/signal/data_item/occurs = 0+
08:28:07.655 DEBUG: ProtocolConfigImpl.cpp:378:log_node_path_and_value(): dlep/module/signal/data_item/name = IPv6_Address
08:28:07.655 DEBUG: ProtocolConfigImpl.cpp:378:log_node_path_and_value(): dlep/module/signal/data_item/occurs = 0+
08:28:07.655 DEBUG: ProtocolConfigImpl.cpp:378:log_node_path_and_value(): dlep/module/signal/data_item/name = IPv6_Attached_Subnet
08:28:07.655 DEBUG: ProtocolConfigImpl.cpp:378:log_node_path_and_value(): dlep/module/signal/data_item/occurs = 0+
08:28:07.655 DEBUG: ProtocolConfigImpl.cpp:378:log_node_path_and_value(): dlep/module/signal/data_item/name = Extensions_Supported
08:28:07.655 DEBUG: ProtocolConfigImpl.cpp:378:log_node_path_and_value(): dlep/module/signal/data_item/occurs = 0-1
08:28:07.655 DEBUG: ProtocolConfigImpl.cpp:583:insert_id_name_mapping(): message mapping: Session_Initialization_Response <--> 2
08:28:07.655 DEBUG: ProtocolConfigImpl.cpp:378:log_node_path_and_value(): dlep/module/signal/name = Session_Initialization
08:28:07.655 INFO: ProtocolConfigImpl.cpp:677:extract_module_signal(): ignoring unrecognized xml node comment
08:28:07.655 DEBUG: ProtocolConfigImpl.cpp:378:log_node_path_and_value(): dlep/module/signal/id = 1
08:28:07.655 DEBUG: ProtocolConfigImpl.cpp:378:log_node_path_and_value(): dlep/module/signal/message = true
08:28:07.655 DEBUG: ProtocolConfigImpl.cpp:378:log_node_path_and_value(): dlep/module/signal/sender = router
08:28:07.655 DEBUG: ProtocolConfigImpl.cpp:378:log_node_path_and_value(): dlep/module/signal/response = Session_Initialization_Response
08:28:07.655 DEBUG: ProtocolConfigImpl.cpp:378:log_node_path_and_value(): dlep/module/signal/data_item/name = Heartbeat_Interval
08:28:07.655 DEBUG: ProtocolConfigImpl.cpp:378:log_node_path_and_value(): dlep/module/signal/data_item/occurs = 1
08:28:07.655 DEBUG: ProtocolConfigImpl.cpp:378:log_node_path_and_value(): dlep/module/signal/data_item/name = Peer_Type
08:28:07.655 DEBUG: ProtocolConfigImpl.cpp:378:log_node_path_and_value(): dlep/module/signal/data_item/occurs = 1
08:28:07.655 DEBUG: ProtocolConfigImpl.cpp:378:log_node_path_and_value(): dlep/module/signal/data_item/name = IPv4_Address
08:28:07.655 DEBUG: ProtocolConfigImpl.cpp:378:log_node_path_and_value(): dlep/module/signal/data_item/occurs = 0+
08:28:07.655 DEBUG: ProtocolConfigImpl.cpp:378:log_node_path_and_value(): dlep/module/signal/data_item/name = IPv4_Attached_Subnet
08:28:07.655 DEBUG: ProtocolConfigImpl.cpp:378:log_node_path_and_value(): dlep/module/signal/data_item/occurs = 0+
08:28:07.655 DEBUG: ProtocolConfigImpl.cpp:378:log_node_path_and_value(): dlep/module/signal/data_item/name = IPv6_Address
08:28:07.655 DEBUG: ProtocolConfigImpl.cpp:378:log_node_path_and_value(): dlep/module/signal/data_item/occurs = 0+
08:28:07.655 DEBUG: ProtocolConfigImpl.cpp:378:log_node_path_and_value(): dlep/module/signal/data_item/name = IPv6_Attached_Subnet
08:28:07.655 DEBUG: ProtocolConfigImpl.cpp:378:log_node_path_and_value(): dlep/module/signal/data_item/occurs = 0+
08:28:07.655 DEBUG: ProtocolConfigImpl.cpp:378:log_node_path_and_value(): dlep/module/signal/data_item/name = Extensions_Supported
08:28:07.655 DEBUG: ProtocolConfigImpl.cpp:378:log_node_path_and_value(): dlep/module/signal/data_item/occurs = 0-1
08:28:07.655 DEBUG: ProtocolConfigImpl.cpp:583:insert_id_name_mapping(): message mapping: Session_Initialization <--> 1
08:28:07.655 DEBUG: ProtocolConfigImpl.cpp:378:log_node_path_and_value(): dlep/module/signal/name = Session_Update_Response
08:28:07.655 INFO: ProtocolConfigImpl.cpp:677:extract_module_signal(): ignoring unrecognized xml node comment
08:28:07.655 DEBUG: ProtocolConfigImpl.cpp:378:log_node_path_and_value(): dlep/module/signal/id = 4
08:28:07.655 DEBUG: ProtocolConfigImpl.cpp:378:log_node_path_and_value(): dlep/module/signal/message = true
08:28:07.655 DEBUG: ProtocolConfigImpl.cpp:378:log_node_path_and_value(): dlep/module/signal/sender = both
08:28:07.655 DEBUG: ProtocolConfigImpl.cpp:378:log_node_path_and_value(): dlep/module/signal/data_item/name = Status
08:28:07.655 DEBUG: ProtocolConfigImpl.cpp:378:log_node_path_and_value(): dlep/module/signal/data_item/occurs = 1
08:28:07.655 DEBUG: ProtocolConfigImpl.cpp:583:insert_id_name_mapping(): message mapping: Session_Update_Response <--> 4
08:28:07.656 DEBUG: ProtocolConfigImpl.cpp:378:log_node_path_and_value(): dlep/module/signal/name = Session_Update
08:28:07.656 INFO: ProtocolConfigImpl.cpp:677:extract_module_signal(): ignoring unrecognized xml node comment
08:28:07.656 DEBUG: ProtocolConfigImpl.cpp:378:log_node_path_and_value(): dlep/module/signal/id = 3
08:28:07.656 DEBUG: ProtocolConfigImpl.cpp:378:log_node_path_and_value(): dlep/module/signal/message = true
08:28:07.656 DEBUG: ProtocolConfigImpl.cpp:378:log_node_path_and_value(): dlep/module/signal/sender = both
08:28:07.656 DEBUG: ProtocolConfigImpl.cpp:378:log_node_path_and_value(): dlep/module/signal/response = Session_Update_Response
08:28:07.656 DEBUG: ProtocolConfigImpl.cpp:378:log_node_path_and_value(): dlep/module/signal/data_item/name = Maximum_Data_Rate_Receive
08:28:07.656 DEBUG: ProtocolConfigImpl.cpp:378:log_node_path_and_value(): dlep/module/signal/data_item/occurs = 0-1
08:28:07.656 DEBUG: ProtocolConfigImpl.cpp:378:log_node_path_and_value(): dlep/module/signal/data_item/name = Maximum_Data_Rate_Transmit
08:28:07.656 DEBUG: ProtocolConfigImpl.cpp:378:log_node_path_and_value(): dlep/module/signal/data_item/occurs = 0-1
08:28:07.656 DEBUG: ProtocolConfigImpl.cpp:378:log_node_path_and_value(): dlep/module/signal/data_item/name = Current_Data_Rate_Receive
08:28:07.656 DEBUG: ProtocolConfigImpl.cpp:378:log_node_path_and_value(): dlep/module/signal/data_item/occurs = 0-1
08:28:07.656 DEBUG: ProtocolConfigImpl.cpp:378:log_node_path_and_value(): dlep/module/signal/data_item/name = Current_Data_Rate_Transmit
08:28:07.656 DEBUG: ProtocolConfigImpl.cpp:378:log_node_path_and_value(): dlep/module/signal/data_item/occurs = 0-1
08:28:07.656 DEBUG: ProtocolConfigImpl.cpp:378:log_node_path_and_value(): dlep/module/signal/data_item/name = Latency
08:28:07.656 DEBUG: ProtocolConfigImpl.cpp:378:log_node_path_and_value(): dlep/module/signal/data_item/occurs = 0-1
08:28:07.656 DEBUG: ProtocolConfigImpl.cpp:378:log_node_path_and_value(): dlep/module/signal/data_item/name = Resources
08:28:07.656 DEBUG: ProtocolConfigImpl.cpp:378:log_node_path_and_value(): dlep/module/signal/data_item/occurs = 0-1
08:28:07.656 DEBUG: ProtocolConfigImpl.cpp:378:log_node_path_and_value(): dlep/module/signal/data_item/name = Relative_Link_Quality_Receive
08:28:07.656 DEBUG: ProtocolConfigImpl.cpp:378:log_node_path_and_value(): dlep/module/signal/data_item/occurs = 0-1
08:28:07.656 DEBUG: ProtocolConfigImpl.cpp:378:log_node_path_and_value(): dlep/module/signal/data_item/name = Relative_Link_Quality_Transmit
08:28:07.656 DEBUG: ProtocolConfigImpl.cpp:378:log_node_path_and_value(): dlep/module/signal/data_item/occurs = 0-1
08:28:07.656 DEBUG: ProtocolConfigImpl.cpp:378:log_node_path_and_value(): dlep/module/signal/data_item/name = Maximum_Transmission_Unit
08:28:07.656 DEBUG: ProtocolConfigImpl.cpp:378:log_node_path_and_value(): dlep/module/signal/data_item/occurs = 0-1
08:28:07.656 DEBUG: ProtocolConfigImpl.cpp:378:log_node_path_and_value(): dlep/module/signal/data_item/name = IPv4_Address
08:28:07.656 DEBUG: ProtocolConfigImpl.cpp:378:log_node_path_and_value(): dlep/module/signal/data_item/occurs = 0+
08:28:07.656 DEBUG: ProtocolConfigImpl.cpp:378:log_node_path_and_value(): dlep/module/signal/data_item/name = IPv4_Attached_Subnet
08:28:07.656 DEBUG: ProtocolConfigImpl.cpp:378:log_node_path_and_value(): dlep/module/signal/data_item/occurs = 0+
08:28:07.656 DEBUG: ProtocolConfigImpl.cpp:378:log_node_path_and_value(): dlep/module/signal/data_item/name = IPv6_Address
08:28:07.656 DEBUG: ProtocolConfigImpl.cpp:378:log_node_path_and_value(): dlep/module/signal/data_item/occurs = 0+
08:28:07.656 DEBUG: ProtocolConfigImpl.cpp:378:log_node_path_and_value(): dlep/module/signal/data_item/name = IPv6_Attached_Subnet
08:28:07.656 DEBUG: ProtocolConfigImpl.cpp:378:log_node_path_and_value(): dlep/module/signal/data_item/occurs = 0+
08:28:07.656 DEBUG: ProtocolConfigImpl.cpp:583:insert_id_name_mapping(): message mapping: Session_Update <--> 3
08:28:07.656 DEBUG: ProtocolConfigImpl.cpp:378:log_node_path_and_value(): dlep/module/signal/name = Session_Termination_Response
08:28:07.656 INFO: ProtocolConfigImpl.cpp:677:extract_module_signal(): ignoring unrecognized xml node comment
08:28:07.656 DEBUG: ProtocolConfigImpl.cpp:378:log_node_path_and_value(): dlep/module/signal/id = 6
08:28:07.656 DEBUG: ProtocolConfigImpl.cpp:378:log_node_path_and_value(): dlep/module/signal/message = true
08:28:07.656 DEBUG: ProtocolConfigImpl.cpp:378:log_node_path_and_value(): dlep/module/signal/sender = both
08:28:07.656 DEBUG: ProtocolConfigImpl.cpp:583:insert_id_name_mapping(): message mapping: Session_Termination_Response <--> 6
08:28:07.656 DEBUG: ProtocolConfigImpl.cpp:378:log_node_path_and_value(): dlep/module/signal/name = Session_Termination
08:28:07.656 INFO: ProtocolConfigImpl.cpp:677:extract_module_signal(): ignoring unrecognized xml node comment
08:28:07.656 DEBUG: ProtocolConfigImpl.cpp:378:log_node_path_and_value(): dlep/module/signal/id = 5
08:28:07.656 DEBUG: ProtocolConfigImpl.cpp:378:log_node_path_and_value(): dlep/module/signal/message = true
08:28:07.656 DEBUG: ProtocolConfigImpl.cpp:378:log_node_path_and_value(): dlep/module/signal/sender = both
08:28:07.656 DEBUG: ProtocolConfigImpl.cpp:378:log_node_path_and_value(): dlep/module/signal/response = Session_Termination_Response
08:28:07.656 DEBUG: ProtocolConfigImpl.cpp:378:log_node_path_and_value(): dlep/module/signal/data_item/name = Status
08:28:07.656 DEBUG: ProtocolConfigImpl.cpp:378:log_node_path_and_value(): dlep/module/signal/data_item/occurs = 1
08:28:07.656 DEBUG: ProtocolConfigImpl.cpp:583:insert_id_name_mapping(): message mapping: Session_Termination <--> 5
08:28:07.656 DEBUG: ProtocolConfigImpl.cpp:378:log_node_path_and_value(): dlep/module/signal/name = Destination_Up_Response
08:28:07.656 INFO: ProtocolConfigImpl.cpp:677:extract_module_signal(): ignoring unrecognized xml node comment
08:28:07.656 DEBUG: ProtocolConfigImpl.cpp:378:log_node_path_and_value(): dlep/module/signal/id = 8
08:28:07.656 DEBUG: ProtocolConfigImpl.cpp:378:log_node_path_and_value(): dlep/module/signal/message = true
08:28:07.656 DEBUG: ProtocolConfigImpl.cpp:378:log_node_path_and_value(): dlep/module/signal/sender = router
08:28:07.656 DEBUG: ProtocolConfigImpl.cpp:378:log_node_path_and_value(): dlep/module/signal/data_item/name = MAC_Address
08:28:07.656 DEBUG: ProtocolConfigImpl.cpp:378:log_node_path_and_value(): dlep/module/signal/data_item/occurs = 1
08:28:07.656 DEBUG: ProtocolConfigImpl.cpp:378:log_node_path_and_value(): dlep/module/signal/data_item/name = Status
08:28:07.657 DEBUG: ProtocolConfigImpl.cpp:378:log_node_path_and_value(): dlep/module/signal/data_item/occurs = 1
08:28:07.657 DEBUG: ProtocolConfigImpl.cpp:583:insert_id_name_mapping(): message mapping: Destination_Up_Response <--> 8
08:28:07.657 DEBUG: ProtocolConfigImpl.cpp:378:log_node_path_and_value(): dlep/module/signal/name = Destination_Up
08:28:07.657 DEBUG: ProtocolConfigImpl.cpp:378:log_node_path_and_value(): dlep/module/signal/id = 7
08:28:07.657 DEBUG: ProtocolConfigImpl.cpp:378:log_node_path_and_value(): dlep/module/signal/message = true
08:28:07.657 DEBUG: ProtocolConfigImpl.cpp:378:log_node_path_and_value(): dlep/module/signal/sender = modem
08:28:07.657 DEBUG: ProtocolConfigImpl.cpp:378:log_node_path_and_value(): dlep/module/signal/response = Destination_Up_Response
08:28:07.657 DEBUG: ProtocolConfigImpl.cpp:378:log_node_path_and_value(): dlep/module/signal/data_item/name = MAC_Address
08:28:07.657 DEBUG: ProtocolConfigImpl.cpp:378:log_node_path_and_value(): dlep/module/signal/data_item/occurs = 1
08:28:07.657 DEBUG: ProtocolConfigImpl.cpp:378:log_node_path_and_value(): dlep/module/signal/data_item/name = Maximum_Data_Rate_Receive
08:28:07.657 DEBUG: ProtocolConfigImpl.cpp:378:log_node_path_and_value(): dlep/module/signal/data_item/occurs = 0-1
08:28:07.657 DEBUG: ProtocolConfigImpl.cpp:378:log_node_path_and_value(): dlep/module/signal/data_item/name = Maximum_Data_Rate_Transmit
08:28:07.657 DEBUG: ProtocolConfigImpl.cpp:378:log_node_path_and_value(): dlep/module/signal/data_item/occurs = 0-1
08:28:07.657 DEBUG: ProtocolConfigImpl.cpp:378:log_node_path_and_value(): dlep/module/signal/data_item/name = Current_Data_Rate_Receive
08:28:07.657 DEBUG: ProtocolConfigImpl.cpp:378:log_node_path_and_value(): dlep/module/signal/data_item/occurs = 0-1
08:28:07.657 DEBUG: ProtocolConfigImpl.cpp:378:log_node_path_and_value(): dlep/module/signal/data_item/name = Current_Data_Rate_Transmit
08:28:07.657 DEBUG: ProtocolConfigImpl.cpp:378:log_node_path_and_value(): dlep/module/signal/data_item/occurs = 0-1
08:28:07.657 DEBUG: ProtocolConfigImpl.cpp:378:log_node_path_and_value(): dlep/module/signal/data_item/name = Latency
08:28:07.657 DEBUG: ProtocolConfigImpl.cpp:378:log_node_path_and_value(): dlep/module/signal/data_item/occurs = 0-1
08:28:07.657 DEBUG: ProtocolConfigImpl.cpp:378:log_node_path_and_value(): dlep/module/signal/data_item/name = Resources
08:28:07.657 DEBUG: ProtocolConfigImpl.cpp:378:log_node_path_and_value(): dlep/module/signal/data_item/occurs = 0-1
08:28:07.657 DEBUG: ProtocolConfigImpl.cpp:378:log_node_path_and_value(): dlep/module/signal/data_item/name = Relative_Link_Quality_Receive
08:28:07.657 DEBUG: ProtocolConfigImpl.cpp:378:log_node_path_and_value(): dlep/module/signal/data_item/occurs = 0-1
08:28:07.657 DEBUG: ProtocolConfigImpl.cpp:378:log_node_path_and_value(): dlep/module/signal/data_item/name = Relative_Link_Quality_Transmit
08:28:07.657 DEBUG: ProtocolConfigImpl.cpp:378:log_node_path_and_value(): dlep/module/signal/data_item/occurs = 0-1
08:28:07.657 DEBUG: ProtocolConfigImpl.cpp:378:log_node_path_and_value(): dlep/module/signal/data_item/name = Maximum_Transmission_Unit
08:28:07.657 DEBUG: ProtocolConfigImpl.cpp:378:log_node_path_and_value(): dlep/module/signal/data_item/occurs = 0-1
08:28:07.657 DEBUG: ProtocolConfigImpl.cpp:378:log_node_path_and_value(): dlep/module/signal/data_item/name = IPv4_Address
08:28:07.657 DEBUG: ProtocolConfigImpl.cpp:378:log_node_path_and_value(): dlep/module/signal/data_item/occurs = 0+
08:28:07.657 DEBUG: ProtocolConfigImpl.cpp:378:log_node_path_and_value(): dlep/module/signal/data_item/name = IPv6_Address
08:28:07.657 DEBUG: ProtocolConfigImpl.cpp:378:log_node_path_and_value(): dlep/module/signal/data_item/occurs = 0+
08:28:07.657 DEBUG: ProtocolConfigImpl.cpp:378:log_node_path_and_value(): dlep/module/signal/data_item/name = IPv4_Attached_Subnet
08:28:07.657 DEBUG: ProtocolConfigImpl.cpp:378:log_node_path_and_value(): dlep/module/signal/data_item/occurs = 0+
08:28:07.657 DEBUG: ProtocolConfigImpl.cpp:378:log_node_path_and_value(): dlep/module/signal/data_item/name = IPv6_Attached_Subnet
08:28:07.657 DEBUG: ProtocolConfigImpl.cpp:378:log_node_path_and_value(): dlep/module/signal/data_item/occurs = 0+
08:28:07.657 DEBUG: ProtocolConfigImpl.cpp:583:insert_id_name_mapping(): message mapping: Destination_Up <--> 7
08:28:07.657 DEBUG: ProtocolConfigImpl.cpp:378:log_node_path_and_value(): dlep/module/signal/name = Destination_Announce_Response
08:28:07.657 DEBUG: ProtocolConfigImpl.cpp:378:log_node_path_and_value(): dlep/module/signal/id = 10
08:28:07.657 DEBUG: ProtocolConfigImpl.cpp:378:log_node_path_and_value(): dlep/module/signal/message = true
08:28:07.657 DEBUG: ProtocolConfigImpl.cpp:378:log_node_path_and_value(): dlep/module/signal/sender = modem
08:28:07.657 DEBUG: ProtocolConfigImpl.cpp:378:log_node_path_and_value(): dlep/module/signal/data_item/name = MAC_Address
08:28:07.657 DEBUG: ProtocolConfigImpl.cpp:378:log_node_path_and_value(): dlep/module/signal/data_item/occurs = 1
08:28:07.657 DEBUG: ProtocolConfigImpl.cpp:378:log_node_path_and_value(): dlep/module/signal/data_item/name = Maximum_Data_Rate_Receive
08:28:07.657 DEBUG: ProtocolConfigImpl.cpp:378:log_node_path_and_value(): dlep/module/signal/data_item/occurs = 0-1
08:28:07.657 DEBUG: ProtocolConfigImpl.cpp:378:log_node_path_and_value(): dlep/module/signal/data_item/name = Maximum_Data_Rate_Transmit
08:28:07.657 DEBUG: ProtocolConfigImpl.cpp:378:log_node_path_and_value(): dlep/module/signal/data_item/occurs = 0-1
08:28:07.657 DEBUG: ProtocolConfigImpl.cpp:378:log_node_path_and_value(): dlep/module/signal/data_item/name = Current_Data_Rate_Receive
08:28:07.657 DEBUG: ProtocolConfigImpl.cpp:378:log_node_path_and_value(): dlep/module/signal/data_item/occurs = 0-1
08:28:07.657 DEBUG: ProtocolConfigImpl.cpp:378:log_node_path_and_value(): dlep/module/signal/data_item/name = Current_Data_Rate_Transmit
08:28:07.657 DEBUG: ProtocolConfigImpl.cpp:378:log_node_path_and_value(): dlep/module/signal/data_item/occurs = 0-1
08:28:07.657 DEBUG: ProtocolConfigImpl.cpp:378:log_node_path_and_value(): dlep/module/signal/data_item/name = Latency
08:28:07.657 DEBUG: ProtocolConfigImpl.cpp:378:log_node_path_and_value(): dlep/module/signal/data_item/occurs = 0-1
08:28:07.657 DEBUG: ProtocolConfigImpl.cpp:378:log_node_path_and_value(): dlep/module/signal/data_item/name = Resources
08:28:07.657 DEBUG: ProtocolConfigImpl.cpp:378:log_node_path_and_value(): dlep/module/signal/data_item/occurs = 0-1
08:28:07.657 DEBUG: ProtocolConfigImpl.cpp:378:log_node_path_and_value(): dlep/module/signal/data_item/name = Relative_Link_Quality_Receive
08:28:07.657 DEBUG: ProtocolConfigImpl.cpp:378:log_node_path_and_value(): dlep/module/signal/data_item/occurs = 0-1
08:28:07.657 DEBUG: ProtocolConfigImpl.cpp:378:log_node_path_and_value(): dlep/module/signal/data_item/name = Relative_Link_Quality_Transmit
08:28:07.658 DEBUG: ProtocolConfigImpl.cpp:378:log_node_path_and_value(): dlep/module/signal/data_item/occurs = 0-1
08:28:07.658 DEBUG: ProtocolConfigImpl.cpp:378:log_node_path_and_value(): dlep/module/signal/data_item/name = Maximum_Transmission_Unit
08:28:07.658 DEBUG: ProtocolConfigImpl.cpp:378:log_node_path_and_value(): dlep/module/signal/data_item/occurs = 0-1
08:28:07.658 DEBUG: ProtocolConfigImpl.cpp:378:log_node_path_and_value(): dlep/module/signal/data_item/name = IPv4_Address
08:28:07.658 DEBUG: ProtocolConfigImpl.cpp:378:log_node_path_and_value(): dlep/module/signal/data_item/occurs = 0+
08:28:07.658 DEBUG: ProtocolConfigImpl.cpp:378:log_node_path_and_value(): dlep/module/signal/data_item/name = IPv6_Address
08:28:07.658 DEBUG: ProtocolConfigImpl.cpp:378:log_node_path_and_value(): dlep/module/signal/data_item/occurs = 0+
08:28:07.658 DEBUG: ProtocolConfigImpl.cpp:378:log_node_path_and_value(): dlep/module/signal/data_item/name = IPv4_Attached_Subnet
08:28:07.658 DEBUG: ProtocolConfigImpl.cpp:378:log_node_path_and_value(): dlep/module/signal/data_item/occurs = 0+
08:28:07.658 DEBUG: ProtocolConfigImpl.cpp:378:log_node_path_and_value(): dlep/module/signal/data_item/name = IPv6_Attached_Subnet
08:28:07.658 DEBUG: ProtocolConfigImpl.cpp:378:log_node_path_and_value(): dlep/module/signal/data_item/occurs = 0+
08:28:07.658 DEBUG: ProtocolConfigImpl.cpp:378:log_node_path_and_value(): dlep/module/signal/data_item/name = Status
08:28:07.658 DEBUG: ProtocolConfigImpl.cpp:378:log_node_path_and_value(): dlep/module/signal/data_item/occurs = 1
08:28:07.658 DEBUG: ProtocolConfigImpl.cpp:583:insert_id_name_mapping(): message mapping: Destination_Announce_Response <--> 10
08:28:07.658 DEBUG: ProtocolConfigImpl.cpp:378:log_node_path_and_value(): dlep/module/signal/name = Destination_Announce
08:28:07.658 DEBUG: ProtocolConfigImpl.cpp:378:log_node_path_and_value(): dlep/module/signal/id = 9
08:28:07.658 DEBUG: ProtocolConfigImpl.cpp:378:log_node_path_and_value(): dlep/module/signal/message = true
08:28:07.658 DEBUG: ProtocolConfigImpl.cpp:378:log_node_path_and_value(): dlep/module/signal/sender = router
08:28:07.658 DEBUG: ProtocolConfigImpl.cpp:378:log_node_path_and_value(): dlep/module/signal/response = Destination_Announce_Response
08:28:07.658 DEBUG: ProtocolConfigImpl.cpp:378:log_node_path_and_value(): dlep/module/signal/data_item/name = MAC_Address
08:28:07.658 DEBUG: ProtocolConfigImpl.cpp:378:log_node_path_and_value(): dlep/module/signal/data_item/occurs = 1
08:28:07.658 DEBUG: ProtocolConfigImpl.cpp:378:log_node_path_and_value(): dlep/module/signal/data_item/name = IPv4_Address
08:28:07.658 DEBUG: ProtocolConfigImpl.cpp:378:log_node_path_and_value(): dlep/module/signal/data_item/occurs = 0+
08:28:07.658 DEBUG: ProtocolConfigImpl.cpp:378:log_node_path_and_value(): dlep/module/signal/data_item/name = IPv6_Address
08:28:07.658 DEBUG: ProtocolConfigImpl.cpp:378:log_node_path_and_value(): dlep/module/signal/data_item/occurs = 0+
08:28:07.658 DEBUG: ProtocolConfigImpl.cpp:583:insert_id_name_mapping(): message mapping: Destination_Announce <--> 9
08:28:07.658 DEBUG: ProtocolConfigImpl.cpp:378:log_node_path_and_value(): dlep/module/signal/name = Destination_Down_Response
08:28:07.658 INFO: ProtocolConfigImpl.cpp:677:extract_module_signal(): ignoring unrecognized xml node comment
08:28:07.658 DEBUG: ProtocolConfigImpl.cpp:378:log_node_path_and_value(): dlep/module/signal/id = 12
08:28:07.658 DEBUG: ProtocolConfigImpl.cpp:378:log_node_path_and_value(): dlep/module/signal/message = true
08:28:07.658 DEBUG: ProtocolConfigImpl.cpp:378:log_node_path_and_value(): dlep/module/signal/sender = both
08:28:07.658 DEBUG: ProtocolConfigImpl.cpp:378:log_node_path_and_value(): dlep/module/signal/data_item/name = MAC_Address
08:28:07.658 DEBUG: ProtocolConfigImpl.cpp:378:log_node_path_and_value(): dlep/module/signal/data_item/occurs = 1
08:28:07.658 DEBUG: ProtocolConfigImpl.cpp:378:log_node_path_and_value(): dlep/module/signal/data_item/name = Status
08:28:07.658 DEBUG: ProtocolConfigImpl.cpp:378:log_node_path_and_value(): dlep/module/signal/data_item/occurs = 1
08:28:07.658 DEBUG: ProtocolConfigImpl.cpp:583:insert_id_name_mapping(): message mapping: Destination_Down_Response <--> 12
08:28:07.658 DEBUG: ProtocolConfigImpl.cpp:378:log_node_path_and_value(): dlep/module/signal/name = Destination_Down
08:28:07.659 DEBUG: ProtocolConfigImpl.cpp:378:log_node_path_and_value(): dlep/module/signal/id = 11
08:28:07.659 DEBUG: ProtocolConfigImpl.cpp:378:log_node_path_and_value(): dlep/module/signal/message = true
08:28:07.659 DEBUG: ProtocolConfigImpl.cpp:378:log_node_path_and_value(): dlep/module/signal/sender = both
08:28:07.659 DEBUG: ProtocolConfigImpl.cpp:378:log_node_path_and_value(): dlep/module/signal/response = Destination_Down_Response
08:28:07.659 DEBUG: ProtocolConfigImpl.cpp:378:log_node_path_and_value(): dlep/module/signal/data_item/name = MAC_Address
08:28:07.659 DEBUG: ProtocolConfigImpl.cpp:378:log_node_path_and_value(): dlep/module/signal/data_item/occurs = 1
08:28:07.659 DEBUG: ProtocolConfigImpl.cpp:583:insert_id_name_mapping(): message mapping: Destination_Down <--> 11
08:28:07.659 DEBUG: ProtocolConfigImpl.cpp:378:log_node_path_and_value(): dlep/module/signal/name = Destination_Update
08:28:07.659 DEBUG: ProtocolConfigImpl.cpp:378:log_node_path_and_value(): dlep/module/signal/id = 13
08:28:07.659 DEBUG: ProtocolConfigImpl.cpp:378:log_node_path_and_value(): dlep/module/signal/message = true
08:28:07.659 DEBUG: ProtocolConfigImpl.cpp:378:log_node_path_and_value(): dlep/module/signal/sender = modem
08:28:07.659 DEBUG: ProtocolConfigImpl.cpp:378:log_node_path_and_value(): dlep/module/signal/data_item/name = MAC_Address
08:28:07.659 DEBUG: ProtocolConfigImpl.cpp:378:log_node_path_and_value(): dlep/module/signal/data_item/occurs = 1
08:28:07.659 DEBUG: ProtocolConfigImpl.cpp:378:log_node_path_and_value(): dlep/module/signal/data_item/name = Maximum_Data_Rate_Receive
08:28:07.659 DEBUG: ProtocolConfigImpl.cpp:378:log_node_path_and_value(): dlep/module/signal/data_item/occurs = 0-1
08:28:07.659 DEBUG: ProtocolConfigImpl.cpp:378:log_node_path_and_value(): dlep/module/signal/data_item/name = Maximum_Data_Rate_Transmit
08:28:07.659 DEBUG: ProtocolConfigImpl.cpp:378:log_node_path_and_value(): dlep/module/signal/data_item/occurs = 0-1
08:28:07.659 DEBUG: ProtocolConfigImpl.cpp:378:log_node_path_and_value(): dlep/module/signal/data_item/name = Current_Data_Rate_Receive
08:28:07.659 DEBUG: ProtocolConfigImpl.cpp:378:log_node_path_and_value(): dlep/module/signal/data_item/occurs = 0-1
08:28:07.659 DEBUG: ProtocolConfigImpl.cpp:378:log_node_path_and_value(): dlep/module/signal/data_item/name = Current_Data_Rate_Transmit
08:28:07.659 DEBUG: ProtocolConfigImpl.cpp:378:log_node_path_and_value(): dlep/module/signal/data_item/occurs = 0-1
08:28:07.659 DEBUG: ProtocolConfigImpl.cpp:378:log_node_path_and_value(): dlep/module/signal/data_item/name = Latency
08:28:07.659 DEBUG: ProtocolConfigImpl.cpp:378:log_node_path_and_value(): dlep/module/signal/data_item/occurs = 0-1
08:28:07.659 DEBUG: ProtocolConfigImpl.cpp:378:log_node_path_and_value(): dlep/module/signal/data_item/name = Resources
08:28:07.659 DEBUG: ProtocolConfigImpl.cpp:378:log_node_path_and_value(): dlep/module/signal/data_item/occurs = 0-1
08:28:07.659 DEBUG: ProtocolConfigImpl.cpp:378:log_node_path_and_value(): dlep/module/signal/data_item/name = Relative_Link_Quality_Receive
08:28:07.659 DEBUG: ProtocolConfigImpl.cpp:378:log_node_path_and_value(): dlep/module/signal/data_item/occurs = 0-1
08:28:07.659 DEBUG: ProtocolConfigImpl.cpp:378:log_node_path_and_value(): dlep/module/signal/data_item/name = Relative_Link_Quality_Transmit
08:28:07.659 DEBUG: ProtocolConfigImpl.cpp:378:log_node_path_and_value(): dlep/module/signal/data_item/occurs = 0-1
08:28:07.659 DEBUG: ProtocolConfigImpl.cpp:378:log_node_path_and_value(): dlep/module/signal/data_item/name = Maximum_Transmission_Unit
08:28:07.659 DEBUG: ProtocolConfigImpl.cpp:378:log_node_path_and_value(): dlep/module/signal/data_item/occurs = 0-1
08:28:07.659 DEBUG: ProtocolConfigImpl.cpp:378:log_node_path_and_value(): dlep/module/signal/data_item/name = IPv4_Address
08:28:07.659 DEBUG: ProtocolConfigImpl.cpp:378:log_node_path_and_value(): dlep/module/signal/data_item/occurs = 0+
08:28:07.659 DEBUG: ProtocolConfigImpl.cpp:378:log_node_path_and_value(): dlep/module/signal/data_item/name = IPv6_Address
08:28:07.659 DEBUG: ProtocolConfigImpl.cpp:378:log_node_path_and_value(): dlep/module/signal/data_item/occurs = 0+
08:28:07.659 DEBUG: ProtocolConfigImpl.cpp:378:log_node_path_and_value(): dlep/module/signal/data_item/name = IPv4_Attached_Subnet
08:28:07.659 DEBUG: ProtocolConfigImpl.cpp:378:log_node_path_and_value(): dlep/module/signal/data_item/occurs = 0+
08:28:07.659 DEBUG: ProtocolConfigImpl.cpp:378:log_node_path_and_value(): dlep/module/signal/data_item/name = IPv6_Attached_Subnet
08:28:07.659 DEBUG: ProtocolConfigImpl.cpp:378:log_node_path_and_value(): dlep/module/signal/data_item/occurs = 0+
08:28:07.659 DEBUG: ProtocolConfigImpl.cpp:583:insert_id_name_mapping(): message mapping: Destination_Update <--> 13
08:28:07.659 DEBUG: ProtocolConfigImpl.cpp:378:log_node_path_and_value(): dlep/module/signal/name = Link_Characteristics_Response
08:28:07.659 INFO: ProtocolConfigImpl.cpp:677:extract_module_signal(): ignoring unrecognized xml node comment
08:28:07.659 DEBUG: ProtocolConfigImpl.cpp:378:log_node_path_and_value(): dlep/module/signal/id = 15
08:28:07.659 DEBUG: ProtocolConfigImpl.cpp:378:log_node_path_and_value(): dlep/module/signal/message = true
08:28:07.659 DEBUG: ProtocolConfigImpl.cpp:378:log_node_path_and_value(): dlep/module/signal/sender = modem
08:28:07.659 DEBUG: ProtocolConfigImpl.cpp:378:log_node_path_and_value(): dlep/module/signal/data_item/name = MAC_Address
08:28:07.659 DEBUG: ProtocolConfigImpl.cpp:378:log_node_path_and_value(): dlep/module/signal/data_item/occurs = 1
08:28:07.659 DEBUG: ProtocolConfigImpl.cpp:378:log_node_path_and_value(): dlep/module/signal/data_item/name = Maximum_Data_Rate_Receive
08:28:07.659 DEBUG: ProtocolConfigImpl.cpp:378:log_node_path_and_value(): dlep/module/signal/data_item/occurs = 0-1
08:28:07.659 DEBUG: ProtocolConfigImpl.cpp:378:log_node_path_and_value(): dlep/module/signal/data_item/name = Maximum_Data_Rate_Transmit
08:28:07.659 DEBUG: ProtocolConfigImpl.cpp:378:log_node_path_and_value(): dlep/module/signal/data_item/occurs = 0-1
08:28:07.659 DEBUG: ProtocolConfigImpl.cpp:378:log_node_path_and_value(): dlep/module/signal/data_item/name = Current_Data_Rate_Receive
08:28:07.659 DEBUG: ProtocolConfigImpl.cpp:378:log_node_path_and_value(): dlep/module/signal/data_item/occurs = 0-1
08:28:07.659 DEBUG: ProtocolConfigImpl.cpp:378:log_node_path_and_value(): dlep/module/signal/data_item/name = Current_Data_Rate_Transmit
08:28:07.659 DEBUG: ProtocolConfigImpl.cpp:378:log_node_path_and_value(): dlep/module/signal/data_item/occurs = 0-1
08:28:07.659 DEBUG: ProtocolConfigImpl.cpp:378:log_node_path_and_value(): dlep/module/signal/data_item/name = Latency
08:28:07.660 DEBUG: ProtocolConfigImpl.cpp:378:log_node_path_and_value(): dlep/module/signal/data_item/occurs = 0-1
08:28:07.660 DEBUG: ProtocolConfigImpl.cpp:378:log_node_path_and_value(): dlep/module/signal/data_item/name = Resources
08:28:07.660 DEBUG: ProtocolConfigImpl.cpp:378:log_node_path_and_value(): dlep/module/signal/data_item/occurs = 0-1
08:28:07.660 DEBUG: ProtocolConfigImpl.cpp:378:log_node_path_and_value(): dlep/module/signal/data_item/name = Relative_Link_Quality_Receive
08:28:07.660 DEBUG: ProtocolConfigImpl.cpp:378:log_node_path_and_value(): dlep/module/signal/data_item/occurs = 0-1
08:28:07.660 DEBUG: ProtocolConfigImpl.cpp:378:log_node_path_and_value(): dlep/module/signal/data_item/name = Relative_Link_Quality_Transmit
08:28:07.660 DEBUG: ProtocolConfigImpl.cpp:378:log_node_path_and_value(): dlep/module/signal/data_item/occurs = 0-1
08:28:07.660 DEBUG: ProtocolConfigImpl.cpp:378:log_node_path_and_value(): dlep/module/signal/data_item/name = Maximum_Transmission_Unit
08:28:07.660 DEBUG: ProtocolConfigImpl.cpp:378:log_node_path_and_value(): dlep/module/signal/data_item/occurs = 0-1
08:28:07.660 DEBUG: ProtocolConfigImpl.cpp:378:log_node_path_and_value(): dlep/module/signal/data_item/name = Status
08:28:07.660 DEBUG: ProtocolConfigImpl.cpp:378:log_node_path_and_value(): dlep/module/signal/data_item/occurs = 1
08:28:07.660 DEBUG: ProtocolConfigImpl.cpp:583:insert_id_name_mapping(): message mapping: Link_Characteristics_Response <--> 15
08:28:07.660 DEBUG: ProtocolConfigImpl.cpp:378:log_node_path_and_value(): dlep/module/signal/name = Link_Characteristics_Request
08:28:07.660 DEBUG: ProtocolConfigImpl.cpp:378:log_node_path_and_value(): dlep/module/signal/id = 14
08:28:07.660 DEBUG: ProtocolConfigImpl.cpp:378:log_node_path_and_value(): dlep/module/signal/message = true
08:28:07.660 DEBUG: ProtocolConfigImpl.cpp:378:log_node_path_and_value(): dlep/module/signal/sender = router
08:28:07.660 DEBUG: ProtocolConfigImpl.cpp:378:log_node_path_and_value(): dlep/module/signal/response = Link_Characteristics_Response
08:28:07.660 DEBUG: ProtocolConfigImpl.cpp:378:log_node_path_and_value(): dlep/module/signal/data_item/name = MAC_Address
08:28:07.660 DEBUG: ProtocolConfigImpl.cpp:378:log_node_path_and_value(): dlep/module/signal/data_item/occurs = 1
08:28:07.660 DEBUG: ProtocolConfigImpl.cpp:378:log_node_path_and_value(): dlep/module/signal/data_item/name = Current_Data_Rate_Receive
08:28:07.660 DEBUG: ProtocolConfigImpl.cpp:378:log_node_path_and_value(): dlep/module/signal/data_item/occurs = 0-1
08:28:07.660 DEBUG: ProtocolConfigImpl.cpp:378:log_node_path_and_value(): dlep/module/signal/data_item/name = Current_Data_Rate_Transmit
08:28:07.660 DEBUG: ProtocolConfigImpl.cpp:378:log_node_path_and_value(): dlep/module/signal/data_item/occurs = 0-1
08:28:07.660 DEBUG: ProtocolConfigImpl.cpp:378:log_node_path_and_value(): dlep/module/signal/data_item/name = Latency
08:28:07.660 DEBUG: ProtocolConfigImpl.cpp:378:log_node_path_and_value(): dlep/module/signal/data_item/occurs = 0-1
08:28:07.660 DEBUG: ProtocolConfigImpl.cpp:583:insert_id_name_mapping(): message mapping: Link_Characteristics_Request <--> 14
08:28:07.660 DEBUG: ProtocolConfigImpl.cpp:378:log_node_path_and_value(): dlep/module/signal/name = Heartbeat
08:28:07.660 DEBUG: ProtocolConfigImpl.cpp:378:log_node_path_and_value(): dlep/module/signal/id = 16
08:28:07.660 DEBUG: ProtocolConfigImpl.cpp:378:log_node_path_and_value(): dlep/module/signal/message = true
08:28:07.660 DEBUG: ProtocolConfigImpl.cpp:378:log_node_path_and_value(): dlep/module/signal/sender = both
08:28:07.660 DEBUG: ProtocolConfigImpl.cpp:583:insert_id_name_mapping(): message mapping: Heartbeat <--> 16
08:28:07.660 INFO: ProtocolConfigImpl.cpp:546:extract_module(): ignoring unrecognized xml node comment
08:28:07.660 DEBUG: ProtocolConfigImpl.cpp:378:log_node_path_and_value(): dlep/module/status_code/name = Success
08:28:07.660 DEBUG: ProtocolConfigImpl.cpp:378:log_node_path_and_value(): dlep/module/status_code/id = 0
08:28:07.660 DEBUG: ProtocolConfigImpl.cpp:583:insert_id_name_mapping(): status_code mapping: Success <--> 0
08:28:07.660 DEBUG: ProtocolConfigImpl.cpp:378:log_node_path_and_value(): dlep/module/status_code/failure_mode = continue
08:28:07.660 DEBUG: ProtocolConfigImpl.cpp:378:log_node_path_and_value(): dlep/module/status_code/name = Not_Interested
08:28:07.660 DEBUG: ProtocolConfigImpl.cpp:378:log_node_path_and_value(): dlep/module/status_code/id = 1
08:28:07.660 DEBUG: ProtocolConfigImpl.cpp:583:insert_id_name_mapping(): status_code mapping: Not_Interested <--> 1
08:28:07.660 DEBUG: ProtocolConfigImpl.cpp:378:log_node_path_and_value(): dlep/module/status_code/failure_mode = continue
08:28:07.660 DEBUG: ProtocolConfigImpl.cpp:378:log_node_path_and_value(): dlep/module/status_code/name = Request_Denied
08:28:07.660 DEBUG: ProtocolConfigImpl.cpp:378:log_node_path_and_value(): dlep/module/status_code/id = 2
08:28:07.660 DEBUG: ProtocolConfigImpl.cpp:583:insert_id_name_mapping(): status_code mapping: Request_Denied <--> 2
08:28:07.660 DEBUG: ProtocolConfigImpl.cpp:378:log_node_path_and_value(): dlep/module/status_code/failure_mode = continue
08:28:07.660 DEBUG: ProtocolConfigImpl.cpp:378:log_node_path_and_value(): dlep/module/status_code/name = Inconsistent_Data
08:28:07.660 DEBUG: ProtocolConfigImpl.cpp:378:log_node_path_and_value(): dlep/module/status_code/id = 3
08:28:07.660 DEBUG: ProtocolConfigImpl.cpp:583:insert_id_name_mapping(): status_code mapping: Inconsistent_Data <--> 3
08:28:07.660 DEBUG: ProtocolConfigImpl.cpp:378:log_node_path_and_value(): dlep/module/status_code/failure_mode = continue
08:28:07.660 DEBUG: ProtocolConfigImpl.cpp:378:log_node_path_and_value(): dlep/module/status_code/name = Unknown_Message
08:28:07.660 DEBUG: ProtocolConfigImpl.cpp:378:log_node_path_and_value(): dlep/module/status_code/id = 128
08:28:07.660 DEBUG: ProtocolConfigImpl.cpp:583:insert_id_name_mapping(): status_code mapping: Unknown_Message <--> 128
08:28:07.660 DEBUG: ProtocolConfigImpl.cpp:378:log_node_path_and_value(): dlep/module/status_code/failure_mode = terminate
08:28:07.660 DEBUG: ProtocolConfigImpl.cpp:378:log_node_path_and_value(): dlep/module/status_code/name = Unexpected_Message
08:28:07.660 DEBUG: ProtocolConfigImpl.cpp:378:log_node_path_and_value(): dlep/module/status_code/id = 129
08:28:07.660 DEBUG: ProtocolConfigImpl.cpp:583:insert_id_name_mapping(): status_code mapping: Unexpected_Message <--> 129
08:28:07.661 DEBUG: ProtocolConfigImpl.cpp:378:log_node_path_and_value(): dlep/module/status_code/failure_mode = terminate
08:28:07.661 DEBUG: ProtocolConfigImpl.cpp:378:log_node_path_and_value(): dlep/module/status_code/name = Invalid_Data
08:28:07.661 DEBUG: ProtocolConfigImpl.cpp:378:log_node_path_and_value(): dlep/module/status_code/id = 130
08:28:07.661 DEBUG: ProtocolConfigImpl.cpp:583:insert_id_name_mapping(): status_code mapping: Invalid_Data <--> 130
08:28:07.661 DEBUG: ProtocolConfigImpl.cpp:378:log_node_path_and_value(): dlep/module/status_code/failure_mode = terminate
08:28:07.661 DEBUG: ProtocolConfigImpl.cpp:378:log_node_path_and_value(): dlep/module/status_code/name = Invalid_Destination
08:28:07.661 DEBUG: ProtocolConfigImpl.cpp:378:log_node_path_and_value(): dlep/module/status_code/id = 131
08:28:07.661 DEBUG: ProtocolConfigImpl.cpp:583:insert_id_name_mapping(): status_code mapping: Invalid_Destination <--> 131
08:28:07.661 DEBUG: ProtocolConfigImpl.cpp:378:log_node_path_and_value(): dlep/module/status_code/failure_mode = terminate
08:28:07.661 DEBUG: ProtocolConfigImpl.cpp:378:log_node_path_and_value(): dlep/module/status_code/name = Timed_Out
08:28:07.661 DEBUG: ProtocolConfigImpl.cpp:378:log_node_path_and_value(): dlep/module/status_code/id = 132
08:28:07.661 DEBUG: ProtocolConfigImpl.cpp:583:insert_id_name_mapping(): status_code mapping: Timed_Out <--> 132
08:28:07.661 DEBUG: ProtocolConfigImpl.cpp:378:log_node_path_and_value(): dlep/module/status_code/failure_mode = terminate
08:28:07.661 DEBUG: ProtocolConfigImpl.cpp:378:log_node_path_and_value(): dlep/module/status_code/name = Shutting_Down
08:28:07.661 DEBUG: ProtocolConfigImpl.cpp:378:log_node_path_and_value(): dlep/module/status_code/id = 255
08:28:07.661 DEBUG: ProtocolConfigImpl.cpp:583:insert_id_name_mapping(): status_code mapping: Shutting_Down <--> 255
08:28:07.661 DEBUG: ProtocolConfigImpl.cpp:378:log_node_path_and_value(): dlep/module/status_code/failure_mode = terminate
08:28:07.661 INFO: ProtocolConfigImpl.cpp:353:extract_protocol_config(): ignoring unrecognized xml node comment
08:28:07.661 INFO: ProtocolConfigImpl.cpp:353:extract_protocol_config(): ignoring unrecognized xml node include
08:28:07.661 INFO: ProtocolConfigImpl.cpp:353:extract_protocol_config(): ignoring unrecognized xml node comment
08:28:07.661 DEBUG: ProtocolConfigImpl.cpp:378:log_node_path_and_value(): dlep/module/name = Credit Windowing
08:28:07.661 DEBUG: ProtocolConfigImpl.cpp:378:log_node_path_and_value(): dlep/module/draft = 3
08:28:07.661 DEBUG: ProtocolConfigImpl.cpp:378:log_node_path_and_value(): dlep/module/extension_id = 1
08:28:07.661 INFO: ProtocolConfigImpl.cpp:546:extract_module(): ignoring unrecognized xml node comment
08:28:07.661 DEBUG: ProtocolConfigImpl.cpp:378:log_node_path_and_value(): dlep/module/data_item/name = Credit_Grant
08:28:07.661 DEBUG: ProtocolConfigImpl.cpp:378:log_node_path_and_value(): dlep/module/data_item/type = u64
08:28:07.661 DEBUG: ProtocolConfigImpl.cpp:378:log_node_path_and_value(): dlep/module/data_item/id = 50
08:28:07.661 DEBUG: ProtocolConfigImpl.cpp:583:insert_id_name_mapping(): data_item mapping: Credit_Grant <--> 50
08:28:07.661 DEBUG: ProtocolConfigImpl.cpp:378:log_node_path_and_value(): dlep/module/data_item/metric = false
08:28:07.661 DEBUG: ProtocolConfigImpl.cpp:378:log_node_path_and_value(): dlep/module/data_item/units = octets
08:28:07.661 DEBUG: ProtocolConfigImpl.cpp:378:log_node_path_and_value(): dlep/module/data_item/name = Credit_Window_Status
08:28:07.661 DEBUG: ProtocolConfigImpl.cpp:378:log_node_path_and_value(): dlep/module/data_item/type = a2_u64
08:28:07.661 DEBUG: ProtocolConfigImpl.cpp:378:log_node_path_and_value(): dlep/module/data_item/id = 51
08:28:07.661 DEBUG: ProtocolConfigImpl.cpp:583:insert_id_name_mapping(): data_item mapping: Credit_Window_Status <--> 51
08:28:07.661 DEBUG: ProtocolConfigImpl.cpp:378:log_node_path_and_value(): dlep/module/data_item/metric = false
08:28:07.661 DEBUG: ProtocolConfigImpl.cpp:378:log_node_path_and_value(): dlep/module/data_item/units = octets
08:28:07.661 DEBUG: ProtocolConfigImpl.cpp:378:log_node_path_and_value(): dlep/module/data_item/name = Credit_Request
08:28:07.661 DEBUG: ProtocolConfigImpl.cpp:378:log_node_path_and_value(): dlep/module/data_item/type = blank
08:28:07.661 DEBUG: ProtocolConfigImpl.cpp:378:log_node_path_and_value(): dlep/module/data_item/id = 52
08:28:07.661 DEBUG: ProtocolConfigImpl.cpp:583:insert_id_name_mapping(): data_item mapping: Credit_Request <--> 52
08:28:07.661 DEBUG: ProtocolConfigImpl.cpp:378:log_node_path_and_value(): dlep/module/data_item/metric = false
08:28:07.661 INFO: ProtocolConfigImpl.cpp:546:extract_module(): ignoring unrecognized xml node comment
08:28:07.661 DEBUG: ProtocolConfigImpl.cpp:378:log_node_path_and_value(): dlep/module/signal/name = Destination_Up
08:28:07.661 DEBUG: ProtocolConfigImpl.cpp:378:log_node_path_and_value(): dlep/module/signal/data_item/name = Credit_Grant
08:28:07.661 DEBUG: ProtocolConfigImpl.cpp:378:log_node_path_and_value(): dlep/module/signal/data_item/occurs = 0-1
08:28:07.661 INFO: ProtocolConfigImpl.cpp:812:extract_module_signal(): module Credit Windowing added 1 data items to signal Destination_Up
08:28:07.661 DEBUG: ProtocolConfigImpl.cpp:378:log_node_path_and_value(): dlep/module/signal/name = Destination_Up_Response
08:28:07.661 DEBUG: ProtocolConfigImpl.cpp:378:log_node_path_and_value(): dlep/module/signal/data_item/name = Credit_Grant
08:28:07.661 DEBUG: ProtocolConfigImpl.cpp:378:log_node_path_and_value(): dlep/module/signal/data_item/occurs = 0-1
08:28:07.661 INFO: ProtocolConfigImpl.cpp:812:extract_module_signal(): module Credit Windowing added 1 data items to signal Destination_Up_Response
08:28:07.661 DEBUG: ProtocolConfigImpl.cpp:378:log_node_path_and_value(): dlep/module/signal/name = Destination_Announce
08:28:07.661 DEBUG: ProtocolConfigImpl.cpp:378:log_node_path_and_value(): dlep/module/signal/data_item/name = Credit_Grant
08:28:07.661 DEBUG: ProtocolConfigImpl.cpp:378:log_node_path_and_value(): dlep/module/signal/data_item/occurs = 0-1
08:28:07.661 INFO: ProtocolConfigImpl.cpp:812:extract_module_signal(): module Credit Windowing added 1 data items to signal Destination_Announce
08:28:07.662 DEBUG: ProtocolConfigImpl.cpp:378:log_node_path_and_value(): dlep/module/signal/name = Destination_Announce_Response
08:28:07.662 DEBUG: ProtocolConfigImpl.cpp:378:log_node_path_and_value(): dlep/module/signal/data_item/name = Credit_Grant
08:28:07.662 DEBUG: ProtocolConfigImpl.cpp:378:log_node_path_and_value(): dlep/module/signal/data_item/occurs = 0-1
08:28:07.662 INFO: ProtocolConfigImpl.cpp:812:extract_module_signal(): module Credit Windowing added 1 data items to signal Destination_Announce_Response
08:28:07.662 DEBUG: ProtocolConfigImpl.cpp:378:log_node_path_and_value(): dlep/module/signal/name = Destination_Update
08:28:07.662 DEBUG: ProtocolConfigImpl.cpp:378:log_node_path_and_value(): dlep/module/signal/data_item/name = Credit_Grant
08:28:07.662 DEBUG: ProtocolConfigImpl.cpp:378:log_node_path_and_value(): dlep/module/signal/data_item/occurs = 0-1
08:28:07.662 DEBUG: ProtocolConfigImpl.cpp:378:log_node_path_and_value(): dlep/module/signal/data_item/name = Credit_Window_Status
08:28:07.662 DEBUG: ProtocolConfigImpl.cpp:378:log_node_path_and_value(): dlep/module/signal/data_item/occurs = 0-1
08:28:07.662 DEBUG: ProtocolConfigImpl.cpp:378:log_node_path_and_value(): dlep/module/signal/data_item/name = Credit_Request
08:28:07.662 DEBUG: ProtocolConfigImpl.cpp:378:log_node_path_and_value(): dlep/module/signal/data_item/occurs = 0-1
08:28:07.662 INFO: ProtocolConfigImpl.cpp:812:extract_module_signal(): module Credit Windowing added 3 data items to signal Destination_Update
08:28:07.662 DEBUG: ProtocolConfigImpl.cpp:378:log_node_path_and_value(): dlep/module/signal/name = Link_Characteristics_Request
08:28:07.662 DEBUG: ProtocolConfigImpl.cpp:378:log_node_path_and_value(): dlep/module/signal/sender = both
08:28:07.662 DEBUG: ProtocolConfigImpl.cpp:378:log_node_path_and_value(): dlep/module/signal/data_item/name = Credit_Request
08:28:07.662 DEBUG: ProtocolConfigImpl.cpp:378:log_node_path_and_value(): dlep/module/signal/data_item/occurs = 0-1
08:28:07.662 INFO: ProtocolConfigImpl.cpp:795:extract_module_signal(): module Credit Windowing changed signal Link_Characteristics_Request flags from 5 to 7
08:28:07.662 INFO: ProtocolConfigImpl.cpp:812:extract_module_signal(): module Credit Windowing added 1 data items to signal Link_Characteristics_Request
08:28:07.662 DEBUG: ProtocolConfigImpl.cpp:378:log_node_path_and_value(): dlep/module/signal/name = Link_Characteristics_Response
08:28:07.662 DEBUG: ProtocolConfigImpl.cpp:378:log_node_path_and_value(): dlep/module/signal/sender = both
08:28:07.662 INFO: ProtocolConfigImpl.cpp:795:extract_module_signal(): module Credit Windowing changed signal Link_Characteristics_Response flags from 3 to 7
08:28:07.662 INFO: ProtocolConfigImpl.cpp:546:extract_module(): ignoring unrecognized xml node comment
08:28:07.662 DEBUG: ProtocolConfigImpl.cpp:378:log_node_path_and_value(): dlep/module/status_code/name = Credit_Window_Out_Of_Sync
08:28:07.662 DEBUG: ProtocolConfigImpl.cpp:378:log_node_path_and_value(): dlep/module/status_code/id = 150
08:28:07.662 DEBUG: ProtocolConfigImpl.cpp:583:insert_id_name_mapping(): status_code mapping: Credit_Window_Out_Of_Sync <--> 150
08:28:07.662 DEBUG: ProtocolConfigImpl.cpp:378:log_node_path_and_value(): dlep/module/status_code/failure_mode = continue
08:28:07.662 DEBUG: ProtocolConfigImpl.cpp:378:log_node_path_and_value(): dlep/module/status_code/name = Credit_Use_Rejected
08:28:07.662 DEBUG: ProtocolConfigImpl.cpp:378:log_node_path_and_value(): dlep/module/status_code/id = 30
08:28:07.662 DEBUG: ProtocolConfigImpl.cpp:583:insert_id_name_mapping(): status_code mapping: Credit_Use_Rejected <--> 30
08:28:07.662 DEBUG: ProtocolConfigImpl.cpp:378:log_node_path_and_value(): dlep/module/status_code/failure_mode = continue
08:28:07.662 INFO: ProtocolConfigImpl.cpp:353:extract_protocol_config(): ignoring unrecognized xml node include
08:28:07.662 DEBUG: ProtocolConfigImpl.cpp:258:load_protocol_config(): cleaning up
08:28:07.663 DEBUG: Dlep.cpp:111:initialize(): add peer default data item id=12(Maximum_Data_Rate_Receive) value=0
08:28:07.663 DEBUG: Dlep.cpp:111:initialize(): add peer default data item id=13(Maximum_Data_Rate_Transmit) value=0
08:28:07.663 DEBUG: Dlep.cpp:111:initialize(): add peer default data item id=14(Current_Data_Rate_Receive) value=0
08:28:07.663 DEBUG: Dlep.cpp:111:initialize(): add peer default data item id=15(Current_Data_Rate_Transmit) value=0
08:28:07.663 DEBUG: Dlep.cpp:111:initialize(): add peer default data item id=16(Latency) value=0
08:28:07.663 DEBUG: Dlep.cpp:111:initialize(): add peer default data item id=17(Resources) value=0
08:28:07.663 DEBUG: Dlep.cpp:111:initialize(): add peer default data item id=18(Relative_Link_Quality_Receive) value=0
08:28:07.663 DEBUG: Dlep.cpp:111:initialize(): add peer default data item id=19(Relative_Link_Quality_Transmit) value=0
08:28:07.663 DEBUG: Dlep.cpp:111:initialize(): add peer default data item id=20(Maximum_Transmission_Unit) value=0
08:28:07.663 DEBUG: NetUtils.cpp:145:get_ip_addr_from_iface(): for interface=lo, address family=2, address found=127.0.0.1
08:28:07.663 INFO: PeriodicMcastSendRcv.cpp:98:start(): interface=lo address=127.0.0.1
08:28:07.664 INFO: PeriodicMcastSendRcv.cpp:305:setup_receive(): receive endpoint=225.0.0.45:30002
08:28:07.664 INFO: PeriodicMcastSendRcv.cpp:320:setup_receive(): Joining Multicast Group: 225.0.0.45:30002
08:28:07.664 INFO: PeriodicMcastSendRcv.cpp:345:setup_receive(): Finished Setting Socket Options - Initiating receive
08:28:07.664 DEBUG: NetUtils.cpp:145:get_ip_addr_from_iface(): for interface=eth0, address family=2, address found=10.99.0.8
08:28:07.664 INFO: PeriodicMcastSendRcv.cpp:98:start(): interface=eth0 address=10.99.0.8
08:28:07.664 INFO: PeriodicMcastSendRcv.cpp:305:setup_receive(): receive endpoint=225.6.7.8:33445
08:28:07.664 INFO: PeriodicMcastSendRcv.cpp:320:setup_receive(): Joining Multicast Group: 225.6.7.8:33445
08:28:07.664 INFO: PeriodicMcastSendRcv.cpp:345:setup_receive(): Finished Setting Socket Options - Initiating receive
08:28:07.664 INFO: PeriodicMcastSendRcv.cpp:173:setup_send(): send endpoint=225.6.7.8:33445
08:28:07.664 DEBUG: PeriodicMcastSendRcv.cpp:180:setup_send(): Done assigning multicast address and port
08:28:07.664 DEBUG: PeriodicMcastSendRcv.cpp:208:setup_send(): Done setting socket enable loopback and socket reuse option, bind to 0.0.0.0:0 local endpoint 0.0.0.0:41569
08:28:07.664 DEBUG: PeriodicMcastSendRcv.cpp:211:setup_send(): Setting outbound interface to: 10.99.0.8
08:28:07.664 INFO: DestAdvert.cpp:78:get_message_to_send(): report interval=5 uptime=0 seqnum=1 rfid=00:08 dests:
08:28:07.664 DEBUG: PeriodicMcastSendRcv.cpp:280:start_send(): sending packet with size=10 to 225.6.7.8:33445
08:28:07.665 INFO: PeriodicMcastSendRcv.cpp:386:handle_receive(): Received Message from self 10.99.0.8:41569 size=10 drop
08:28:08.045 INFO: PeriodicMcastSendRcv.cpp:392:handle_receive(): Received Message from 10.99.0.1:54695 size=10
08:28:08.045 INFO: DestAdvert.cpp:101:handle_message(): received message length=10 from=10.99.0.1:54695
08:28:08.045 INFO: DestAdvert.cpp:122:handle_message(): message content: report interval=5 uptime=20 seqnum=5 rfid=00:01 dests:
08:28:08.045 INFO: DestAdvert.cpp:133:handle_message(): new destination advertisement entry!
08:28:09.807 INFO: PeriodicMcastSendRcv.cpp:392:handle_receive(): Received Message from 10.99.0.7:53760 size=10
08:28:09.807 INFO: DestAdvert.cpp:101:handle_message(): received message length=10 from=10.99.0.7:53760
08:28:09.807 INFO: DestAdvert.cpp:122:handle_message(): message content: report interval=5 uptime=5 seqnum=2 rfid=00:07 dests:
08:28:09.807 INFO: DestAdvert.cpp:133:handle_message(): new destination advertisement entry!
08:28:09.824 INFO: PeriodicMcastSendRcv.cpp:392:handle_receive(): Received Message from 10.99.0.7:39233 size=10
08:28:09.824 INFO: DestAdvert.cpp:101:handle_message(): received message length=10 from=10.99.0.7:39233
08:28:09.824 INFO: DestAdvert.cpp:122:handle_message(): message content: report interval=5 uptime=0 seqnum=1 rfid=00:07 dests:
08:28:09.824 INFO: DestAdvert.cpp:151:handle_message(): existing destination advertisement entry was  age=0 state=0 placeholder=0 report interval=5 uptime=5 seqnum=2 rfid=00:07 dests:
08:28:10.664 INFO: PeriodicMcastSendRcv.cpp:392:handle_receive(): Received Message from 10.99.0.2:40107 size=10
08:28:10.664 INFO: DestAdvert.cpp:101:handle_message(): received message length=10 from=10.99.0.2:40107
08:28:10.664 INFO: DestAdvert.cpp:122:handle_message(): message content: report interval=5 uptime=20 seqnum=5 rfid=00:02 dests:
08:28:10.665 INFO: DestAdvert.cpp:133:handle_message(): new destination advertisement entry!
08:28:10.976 INFO: PeriodicMcastSendRcv.cpp:392:handle_receive(): Received Message from 10.99.0.9:43722 size=10
08:28:10.976 INFO: DestAdvert.cpp:101:handle_message(): received message length=10 from=10.99.0.9:43722
08:28:10.976 INFO: DestAdvert.cpp:122:handle_message(): message content: report interval=5 uptime=0 seqnum=1 rfid=00:09 dests:
08:28:10.976 INFO: DestAdvert.cpp:133:handle_message(): new destination advertisement entry!
08:28:12.666 INFO: DestAdvert.cpp:78:get_message_to_send(): report interval=5 uptime=5 seqnum=2 rfid=00:08 dests:
08:28:12.666 DEBUG: PeriodicMcastSendRcv.cpp:280:start_send(): sending packet with size=10 to 225.6.7.8:33445
08:28:12.666 INFO: PeriodicMcastSendRcv.cpp:386:handle_receive(): Received Message from self 10.99.0.8:41569 size=10 drop
08:28:12.684 INFO: PeriodicMcastSendRcv.cpp:392:handle_receive(): Received Message from 10.99.0.8:57277 size=10
08:28:12.684 INFO: DestAdvert.cpp:101:handle_message(): received message length=10 from=10.99.0.8:57277
08:28:12.684 INFO: DestAdvert.cpp:122:handle_message(): message content: report interval=5 uptime=0 seqnum=1 rfid=00:08 dests:
08:28:12.684 INFO: DestAdvert.cpp:133:handle_message(): new destination advertisement entry!
