registered debug token ucd-snmp/pass, 1
Turning on AgentX master support.
Created directory: /var/agentx
NET-SNMP version 5.7.3
ucd-snmp/pass: pass-running:  /bin/bash       /home/user/emane-install/SNMP-gen/net-snmp-5.7.3/local/passtest1.sh -n .1.3.6.1.4.1.16215.1.24.1.4
ucd-snmp/pass: pass-running:  /bin/bash       /home/user/emane-install/SNMP-gen/net-snmp-5.7.3/local/passtest1.sh -n .1.3.6.1.4.1.16215.1.24.1.4.1.8
ucd-snmp/pass: pass-running:  /bin/bash       /home/user/emane-install/SNMP-gen/net-snmp-5.7.3/local/passtest1.sh -n .1.3.6.1.4.1.16215.1.24.1.4.1.9
ucd-snmp/pass: pass-running:  /bin/bash       /home/user/emane-install/SNMP-gen/net-snmp-5.7.3/local/passtest1.sh -n .1.3.6.1.4.1.16215.1.24.1.4.1.10
ucd-snmp/pass: pass-running:  /bin/bash       /home/user/emane-install/SNMP-gen/net-snmp-5.7.3/local/passtest1.sh -n .1.3.6.1.4.1.16215.1.24.1.4.1.11
ucd-snmp/pass: pass-running:  /bin/bash       /home/user/emane-install/SNMP-gen/net-snmp-5.7.3/local/passtest1.sh -n .1.3.6.1.4.1.16215.1.24.1.4.1.12
ucd-snmp/pass: pass-running:  /bin/bash       /home/user/emane-install/SNMP-gen/net-snmp-5.7.3/local/passtest1.sh -n .1.3.6.1.4.1.16215.1.24.1.4.1.13
ucd-snmp/pass: pass-running:  /bin/bash       /home/user/emane-install/SNMP-gen/net-snmp-5.7.3/local/passtest1.sh -n .1.3.6.1.4.1.16215.1.24.1.4.1.14
ucd-snmp/pass: pass-running:  /bin/bash       /home/user/emane-install/SNMP-gen/net-snmp-5.7.3/local/passtest1.sh -n .1.3.6.1.4.1.16215.1.24.1.4.2.1
truncating integer value > 32 bits
ucd-snmp/pass: pass-running:  /bin/bash       /home/user/emane-install/SNMP-gen/net-snmp-5.7.3/local/passtest1.sh -n .1.3.6.1.4.1.16215.1.24.1.4.2.1.15.1.1.1
truncating integer value > 32 bits
ucd-snmp/pass: pass-running:  /bin/bash       /home/user/emane-install/SNMP-gen/net-snmp-5.7.3/local/passtest1.sh -n .1.3.6.1.4.1.16215.1.24.1.4.2.1.15.1.1.2
ucd-snmp/pass: pass-running:  /bin/bash       /home/user/emane-install/SNMP-gen/net-snmp-5.7.3/local/passtest1.sh -n .1.3.6.1.4.1.16215.1.24.1.4.2.1.15.1.2.1
ucd-snmp/pass: pass-running:  /bin/bash       /home/user/emane-install/SNMP-gen/net-snmp-5.7.3/local/passtest1.sh -n .1.3.6.1.4.1.16215.1.24.1.4.2.1.15.1.2.2
ucd-snmp/pass: pass-running:  /bin/bash       /home/user/emane-install/SNMP-gen/net-snmp-5.7.3/local/passtest1.sh -n .1.3.6.1.4.1.16215.1.24.1.4.2.1.15.1.3.1
ucd-snmp/pass: pass-running:  /bin/bash       /home/user/emane-install/SNMP-gen/net-snmp-5.7.3/local/passtest1.sh -n .1.3.6.1.4.1.16215.1.24.1.4.2.1.15.1.3.2
ucd-snmp/pass: pass-running:  /bin/bash       /home/user/emane-install/SNMP-gen/net-snmp-5.7.3/local/passtest1.sh -n .1.3.6.1.4.1.16215.1.24.1.4.2.1.15.1.4.1
ucd-snmp/pass: pass-running:  /bin/bash       /home/user/emane-install/SNMP-gen/net-snmp-5.7.3/local/passtest1.sh -n .1.3.6.1.4.1.16215.1.24.1.4.2.1.15.1.4.2
ucd-snmp/pass: pass-running:  /bin/bash       /home/user/emane-install/SNMP-gen/net-snmp-5.7.3/local/passtest1.sh -n .1.3.6.1.4.1.16215.1.24.1.4.2.1.15.1.5.1
ucd-snmp/pass: pass-running:  /bin/bash       /home/user/emane-install/SNMP-gen/net-snmp-5.7.3/local/passtest1.sh -n .1.3.6.1.4.1.16215.1.24.1.4.2.1.15.1.5.2
ucd-snmp/pass: pass-running:  /bin/bash       /home/user/emane-install/SNMP-gen/net-snmp-5.7.3/local/passtest1.sh -n .1.3.6.1.4.1.16215.1.24.1.4.2.1.15.1.6.1
ucd-snmp/pass: pass-running:  /bin/bash       /home/user/emane-install/SNMP-gen/net-snmp-5.7.3/local/passtest1.sh -n .1.3.6.1.4.1.16215.1.24.1.4.2.1.15.1.6.2
truncating integer value > 32 bits
ucd-snmp/pass: pass-running:  /bin/bash       /home/user/emane-install/SNMP-gen/net-snmp-5.7.3/local/passtest1.sh -n .1.3.6.1.4.1.16215.1.24.1.4.2.16.1.1.1
truncating integer value > 32 bits
ucd-snmp/pass: pass-running:  /bin/bash       /home/user/emane-install/SNMP-gen/net-snmp-5.7.3/local/passtest1.sh -n .1.3.6.1.4.1.16215.1.24.1.4.2.16.1.1.2
ucd-snmp/pass: pass-running:  /bin/bash       /home/user/emane-install/SNMP-gen/net-snmp-5.7.3/local/passtest1.sh -n .1.3.6.1.4.1.16215.1.24.1.4.2.16.1.2.1
ucd-snmp/pass: pass-running:  /bin/bash       /home/user/emane-install/SNMP-gen/net-snmp-5.7.3/local/passtest1.sh -n .1.3.6.1.4.1.16215.1.24.1.4.2.16.1.2.2
ucd-snmp/pass: pass-running:  /bin/bash       /home/user/emane-install/SNMP-gen/net-snmp-5.7.3/local/passtest1.sh -n .1.3.6.1.4.1.16215.1.24.1.4.2.16.1.3.1
ucd-snmp/pass: pass-running:  /bin/bash       /home/user/emane-install/SNMP-gen/net-snmp-5.7.3/local/passtest1.sh -n .1.3.6.1.4.1.16215.1.24.1.4.2.16.1.3.2
ucd-snmp/pass: pass-running:  /bin/bash       /home/user/emane-install/SNMP-gen/net-snmp-5.7.3/local/passtest1.sh -n .1.3.6.1.4.1.16215.1.24.1.4.2.16.1.4.1
ucd-snmp/pass: pass-running:  /bin/bash       /home/user/emane-install/SNMP-gen/net-snmp-5.7.3/local/passtest1.sh -n .1.3.6.1.4.1.16215.1.24.1.4.2.16.1.4.2
ucd-snmp/pass: pass-running:  /bin/bash       /home/user/emane-install/SNMP-gen/net-snmp-5.7.3/local/passtest1.sh -n .1.3.6.1.4.1.16215.1.24.1.4.3
ucd-snmp/pass: pass-running:  /bin/bash       /home/user/emane-install/SNMP-gen/net-snmp-5.7.3/local/passtest1.sh -n .1.3.6.1.4.1.16215.1.24.1.4.4
ucd-snmp/pass: pass-running:  /bin/bash       /home/user/emane-install/SNMP-gen/net-snmp-5.7.3/local/passtest1.sh -n .1.3.6.1.4.1.16215.1.24.1.4.5
ucd-snmp/pass: pass-running:  /bin/bash       /home/user/emane-install/SNMP-gen/net-snmp-5.7.3/local/passtest1.sh -n .1.3.6.1.4.1.16215.1.24.1.4.6
ucd-snmp/pass: pass-running:  /bin/bash       /home/user/emane-install/SNMP-gen/net-snmp-5.7.3/local/passtest1.sh -n .1.3.6.1.4.1.16215.1.24.1.4.7
ucd-snmp/pass: pass-running:  /bin/bash       /home/user/emane-install/SNMP-gen/net-snmp-5.7.3/local/passtest1.sh -n .1.3.6.1.4.1.16215.1.24.1.4.8
ucd-snmp/pass: pass-running:  /bin/bash       /home/user/emane-install/SNMP-gen/net-snmp-5.7.3/local/passtest1.sh -n .1.3.6.1.4.1.16215.1.24.1.4.9
ucd-snmp/pass: pass-running:  /bin/bash       /home/user/emane-install/SNMP-gen/net-snmp-5.7.3/local/passtest1.sh -n .1.3.6.1.4.1.16215.1.24.1.4.10
ucd-snmp/pass: pass-running:  /bin/bash       /home/user/emane-install/SNMP-gen/net-snmp-5.7.3/local/passtest1.sh -n .1.3.6.1.4.1.16215.1.24.1.4.11
ucd-snmp/pass: pass-running:  /bin/bash       /home/user/emane-install/SNMP-gen/net-snmp-5.7.3/local/passtest1.sh -n .1.3.6.1.4.1.16215.1.24.1.4.12
