14:06:00.161580  INFO application: emane -r -d -l 3 -f /home/ubuntu/Desktop/emane-tutorial/dlepmaban/persist/8/var/log/emane.log --pidfile /home/ubuntu/Desktop/emane-tutorial/dlepmaban/persist/8/var/run/emane.pid --uuidfile /home/ubuntu/Desktop/emane-tutorial/dlepmaban/persist/8/var/run/emane.uuid platform8.xml 
14:06:00.161680  INFO application uuid: 3be46834-edb9-40a2-b98c-226183ba4940
14:06:00.162511  INFO TRANSPORTI 008 VirtualTransport::configure address: 10.100.0.8
14:06:00.162548  INFO TRANSPORTI 008 VirtualTransport::configure mask: 255.255.255.0
14:06:00.162555  INFO TRANSPORTI 008 VirtualTransport::configure arpcacheenable: 1
14:06:00.162561  INFO TRANSPORTI 008 VirtualTransport::configure arpmodeenable: 1
14:06:00.162565  INFO TRANSPORTI 008 VirtualTransport::configure bitrate: 0
14:06:00.162569  INFO TRANSPORTI 008 VirtualTransport::configure broadcastmodeenable: 0
14:06:00.162574  INFO TRANSPORTI 008 VirtualTransport::configure device: emane0
14:06:00.162580  INFO TRANSPORTI 008 VirtualTransport::configure devicepath: /dev/net/tun
14:06:00.162586  INFO TRANSPORTI 008 VirtualTransport::configure flowcontrolenable: 0
14:06:00.175744  INFO SHIMI 008 DLEP::ModemService::configure ackprobability = 100
14:06:00.175770  INFO SHIMI 008 DLEP::ModemService::configure acktimeout = 3
14:06:00.175777  INFO SHIMI 008 DLEP::ModemService::configure configfile = 
14:06:00.175782  INFO SHIMI 008 DLEP::ModemService::configure destinationadvertenable = 1
14:06:00.175788  INFO SHIMI 008 DLEP::ModemService::configure destinationadvertexpirecount = 0
14:06:00.175793  INFO SHIMI 008 DLEP::ModemService::configure destinationadvertholdinterval = 0
14:06:00.175798  INFO SHIMI 008 DLEP::ModemService::configure destinationadvertiface = eth1
14:06:00.175803  INFO SHIMI 008 DLEP::ModemService::configure destinationadvertmcastaddress = 225.6.7.8
14:06:00.175808  INFO SHIMI 008 DLEP::ModemService::configure destinationadvertport = 33445
14:06:00.175813  INFO SHIMI 008 DLEP::ModemService::configure destinationadvertsendinterval = 5
14:06:00.175818  INFO SHIMI 008 DLEP::ModemService::configure discoveryenable = 1
14:06:00.175822  INFO SHIMI 008 DLEP::ModemService::configure discoveryiface = lo
14:06:00.175827  INFO SHIMI 008 DLEP::ModemService::configure discoveryinterval = 5
14:06:00.175832  INFO SHIMI 008 DLEP::ModemService::configure discoverymcastaddress = 225.0.0.45
14:06:00.175837  INFO SHIMI 008 DLEP::ModemService::configure discoveryport = 30002
14:06:00.175845  INFO SHIMI 008 DLEP::ModemService::configure etheraddroui = 01:02:03
14:06:00.175850  INFO SHIMI 008 DLEP::ModemService::configure extensions = 
14:06:00.175856  INFO SHIMI 008 DLEP::ModemService::configure heartbeatinterval = 5
14:06:00.175861  INFO SHIMI 008 DLEP::ModemService::configure heartbeatthreshold = 2
14:06:00.175865  INFO SHIMI 008 DLEP::ModemService::configure localtype = modem
14:06:00.175869  INFO SHIMI 008 DLEP::ModemService::configure logfile = dlep.log
14:06:00.175873  INFO SHIMI 008 DLEP::ModemService::configure loglevel = 1
14:06:00.175879  INFO SHIMI 008 DLEP::ModemService::configure macaddress = 01 0a:B2:C3:D4:E5:01
14:06:00.175885  INFO SHIMI 008 DLEP::ModemService::configure macaddress = 02 0a:B2:C3:D4:E5:02
14:06:00.175889  INFO SHIMI 008 DLEP::ModemService::configure peertype = emane
14:06:00.175894  INFO SHIMI 008 DLEP::ModemService::configure protocolconfigfile = dlep-draft-24.xml
14:06:00.175899  INFO SHIMI 008 DLEP::ModemService::configure sendtries = 3
14:06:00.175904  INFO SHIMI 008 DLEP::ModemService::configure sessionport = 30003
14:06:00.175908  INFO SHIMI 008 DLEP::ModemService::configure sinrmax = 20.000000 dBm
14:06:00.175915  INFO SHIMI 008 DLEP::ModemService::configure sinrmin = 0.000000 dBm
14:06:00.175920  INFO SHIMI 008 DLEP::ModemService::configure destinationadvertrfid = 0,8
14:06:00.175925  INFO SHIMI 008 DLEP::ModemService::configure protocolconfigschema = protocol-config.xsd
14:06:00.176419  INFO MACI 008 RFPipeMACLayer::configure datarate = 1000000
14:06:00.176435  INFO MACI 008 RFPipeMACLayer::configure delay = 0.000000
14:06:00.176443  INFO MACI 008 RFPipeMACLayer::configure enablepromiscuousmode = off
14:06:00.176449  INFO MACI 008 RFPipeMACLayer::configure flowcontrolenable = off
14:06:00.176453  INFO MACI 008 RFPipeMACLayer::configure flowcontroltokens = 10
14:06:00.176458  INFO MACI 008 RFPipeMACLayer::configure jitter = 0.000000
14:06:00.176463  INFO MACI 008 RFPipeMACLayer::configure pcrcurveuri = file:///usr/share/emane/xml/models/mac/rfpipe/rfpipepcr.xml
14:06:00.176469  INFO MACI 008 RFPipeMACLayer::configure radiometricenable = on
14:06:00.176474  INFO MACI 008 RFPipeMACLayer::configure neighbormetricdeletetime = 60.000000
14:06:00.176480  INFO MACI 008 RFPipeMACLayer::configure radiometricreportinterval = 1.000000
14:06:00.176601  INFO PHYI 008 FrameworkPHY::configure: bandwidth = 1000000 Hz
14:06:00.176612  INFO PHYI 008 FrameworkPHY::configure: fixedantennagain = 0.00 dBi
14:06:00.176618  INFO PHYI 008 FrameworkPHY::configure: fixedantennagainenable = on
14:06:00.176623  INFO PHYI 008 FrameworkPHY::configure: noisemode = outofband
14:06:00.176628  INFO PHYI 008 FrameworkPHY::configure: propagationmodel = precomputed
14:06:00.176634  INFO PHYI 008 FrameworkPHY::configure: subid = 2
14:06:00.176639  INFO PHYI 008 FrameworkPHY::configure: systemnoisefigure = 4.00 dB
14:06:00.176644  INFO PHYI 008 FrameworkPHY::configure: txpower = 0.00 dBm
14:06:00.176651  INFO PHYI 008 FrameworkPHY::configure: frequency = 2347000000 Hz
14:06:00.176657  INFO PHYI 008 FrameworkPHY::configure: frequencyofinterest = 2347000000 Hz
14:06:00.176662  INFO PHYI 008 FrameworkPHY::configure: noisebinsize = 20 usec
14:06:00.176667  INFO PHYI 008 FrameworkPHY::configure: noisemaxclampenable = off
14:06:00.176672  INFO PHYI 008 FrameworkPHY::configure: noisemaxmessagepropagation = 200000 usec
14:06:00.176677  INFO PHYI 008 FrameworkPHY::configure: noisemaxsegmentduration = 1000000 usec
14:06:00.176682  INFO PHYI 008 FrameworkPHY::configure: noisemaxsegmentoffset = 300000 usec
14:06:00.176686  INFO PHYI 008 FrameworkPHY::configure: timesyncthreshold = 10000 usec
14:06:00.177349  INFO SHIMI 008 DLEP::ModemService::configure ackprobability = 100
14:06:00.177372  INFO SHIMI 008 DLEP::ModemService::configure acktimeout = 3
14:06:00.177380  INFO SHIMI 008 DLEP::ModemService::configure configfile = 
14:06:00.177385  INFO SHIMI 008 DLEP::ModemService::configure destinationadvertenable = 1
14:06:00.177392  INFO SHIMI 008 DLEP::ModemService::configure destinationadvertexpirecount = 0
14:06:00.177396  INFO SHIMI 008 DLEP::ModemService::configure destinationadvertholdinterval = 0
14:06:00.177401  INFO SHIMI 008 DLEP::ModemService::configure destinationadvertiface = eth1
14:06:00.177406  INFO SHIMI 008 DLEP::ModemService::configure destinationadvertmcastaddress = 225.6.7.8
14:06:00.177412  INFO SHIMI 008 DLEP::ModemService::configure destinationadvertport = 33445
14:06:00.177417  INFO SHIMI 008 DLEP::ModemService::configure destinationadvertsendinterval = 5
14:06:00.177422  INFO SHIMI 008 DLEP::ModemService::configure discoveryenable = 1
14:06:00.177427  INFO SHIMI 008 DLEP::ModemService::configure discoveryiface = emane0
14:06:00.177431  INFO SHIMI 008 DLEP::ModemService::configure discoveryinterval = 5
14:06:00.177436  INFO SHIMI 008 DLEP::ModemService::configure discoverymcastaddress = 225.0.0.45
14:06:00.177505  INFO SHIMI 008 DLEP::ModemService::configure discoveryport = 30002
14:06:00.177525  INFO SHIMI 008 DLEP::ModemService::configure etheraddroui = 00:00:08
14:06:00.177533  INFO SHIMI 008 DLEP::ModemService::configure extensions = 
14:06:00.177540  INFO SHIMI 008 DLEP::ModemService::configure heartbeatinterval = 5
14:06:00.177548  INFO SHIMI 008 DLEP::ModemService::configure heartbeatthreshold = 2
14:06:00.177565  INFO SHIMI 008 DLEP::ModemService::configure localtype = modem
14:06:00.177575  INFO SHIMI 008 DLEP::ModemService::configure logfile = dlep8.log
14:06:00.177582  INFO SHIMI 008 DLEP::ModemService::configure loglevel = 1
14:06:00.178575 ABORT ConvertionException: 08 invalid character in numeric: '8'
