16:13:56.193 INFO: Dlep.cpp:37:Dlep(): I am a Modem
16:13:56.194 DEBUG: Dlep.cpp:61:initialize(): entered
16:13:56.194 INFO: ProtocolConfigImpl.cpp:168:load_protocol_config(): schema=protocol-config.xsd config=dlep-draft-24.xml
16:13:56.194 DEBUG: ProtocolConfigImpl.cpp:182:load_protocol_config(): parsing dlep-draft-24.xml
16:13:56.194 DEBUG: ProtocolConfigImpl.cpp:206:load_protocol_config(): XInclude made 1 substitutions
16:13:56.194 DEBUG: ProtocolConfigImpl.cpp:211:load_protocol_config(): loading schema protocol-config.xsd
16:13:56.194 DEBUG: ProtocolConfigImpl.cpp:234:load_protocol_config(): validating the config against the schema
16:13:56.195 DEBUG: ProtocolConfigImpl.cpp:379:log_node_path_and_value(): dlep/signal_prefix/text = DLEP
16:13:56.195 DEBUG: ProtocolConfigImpl.cpp:379:log_node_path_and_value(): dlep/field_sizes/signal_length = 2
16:13:56.195 DEBUG: ProtocolConfigImpl.cpp:379:log_node_path_and_value(): dlep/field_sizes/signal_id = 2
16:13:56.195 DEBUG: ProtocolConfigImpl.cpp:379:log_node_path_and_value(): dlep/field_sizes/data_item_length = 2
16:13:56.195 DEBUG: ProtocolConfigImpl.cpp:379:log_node_path_and_value(): dlep/field_sizes/data_item_id = 2
16:13:56.195 DEBUG: ProtocolConfigImpl.cpp:379:log_node_path_and_value(): dlep/field_sizes/extension_id = 2
16:13:56.195 DEBUG: ProtocolConfigImpl.cpp:379:log_node_path_and_value(): dlep/field_sizes/status_code = 1
16:13:56.195 DEBUG: ProtocolConfigImpl.cpp:379:log_node_path_and_value(): dlep/module/name = core
16:13:56.195 DEBUG: ProtocolConfigImpl.cpp:379:log_node_path_and_value(): dlep/module/draft = 24
16:13:56.195 INFO: ProtocolConfigImpl.cpp:547:extract_module(): ignoring unrecognized xml node comment
16:13:56.195 DEBUG: ProtocolConfigImpl.cpp:379:log_node_path_and_value(): dlep/module/data_item/name = Status
16:13:56.195 DEBUG: ProtocolConfigImpl.cpp:379:log_node_path_and_value(): dlep/module/data_item/type = u8_string
16:13:56.195 DEBUG: ProtocolConfigImpl.cpp:379:log_node_path_and_value(): dlep/module/data_item/id = 1
16:13:56.195 DEBUG: ProtocolConfigImpl.cpp:584:insert_id_name_mapping(): data_item mapping: Status <--> 1
16:13:56.195 DEBUG: ProtocolConfigImpl.cpp:379:log_node_path_and_value(): dlep/module/data_item/metric = false
16:13:56.195 DEBUG: ProtocolConfigImpl.cpp:379:log_node_path_and_value(): dlep/module/data_item/name = IPv4_Connection_Point
16:13:56.195 DEBUG: ProtocolConfigImpl.cpp:379:log_node_path_and_value(): dlep/module/data_item/type = u8_ipv4_u16
16:13:56.195 DEBUG: ProtocolConfigImpl.cpp:379:log_node_path_and_value(): dlep/module/data_item/id = 2
16:13:56.195 DEBUG: ProtocolConfigImpl.cpp:584:insert_id_name_mapping(): data_item mapping: IPv4_Connection_Point <--> 2
16:13:56.195 DEBUG: ProtocolConfigImpl.cpp:379:log_node_path_and_value(): dlep/module/data_item/metric = false
16:13:56.195 DEBUG: ProtocolConfigImpl.cpp:379:log_node_path_and_value(): dlep/module/data_item/name = IPv6_Connection_Point
16:13:56.195 DEBUG: ProtocolConfigImpl.cpp:379:log_node_path_and_value(): dlep/module/data_item/type = u8_ipv6_u16
16:13:56.195 DEBUG: ProtocolConfigImpl.cpp:379:log_node_path_and_value(): dlep/module/data_item/id = 3
16:13:56.195 DEBUG: ProtocolConfigImpl.cpp:584:insert_id_name_mapping(): data_item mapping: IPv6_Connection_Point <--> 3
16:13:56.195 DEBUG: ProtocolConfigImpl.cpp:379:log_node_path_and_value(): dlep/module/data_item/metric = false
16:13:56.195 DEBUG: ProtocolConfigImpl.cpp:379:log_node_path_and_value(): dlep/module/data_item/name = Peer_Type
16:13:56.195 DEBUG: ProtocolConfigImpl.cpp:379:log_node_path_and_value(): dlep/module/data_item/type = string
16:13:56.195 DEBUG: ProtocolConfigImpl.cpp:379:log_node_path_and_value(): dlep/module/data_item/id = 4
16:13:56.195 DEBUG: ProtocolConfigImpl.cpp:584:insert_id_name_mapping(): data_item mapping: Peer_Type <--> 4
16:13:56.195 DEBUG: ProtocolConfigImpl.cpp:379:log_node_path_and_value(): dlep/module/data_item/metric = false
16:13:56.195 DEBUG: ProtocolConfigImpl.cpp:379:log_node_path_and_value(): dlep/module/data_item/name = Heartbeat_Interval
16:13:56.195 DEBUG: ProtocolConfigImpl.cpp:379:log_node_path_and_value(): dlep/module/data_item/type = u32
16:13:56.195 DEBUG: ProtocolConfigImpl.cpp:379:log_node_path_and_value(): dlep/module/data_item/id = 5
16:13:56.195 DEBUG: ProtocolConfigImpl.cpp:584:insert_id_name_mapping(): data_item mapping: Heartbeat_Interval <--> 5
16:13:56.195 DEBUG: ProtocolConfigImpl.cpp:379:log_node_path_and_value(): dlep/module/data_item/metric = false
16:13:56.195 DEBUG: ProtocolConfigImpl.cpp:379:log_node_path_and_value(): dlep/module/data_item/units = milliseconds
16:13:56.195 DEBUG: ProtocolConfigImpl.cpp:379:log_node_path_and_value(): dlep/module/data_item/name = Extensions_Supported
16:13:56.195 DEBUG: ProtocolConfigImpl.cpp:379:log_node_path_and_value(): dlep/module/data_item/type = v_extid
16:13:56.195 DEBUG: ProtocolConfigImpl.cpp:379:log_node_path_and_value(): dlep/module/data_item/id = 6
16:13:56.195 DEBUG: ProtocolConfigImpl.cpp:584:insert_id_name_mapping(): data_item mapping: Extensions_Supported <--> 6
16:13:56.195 DEBUG: ProtocolConfigImpl.cpp:379:log_node_path_and_value(): dlep/module/data_item/metric = false
16:13:56.195 DEBUG: ProtocolConfigImpl.cpp:379:log_node_path_and_value(): dlep/module/data_item/name = MAC_Address
16:13:56.195 DEBUG: ProtocolConfigImpl.cpp:379:log_node_path_and_value(): dlep/module/data_item/type = dlepmac
16:13:56.195 DEBUG: ProtocolConfigImpl.cpp:379:log_node_path_and_value(): dlep/module/data_item/id = 7
16:13:56.195 DEBUG: ProtocolConfigImpl.cpp:584:insert_id_name_mapping(): data_item mapping: MAC_Address <--> 7
16:13:56.195 DEBUG: ProtocolConfigImpl.cpp:379:log_node_path_and_value(): dlep/module/data_item/metric = false
16:13:56.195 DEBUG: ProtocolConfigImpl.cpp:379:log_node_path_and_value(): dlep/module/data_item/name = IPv4_Address
16:13:56.195 DEBUG: ProtocolConfigImpl.cpp:379:log_node_path_and_value(): dlep/module/data_item/type = u8_ipv4
16:13:56.195 DEBUG: ProtocolConfigImpl.cpp:379:log_node_path_and_value(): dlep/module/data_item/id = 8
16:13:56.195 DEBUG: ProtocolConfigImpl.cpp:584:insert_id_name_mapping(): data_item mapping: IPv4_Address <--> 8
16:13:56.195 DEBUG: ProtocolConfigImpl.cpp:379:log_node_path_and_value(): dlep/module/data_item/metric = false
16:13:56.195 DEBUG: ProtocolConfigImpl.cpp:379:log_node_path_and_value(): dlep/module/data_item/name = IPv6_Address
16:13:56.195 DEBUG: ProtocolConfigImpl.cpp:379:log_node_path_and_value(): dlep/module/data_item/type = u8_ipv6
16:13:56.195 DEBUG: ProtocolConfigImpl.cpp:379:log_node_path_and_value(): dlep/module/data_item/id = 9
16:13:56.195 DEBUG: ProtocolConfigImpl.cpp:584:insert_id_name_mapping(): data_item mapping: IPv6_Address <--> 9
16:13:56.195 DEBUG: ProtocolConfigImpl.cpp:379:log_node_path_and_value(): dlep/module/data_item/metric = false
16:13:56.195 DEBUG: ProtocolConfigImpl.cpp:379:log_node_path_and_value(): dlep/module/data_item/name = IPv4_Attached_Subnet
16:13:56.195 DEBUG: ProtocolConfigImpl.cpp:379:log_node_path_and_value(): dlep/module/data_item/type = u8_ipv4_u8
16:13:56.195 DEBUG: ProtocolConfigImpl.cpp:379:log_node_path_and_value(): dlep/module/data_item/id = 10
16:13:56.195 DEBUG: ProtocolConfigImpl.cpp:584:insert_id_name_mapping(): data_item mapping: IPv4_Attached_Subnet <--> 10
16:13:56.195 DEBUG: ProtocolConfigImpl.cpp:379:log_node_path_and_value(): dlep/module/data_item/metric = false
16:13:56.195 DEBUG: ProtocolConfigImpl.cpp:379:log_node_path_and_value(): dlep/module/data_item/name = IPv6_Attached_Subnet
16:13:56.195 DEBUG: ProtocolConfigImpl.cpp:379:log_node_path_and_value(): dlep/module/data_item/type = u8_ipv6_u8
16:13:56.195 DEBUG: ProtocolConfigImpl.cpp:379:log_node_path_and_value(): dlep/module/data_item/id = 11
16:13:56.195 DEBUG: ProtocolConfigImpl.cpp:584:insert_id_name_mapping(): data_item mapping: IPv6_Attached_Subnet <--> 11
16:13:56.195 DEBUG: ProtocolConfigImpl.cpp:379:log_node_path_and_value(): dlep/module/data_item/metric = false
16:13:56.195 DEBUG: ProtocolConfigImpl.cpp:379:log_node_path_and_value(): dlep/module/data_item/name = Maximum_Data_Rate_Receive
16:13:56.195 DEBUG: ProtocolConfigImpl.cpp:379:log_node_path_and_value(): dlep/module/data_item/type = u64
16:13:56.195 DEBUG: ProtocolConfigImpl.cpp:379:log_node_path_and_value(): dlep/module/data_item/id = 12
16:13:56.195 DEBUG: ProtocolConfigImpl.cpp:584:insert_id_name_mapping(): data_item mapping: Maximum_Data_Rate_Receive <--> 12
16:13:56.195 DEBUG: ProtocolConfigImpl.cpp:379:log_node_path_and_value(): dlep/module/data_item/metric = true
16:13:56.195 DEBUG: ProtocolConfigImpl.cpp:379:log_node_path_and_value(): dlep/module/data_item/units = bits/second
16:13:56.195 DEBUG: ProtocolConfigImpl.cpp:379:log_node_path_and_value(): dlep/module/data_item/name = Maximum_Data_Rate_Transmit
16:13:56.195 DEBUG: ProtocolConfigImpl.cpp:379:log_node_path_and_value(): dlep/module/data_item/type = u64
16:13:56.195 DEBUG: ProtocolConfigImpl.cpp:379:log_node_path_and_value(): dlep/module/data_item/id = 13
16:13:56.195 DEBUG: ProtocolConfigImpl.cpp:584:insert_id_name_mapping(): data_item mapping: Maximum_Data_Rate_Transmit <--> 13
16:13:56.195 DEBUG: ProtocolConfigImpl.cpp:379:log_node_path_and_value(): dlep/module/data_item/metric = true
16:13:56.195 DEBUG: ProtocolConfigImpl.cpp:379:log_node_path_and_value(): dlep/module/data_item/units = bits/second
16:13:56.195 DEBUG: ProtocolConfigImpl.cpp:379:log_node_path_and_value(): dlep/module/data_item/name = Current_Data_Rate_Receive
16:13:56.195 DEBUG: ProtocolConfigImpl.cpp:379:log_node_path_and_value(): dlep/module/data_item/type = u64
16:13:56.195 DEBUG: ProtocolConfigImpl.cpp:379:log_node_path_and_value(): dlep/module/data_item/id = 14
16:13:56.195 DEBUG: ProtocolConfigImpl.cpp:584:insert_id_name_mapping(): data_item mapping: Current_Data_Rate_Receive <--> 14
16:13:56.195 DEBUG: ProtocolConfigImpl.cpp:379:log_node_path_and_value(): dlep/module/data_item/metric = true
16:13:56.195 DEBUG: ProtocolConfigImpl.cpp:379:log_node_path_and_value(): dlep/module/data_item/units = bits/second
16:13:56.195 DEBUG: ProtocolConfigImpl.cpp:379:log_node_path_and_value(): dlep/module/data_item/name = Current_Data_Rate_Transmit
16:13:56.195 DEBUG: ProtocolConfigImpl.cpp:379:log_node_path_and_value(): dlep/module/data_item/type = u64
16:13:56.195 DEBUG: ProtocolConfigImpl.cpp:379:log_node_path_and_value(): dlep/module/data_item/id = 15
16:13:56.195 DEBUG: ProtocolConfigImpl.cpp:584:insert_id_name_mapping(): data_item mapping: Current_Data_Rate_Transmit <--> 15
16:13:56.195 DEBUG: ProtocolConfigImpl.cpp:379:log_node_path_and_value(): dlep/module/data_item/metric = true
16:13:56.195 DEBUG: ProtocolConfigImpl.cpp:379:log_node_path_and_value(): dlep/module/data_item/units = bits/second
16:13:56.195 DEBUG: ProtocolConfigImpl.cpp:379:log_node_path_and_value(): dlep/module/data_item/name = Latency
16:13:56.195 DEBUG: ProtocolConfigImpl.cpp:379:log_node_path_and_value(): dlep/module/data_item/type = u64
16:13:56.195 DEBUG: ProtocolConfigImpl.cpp:379:log_node_path_and_value(): dlep/module/data_item/id = 16
16:13:56.195 DEBUG: ProtocolConfigImpl.cpp:584:insert_id_name_mapping(): data_item mapping: Latency <--> 16
16:13:56.195 DEBUG: ProtocolConfigImpl.cpp:379:log_node_path_and_value(): dlep/module/data_item/metric = true
16:13:56.195 DEBUG: ProtocolConfigImpl.cpp:379:log_node_path_and_value(): dlep/module/data_item/units = microseconds
16:13:56.195 DEBUG: ProtocolConfigImpl.cpp:379:log_node_path_and_value(): dlep/module/data_item/name = Resources
16:13:56.195 DEBUG: ProtocolConfigImpl.cpp:379:log_node_path_and_value(): dlep/module/data_item/type = u8
16:13:56.195 DEBUG: ProtocolConfigImpl.cpp:379:log_node_path_and_value(): dlep/module/data_item/id = 17
16:13:56.195 DEBUG: ProtocolConfigImpl.cpp:584:insert_id_name_mapping(): data_item mapping: Resources <--> 17
16:13:56.195 DEBUG: ProtocolConfigImpl.cpp:379:log_node_path_and_value(): dlep/module/data_item/metric = true
16:13:56.195 DEBUG: ProtocolConfigImpl.cpp:379:log_node_path_and_value(): dlep/module/data_item/units = percentage
16:13:56.195 DEBUG: ProtocolConfigImpl.cpp:379:log_node_path_and_value(): dlep/module/data_item/name = Resources_Receive
16:13:56.195 DEBUG: ProtocolConfigImpl.cpp:379:log_node_path_and_value(): dlep/module/data_item/type = u8
16:13:56.195 DEBUG: ProtocolConfigImpl.cpp:379:log_node_path_and_value(): dlep/module/data_item/id = 18
16:13:56.195 DEBUG: ProtocolConfigImpl.cpp:584:insert_id_name_mapping(): data_item mapping: Resources_Receive <--> 18
16:13:56.195 DEBUG: ProtocolConfigImpl.cpp:379:log_node_path_and_value(): dlep/module/data_item/metric = true
16:13:56.195 DEBUG: ProtocolConfigImpl.cpp:379:log_node_path_and_value(): dlep/module/data_item/units = percentage
16:13:56.195 DEBUG: ProtocolConfigImpl.cpp:379:log_node_path_and_value(): dlep/module/data_item/name = Resources_Transmit
16:13:56.195 DEBUG: ProtocolConfigImpl.cpp:379:log_node_path_and_value(): dlep/module/data_item/type = u8
16:13:56.195 DEBUG: ProtocolConfigImpl.cpp:379:log_node_path_and_value(): dlep/module/data_item/id = 19
16:13:56.195 DEBUG: ProtocolConfigImpl.cpp:584:insert_id_name_mapping(): data_item mapping: Resources_Transmit <--> 19
16:13:56.195 DEBUG: ProtocolConfigImpl.cpp:379:log_node_path_and_value(): dlep/module/data_item/metric = true
16:13:56.195 DEBUG: ProtocolConfigImpl.cpp:379:log_node_path_and_value(): dlep/module/data_item/units = percentage
16:13:56.195 DEBUG: ProtocolConfigImpl.cpp:379:log_node_path_and_value(): dlep/module/data_item/name = Relative_Link_Quality_Receive
16:13:56.195 DEBUG: ProtocolConfigImpl.cpp:379:log_node_path_and_value(): dlep/module/data_item/type = u8
16:13:56.195 DEBUG: ProtocolConfigImpl.cpp:379:log_node_path_and_value(): dlep/module/data_item/id = 20
16:13:56.195 DEBUG: ProtocolConfigImpl.cpp:584:insert_id_name_mapping(): data_item mapping: Relative_Link_Quality_Receive <--> 20
16:13:56.195 DEBUG: ProtocolConfigImpl.cpp:379:log_node_path_and_value(): dlep/module/data_item/metric = true
16:13:56.195 DEBUG: ProtocolConfigImpl.cpp:379:log_node_path_and_value(): dlep/module/data_item/units = percentage
16:13:56.195 DEBUG: ProtocolConfigImpl.cpp:379:log_node_path_and_value(): dlep/module/data_item/name = Relative_Link_Quality_Transmit
16:13:56.195 DEBUG: ProtocolConfigImpl.cpp:379:log_node_path_and_value(): dlep/module/data_item/type = u8
16:13:56.195 DEBUG: ProtocolConfigImpl.cpp:379:log_node_path_and_value(): dlep/module/data_item/id = 21
16:13:56.195 DEBUG: ProtocolConfigImpl.cpp:584:insert_id_name_mapping(): data_item mapping: Relative_Link_Quality_Transmit <--> 21
16:13:56.196 DEBUG: ProtocolConfigImpl.cpp:379:log_node_path_and_value(): dlep/module/data_item/metric = true
16:13:56.196 DEBUG: ProtocolConfigImpl.cpp:379:log_node_path_and_value(): dlep/module/data_item/units = percentage
16:13:56.196 DEBUG: ProtocolConfigImpl.cpp:379:log_node_path_and_value(): dlep/module/data_item/name = Maximum_Transmission_Unit
16:13:56.196 DEBUG: ProtocolConfigImpl.cpp:379:log_node_path_and_value(): dlep/module/data_item/type = u16
16:13:56.196 DEBUG: ProtocolConfigImpl.cpp:379:log_node_path_and_value(): dlep/module/data_item/id = 22
16:13:56.196 DEBUG: ProtocolConfigImpl.cpp:584:insert_id_name_mapping(): data_item mapping: Maximum_Transmission_Unit <--> 22
16:13:56.196 DEBUG: ProtocolConfigImpl.cpp:379:log_node_path_and_value(): dlep/module/data_item/metric = true
16:13:56.196 DEBUG: ProtocolConfigImpl.cpp:379:log_node_path_and_value(): dlep/module/data_item/units = octets
16:13:56.196 INFO: ProtocolConfigImpl.cpp:547:extract_module(): ignoring unrecognized xml node comment
16:13:56.196 DEBUG: ProtocolConfigImpl.cpp:379:log_node_path_and_value(): dlep/module/signal/name = Peer_Discovery
16:13:56.196 DEBUG: ProtocolConfigImpl.cpp:379:log_node_path_and_value(): dlep/module/signal/id = 1
16:13:56.196 DEBUG: ProtocolConfigImpl.cpp:379:log_node_path_and_value(): dlep/module/signal/message = false
16:13:56.196 DEBUG: ProtocolConfigImpl.cpp:379:log_node_path_and_value(): dlep/module/signal/sender = router
16:13:56.196 DEBUG: ProtocolConfigImpl.cpp:379:log_node_path_and_value(): dlep/module/signal/data_item/name = Peer_Type
16:13:56.196 DEBUG: ProtocolConfigImpl.cpp:379:log_node_path_and_value(): dlep/module/signal/data_item/occurs = 0-1
16:13:56.196 DEBUG: ProtocolConfigImpl.cpp:584:insert_id_name_mapping(): signal mapping: Peer_Discovery <--> 1
16:13:56.196 DEBUG: ProtocolConfigImpl.cpp:379:log_node_path_and_value(): dlep/module/signal/name = Peer_Offer
16:13:56.196 DEBUG: ProtocolConfigImpl.cpp:379:log_node_path_and_value(): dlep/module/signal/id = 2
16:13:56.196 DEBUG: ProtocolConfigImpl.cpp:379:log_node_path_and_value(): dlep/module/signal/message = false
16:13:56.196 DEBUG: ProtocolConfigImpl.cpp:379:log_node_path_and_value(): dlep/module/signal/sender = modem
16:13:56.196 DEBUG: ProtocolConfigImpl.cpp:379:log_node_path_and_value(): dlep/module/signal/data_item/name = Peer_Type
16:13:56.196 DEBUG: ProtocolConfigImpl.cpp:379:log_node_path_and_value(): dlep/module/signal/data_item/occurs = 0-1
16:13:56.196 DEBUG: ProtocolConfigImpl.cpp:379:log_node_path_and_value(): dlep/module/signal/data_item/name = IPv4_Connection_Point
16:13:56.196 DEBUG: ProtocolConfigImpl.cpp:379:log_node_path_and_value(): dlep/module/signal/data_item/occurs = 0+
16:13:56.196 DEBUG: ProtocolConfigImpl.cpp:379:log_node_path_and_value(): dlep/module/signal/data_item/name = IPv6_Connection_Point
16:13:56.196 DEBUG: ProtocolConfigImpl.cpp:379:log_node_path_and_value(): dlep/module/signal/data_item/occurs = 0+
16:13:56.196 DEBUG: ProtocolConfigImpl.cpp:584:insert_id_name_mapping(): signal mapping: Peer_Offer <--> 2
16:13:56.196 DEBUG: ProtocolConfigImpl.cpp:379:log_node_path_and_value(): dlep/module/signal/name = Session_Initialization_Response
16:13:56.196 INFO: ProtocolConfigImpl.cpp:678:extract_module_signal(): ignoring unrecognized xml node comment
16:13:56.196 DEBUG: ProtocolConfigImpl.cpp:379:log_node_path_and_value(): dlep/module/signal/id = 2
16:13:56.196 DEBUG: ProtocolConfigImpl.cpp:379:log_node_path_and_value(): dlep/module/signal/message = true
16:13:56.196 DEBUG: ProtocolConfigImpl.cpp:379:log_node_path_and_value(): dlep/module/signal/sender = modem
16:13:56.196 DEBUG: ProtocolConfigImpl.cpp:379:log_node_path_and_value(): dlep/module/signal/data_item/name = Heartbeat_Interval
16:13:56.196 DEBUG: ProtocolConfigImpl.cpp:379:log_node_path_and_value(): dlep/module/signal/data_item/occurs = 1
16:13:56.196 DEBUG: ProtocolConfigImpl.cpp:379:log_node_path_and_value(): dlep/module/signal/data_item/name = Maximum_Data_Rate_Receive
16:13:56.196 DEBUG: ProtocolConfigImpl.cpp:379:log_node_path_and_value(): dlep/module/signal/data_item/occurs = 1
16:13:56.196 DEBUG: ProtocolConfigImpl.cpp:379:log_node_path_and_value(): dlep/module/signal/data_item/name = Maximum_Data_Rate_Transmit
16:13:56.196 DEBUG: ProtocolConfigImpl.cpp:379:log_node_path_and_value(): dlep/module/signal/data_item/occurs = 1
16:13:56.196 DEBUG: ProtocolConfigImpl.cpp:379:log_node_path_and_value(): dlep/module/signal/data_item/name = Current_Data_Rate_Receive
16:13:56.196 DEBUG: ProtocolConfigImpl.cpp:379:log_node_path_and_value(): dlep/module/signal/data_item/occurs = 1
16:13:56.196 DEBUG: ProtocolConfigImpl.cpp:379:log_node_path_and_value(): dlep/module/signal/data_item/name = Current_Data_Rate_Transmit
16:13:56.196 DEBUG: ProtocolConfigImpl.cpp:379:log_node_path_and_value(): dlep/module/signal/data_item/occurs = 1
16:13:56.196 DEBUG: ProtocolConfigImpl.cpp:379:log_node_path_and_value(): dlep/module/signal/data_item/name = Latency
16:13:56.196 DEBUG: ProtocolConfigImpl.cpp:379:log_node_path_and_value(): dlep/module/signal/data_item/occurs = 1
16:13:56.196 DEBUG: ProtocolConfigImpl.cpp:379:log_node_path_and_value(): dlep/module/signal/data_item/name = Resources
16:13:56.196 DEBUG: ProtocolConfigImpl.cpp:379:log_node_path_and_value(): dlep/module/signal/data_item/occurs = 0-1
16:13:56.196 DEBUG: ProtocolConfigImpl.cpp:379:log_node_path_and_value(): dlep/module/signal/data_item/name = Resources_Receive
16:13:56.196 DEBUG: ProtocolConfigImpl.cpp:379:log_node_path_and_value(): dlep/module/signal/data_item/occurs = 0-1
16:13:56.196 DEBUG: ProtocolConfigImpl.cpp:379:log_node_path_and_value(): dlep/module/signal/data_item/name = Resources_Transmit
16:13:56.196 DEBUG: ProtocolConfigImpl.cpp:379:log_node_path_and_value(): dlep/module/signal/data_item/occurs = 0-1
16:13:56.196 DEBUG: ProtocolConfigImpl.cpp:379:log_node_path_and_value(): dlep/module/signal/data_item/name = Relative_Link_Quality_Receive
16:13:56.196 DEBUG: ProtocolConfigImpl.cpp:379:log_node_path_and_value(): dlep/module/signal/data_item/occurs = 0-1
16:13:56.196 DEBUG: ProtocolConfigImpl.cpp:379:log_node_path_and_value(): dlep/module/signal/data_item/name = Relative_Link_Quality_Transmit
16:13:56.196 DEBUG: ProtocolConfigImpl.cpp:379:log_node_path_and_value(): dlep/module/signal/data_item/occurs = 0-1
16:13:56.196 DEBUG: ProtocolConfigImpl.cpp:379:log_node_path_and_value(): dlep/module/signal/data_item/name = Status
16:13:56.196 DEBUG: ProtocolConfigImpl.cpp:379:log_node_path_and_value(): dlep/module/signal/data_item/occurs = 1
16:13:56.196 DEBUG: ProtocolConfigImpl.cpp:379:log_node_path_and_value(): dlep/module/signal/data_item/name = Peer_Type
16:13:56.196 DEBUG: ProtocolConfigImpl.cpp:379:log_node_path_and_value(): dlep/module/signal/data_item/occurs = 0-1
16:13:56.196 DEBUG: ProtocolConfigImpl.cpp:379:log_node_path_and_value(): dlep/module/signal/data_item/name = Extensions_Supported
16:13:56.196 DEBUG: ProtocolConfigImpl.cpp:379:log_node_path_and_value(): dlep/module/signal/data_item/occurs = 0-1
16:13:56.196 DEBUG: ProtocolConfigImpl.cpp:379:log_node_path_and_value(): dlep/module/signal/data_item/name = Maximum_Transmission_Unit
16:13:56.196 DEBUG: ProtocolConfigImpl.cpp:379:log_node_path_and_value(): dlep/module/signal/data_item/occurs = 0-1
16:13:56.196 DEBUG: ProtocolConfigImpl.cpp:584:insert_id_name_mapping(): message mapping: Session_Initialization_Response <--> 2
16:13:56.196 DEBUG: ProtocolConfigImpl.cpp:379:log_node_path_and_value(): dlep/module/signal/name = Session_Initialization
16:13:56.196 INFO: ProtocolConfigImpl.cpp:678:extract_module_signal(): ignoring unrecognized xml node comment
16:13:56.196 DEBUG: ProtocolConfigImpl.cpp:379:log_node_path_and_value(): dlep/module/signal/id = 1
16:13:56.196 DEBUG: ProtocolConfigImpl.cpp:379:log_node_path_and_value(): dlep/module/signal/message = true
16:13:56.196 DEBUG: ProtocolConfigImpl.cpp:379:log_node_path_and_value(): dlep/module/signal/sender = router
16:13:56.196 DEBUG: ProtocolConfigImpl.cpp:379:log_node_path_and_value(): dlep/module/signal/response = Session_Initialization_Response
16:13:56.196 DEBUG: ProtocolConfigImpl.cpp:379:log_node_path_and_value(): dlep/module/signal/data_item/name = Heartbeat_Interval
16:13:56.196 DEBUG: ProtocolConfigImpl.cpp:379:log_node_path_and_value(): dlep/module/signal/data_item/occurs = 1
16:13:56.196 DEBUG: ProtocolConfigImpl.cpp:379:log_node_path_and_value(): dlep/module/signal/data_item/name = Peer_Type
16:13:56.196 DEBUG: ProtocolConfigImpl.cpp:379:log_node_path_and_value(): dlep/module/signal/data_item/occurs = 0-1
16:13:56.196 DEBUG: ProtocolConfigImpl.cpp:379:log_node_path_and_value(): dlep/module/signal/data_item/name = IPv4_Address
16:13:56.196 DEBUG: ProtocolConfigImpl.cpp:379:log_node_path_and_value(): dlep/module/signal/data_item/occurs = 0+
16:13:56.196 DEBUG: ProtocolConfigImpl.cpp:379:log_node_path_and_value(): dlep/module/signal/data_item/name = IPv4_Attached_Subnet
16:13:56.196 DEBUG: ProtocolConfigImpl.cpp:379:log_node_path_and_value(): dlep/module/signal/data_item/occurs = 0+
16:13:56.196 DEBUG: ProtocolConfigImpl.cpp:379:log_node_path_and_value(): dlep/module/signal/data_item/name = IPv6_Address
16:13:56.196 DEBUG: ProtocolConfigImpl.cpp:379:log_node_path_and_value(): dlep/module/signal/data_item/occurs = 0+
16:13:56.196 DEBUG: ProtocolConfigImpl.cpp:379:log_node_path_and_value(): dlep/module/signal/data_item/name = IPv6_Attached_Subnet
16:13:56.196 DEBUG: ProtocolConfigImpl.cpp:379:log_node_path_and_value(): dlep/module/signal/data_item/occurs = 0+
16:13:56.196 DEBUG: ProtocolConfigImpl.cpp:379:log_node_path_and_value(): dlep/module/signal/data_item/name = Extensions_Supported
16:13:56.196 DEBUG: ProtocolConfigImpl.cpp:379:log_node_path_and_value(): dlep/module/signal/data_item/occurs = 0-1
16:13:56.196 DEBUG: ProtocolConfigImpl.cpp:584:insert_id_name_mapping(): message mapping: Session_Initialization <--> 1
16:13:56.196 DEBUG: ProtocolConfigImpl.cpp:379:log_node_path_and_value(): dlep/module/signal/name = Session_Update_Response
16:13:56.196 INFO: ProtocolConfigImpl.cpp:678:extract_module_signal(): ignoring unrecognized xml node comment
16:13:56.196 DEBUG: ProtocolConfigImpl.cpp:379:log_node_path_and_value(): dlep/module/signal/id = 4
16:13:56.196 DEBUG: ProtocolConfigImpl.cpp:379:log_node_path_and_value(): dlep/module/signal/message = true
16:13:56.196 DEBUG: ProtocolConfigImpl.cpp:379:log_node_path_and_value(): dlep/module/signal/sender = both
16:13:56.196 DEBUG: ProtocolConfigImpl.cpp:379:log_node_path_and_value(): dlep/module/signal/data_item/name = Status
16:13:56.196 DEBUG: ProtocolConfigImpl.cpp:379:log_node_path_and_value(): dlep/module/signal/data_item/occurs = 1
16:13:56.196 DEBUG: ProtocolConfigImpl.cpp:584:insert_id_name_mapping(): message mapping: Session_Update_Response <--> 4
16:13:56.196 DEBUG: ProtocolConfigImpl.cpp:379:log_node_path_and_value(): dlep/module/signal/name = Session_Update
16:13:56.196 INFO: ProtocolConfigImpl.cpp:678:extract_module_signal(): ignoring unrecognized xml node comment
16:13:56.196 DEBUG: ProtocolConfigImpl.cpp:379:log_node_path_and_value(): dlep/module/signal/id = 3
16:13:56.196 DEBUG: ProtocolConfigImpl.cpp:379:log_node_path_and_value(): dlep/module/signal/message = true
16:13:56.196 DEBUG: ProtocolConfigImpl.cpp:379:log_node_path_and_value(): dlep/module/signal/sender = both
16:13:56.196 DEBUG: ProtocolConfigImpl.cpp:379:log_node_path_and_value(): dlep/module/signal/response = Session_Update_Response
16:13:56.196 DEBUG: ProtocolConfigImpl.cpp:379:log_node_path_and_value(): dlep/module/signal/data_item/name = Maximum_Data_Rate_Receive
16:13:56.196 DEBUG: ProtocolConfigImpl.cpp:379:log_node_path_and_value(): dlep/module/signal/data_item/occurs = 0-1
16:13:56.196 DEBUG: ProtocolConfigImpl.cpp:379:log_node_path_and_value(): dlep/module/signal/data_item/name = Maximum_Data_Rate_Transmit
16:13:56.196 DEBUG: ProtocolConfigImpl.cpp:379:log_node_path_and_value(): dlep/module/signal/data_item/occurs = 0-1
16:13:56.196 DEBUG: ProtocolConfigImpl.cpp:379:log_node_path_and_value(): dlep/module/signal/data_item/name = Current_Data_Rate_Receive
16:13:56.196 DEBUG: ProtocolConfigImpl.cpp:379:log_node_path_and_value(): dlep/module/signal/data_item/occurs = 0-1
16:13:56.196 DEBUG: ProtocolConfigImpl.cpp:379:log_node_path_and_value(): dlep/module/signal/data_item/name = Current_Data_Rate_Transmit
16:13:56.196 DEBUG: ProtocolConfigImpl.cpp:379:log_node_path_and_value(): dlep/module/signal/data_item/occurs = 0-1
16:13:56.196 DEBUG: ProtocolConfigImpl.cpp:379:log_node_path_and_value(): dlep/module/signal/data_item/name = Latency
16:13:56.196 DEBUG: ProtocolConfigImpl.cpp:379:log_node_path_and_value(): dlep/module/signal/data_item/occurs = 0-1
16:13:56.196 DEBUG: ProtocolConfigImpl.cpp:379:log_node_path_and_value(): dlep/module/signal/data_item/name = Resources
16:13:56.196 DEBUG: ProtocolConfigImpl.cpp:379:log_node_path_and_value(): dlep/module/signal/data_item/occurs = 0-1
16:13:56.196 DEBUG: ProtocolConfigImpl.cpp:379:log_node_path_and_value(): dlep/module/signal/data_item/name = Resources_Receive
16:13:56.196 DEBUG: ProtocolConfigImpl.cpp:379:log_node_path_and_value(): dlep/module/signal/data_item/occurs = 0-1
16:13:56.196 DEBUG: ProtocolConfigImpl.cpp:379:log_node_path_and_value(): dlep/module/signal/data_item/name = Resources_Transmit
16:13:56.196 DEBUG: ProtocolConfigImpl.cpp:379:log_node_path_and_value(): dlep/module/signal/data_item/occurs = 0-1
16:13:56.196 DEBUG: ProtocolConfigImpl.cpp:379:log_node_path_and_value(): dlep/module/signal/data_item/name = Relative_Link_Quality_Receive
16:13:56.196 DEBUG: ProtocolConfigImpl.cpp:379:log_node_path_and_value(): dlep/module/signal/data_item/occurs = 0-1
16:13:56.196 DEBUG: ProtocolConfigImpl.cpp:379:log_node_path_and_value(): dlep/module/signal/data_item/name = Relative_Link_Quality_Transmit
16:13:56.196 DEBUG: ProtocolConfigImpl.cpp:379:log_node_path_and_value(): dlep/module/signal/data_item/occurs = 0-1
16:13:56.196 DEBUG: ProtocolConfigImpl.cpp:379:log_node_path_and_value(): dlep/module/signal/data_item/name = Maximum_Transmission_Unit
16:13:56.196 DEBUG: ProtocolConfigImpl.cpp:379:log_node_path_and_value(): dlep/module/signal/data_item/occurs = 0-1
16:13:56.196 DEBUG: ProtocolConfigImpl.cpp:379:log_node_path_and_value(): dlep/module/signal/data_item/name = IPv4_Address
16:13:56.196 DEBUG: ProtocolConfigImpl.cpp:379:log_node_path_and_value(): dlep/module/signal/data_item/occurs = 0+
16:13:56.196 DEBUG: ProtocolConfigImpl.cpp:379:log_node_path_and_value(): dlep/module/signal/data_item/name = IPv4_Attached_Subnet
16:13:56.196 DEBUG: ProtocolConfigImpl.cpp:379:log_node_path_and_value(): dlep/module/signal/data_item/occurs = 0+
16:13:56.196 DEBUG: ProtocolConfigImpl.cpp:379:log_node_path_and_value(): dlep/module/signal/data_item/name = IPv6_Address
16:13:56.196 DEBUG: ProtocolConfigImpl.cpp:379:log_node_path_and_value(): dlep/module/signal/data_item/occurs = 0+
16:13:56.196 DEBUG: ProtocolConfigImpl.cpp:379:log_node_path_and_value(): dlep/module/signal/data_item/name = IPv6_Attached_Subnet
16:13:56.196 DEBUG: ProtocolConfigImpl.cpp:379:log_node_path_and_value(): dlep/module/signal/data_item/occurs = 0+
16:13:56.196 DEBUG: ProtocolConfigImpl.cpp:584:insert_id_name_mapping(): message mapping: Session_Update <--> 3
16:13:56.196 DEBUG: ProtocolConfigImpl.cpp:379:log_node_path_and_value(): dlep/module/signal/name = Session_Termination_Response
16:13:56.196 INFO: ProtocolConfigImpl.cpp:678:extract_module_signal(): ignoring unrecognized xml node comment
16:13:56.196 DEBUG: ProtocolConfigImpl.cpp:379:log_node_path_and_value(): dlep/module/signal/id = 6
16:13:56.196 DEBUG: ProtocolConfigImpl.cpp:379:log_node_path_and_value(): dlep/module/signal/message = true
16:13:56.196 DEBUG: ProtocolConfigImpl.cpp:379:log_node_path_and_value(): dlep/module/signal/sender = both
16:13:56.196 DEBUG: ProtocolConfigImpl.cpp:584:insert_id_name_mapping(): message mapping: Session_Termination_Response <--> 6
16:13:56.196 DEBUG: ProtocolConfigImpl.cpp:379:log_node_path_and_value(): dlep/module/signal/name = Session_Termination
16:13:56.196 INFO: ProtocolConfigImpl.cpp:678:extract_module_signal(): ignoring unrecognized xml node comment
16:13:56.196 DEBUG: ProtocolConfigImpl.cpp:379:log_node_path_and_value(): dlep/module/signal/id = 5
16:13:56.196 DEBUG: ProtocolConfigImpl.cpp:379:log_node_path_and_value(): dlep/module/signal/message = true
16:13:56.196 DEBUG: ProtocolConfigImpl.cpp:379:log_node_path_and_value(): dlep/module/signal/sender = both
16:13:56.196 DEBUG: ProtocolConfigImpl.cpp:379:log_node_path_and_value(): dlep/module/signal/response = Session_Termination_Response
16:13:56.196 DEBUG: ProtocolConfigImpl.cpp:379:log_node_path_and_value(): dlep/module/signal/data_item/name = Status
16:13:56.196 DEBUG: ProtocolConfigImpl.cpp:379:log_node_path_and_value(): dlep/module/signal/data_item/occurs = 1
16:13:56.196 DEBUG: ProtocolConfigImpl.cpp:584:insert_id_name_mapping(): message mapping: Session_Termination <--> 5
16:13:56.196 DEBUG: ProtocolConfigImpl.cpp:379:log_node_path_and_value(): dlep/module/signal/name = Destination_Up_Response
16:13:56.196 INFO: ProtocolConfigImpl.cpp:678:extract_module_signal(): ignoring unrecognized xml node comment
16:13:56.196 DEBUG: ProtocolConfigImpl.cpp:379:log_node_path_and_value(): dlep/module/signal/id = 8
16:13:56.196 DEBUG: ProtocolConfigImpl.cpp:379:log_node_path_and_value(): dlep/module/signal/message = true
16:13:56.196 DEBUG: ProtocolConfigImpl.cpp:379:log_node_path_and_value(): dlep/module/signal/sender = router
16:13:56.196 DEBUG: ProtocolConfigImpl.cpp:379:log_node_path_and_value(): dlep/module/signal/data_item/name = MAC_Address
16:13:56.196 DEBUG: ProtocolConfigImpl.cpp:379:log_node_path_and_value(): dlep/module/signal/data_item/occurs = 1
16:13:56.196 DEBUG: ProtocolConfigImpl.cpp:379:log_node_path_and_value(): dlep/module/signal/data_item/name = Status
16:13:56.196 DEBUG: ProtocolConfigImpl.cpp:379:log_node_path_and_value(): dlep/module/signal/data_item/occurs = 1
16:13:56.196 DEBUG: ProtocolConfigImpl.cpp:584:insert_id_name_mapping(): message mapping: Destination_Up_Response <--> 8
16:13:56.196 DEBUG: ProtocolConfigImpl.cpp:379:log_node_path_and_value(): dlep/module/signal/name = Destination_Up
16:13:56.196 DEBUG: ProtocolConfigImpl.cpp:379:log_node_path_and_value(): dlep/module/signal/id = 7
16:13:56.196 DEBUG: ProtocolConfigImpl.cpp:379:log_node_path_and_value(): dlep/module/signal/message = true
16:13:56.196 DEBUG: ProtocolConfigImpl.cpp:379:log_node_path_and_value(): dlep/module/signal/sender = modem
16:13:56.196 DEBUG: ProtocolConfigImpl.cpp:379:log_node_path_and_value(): dlep/module/signal/response = Destination_Up_Response
16:13:56.196 DEBUG: ProtocolConfigImpl.cpp:379:log_node_path_and_value(): dlep/module/signal/data_item/name = MAC_Address
16:13:56.196 DEBUG: ProtocolConfigImpl.cpp:379:log_node_path_and_value(): dlep/module/signal/data_item/occurs = 1
16:13:56.196 DEBUG: ProtocolConfigImpl.cpp:379:log_node_path_and_value(): dlep/module/signal/data_item/name = Maximum_Data_Rate_Receive
16:13:56.196 DEBUG: ProtocolConfigImpl.cpp:379:log_node_path_and_value(): dlep/module/signal/data_item/occurs = 0-1
16:13:56.196 DEBUG: ProtocolConfigImpl.cpp:379:log_node_path_and_value(): dlep/module/signal/data_item/name = Maximum_Data_Rate_Transmit
16:13:56.196 DEBUG: ProtocolConfigImpl.cpp:379:log_node_path_and_value(): dlep/module/signal/data_item/occurs = 0-1
16:13:56.196 DEBUG: ProtocolConfigImpl.cpp:379:log_node_path_and_value(): dlep/module/signal/data_item/name = Current_Data_Rate_Receive
16:13:56.196 DEBUG: ProtocolConfigImpl.cpp:379:log_node_path_and_value(): dlep/module/signal/data_item/occurs = 0-1
16:13:56.196 DEBUG: ProtocolConfigImpl.cpp:379:log_node_path_and_value(): dlep/module/signal/data_item/name = Current_Data_Rate_Transmit
16:13:56.196 DEBUG: ProtocolConfigImpl.cpp:379:log_node_path_and_value(): dlep/module/signal/data_item/occurs = 0-1
16:13:56.196 DEBUG: ProtocolConfigImpl.cpp:379:log_node_path_and_value(): dlep/module/signal/data_item/name = Latency
16:13:56.196 DEBUG: ProtocolConfigImpl.cpp:379:log_node_path_and_value(): dlep/module/signal/data_item/occurs = 0-1
16:13:56.196 DEBUG: ProtocolConfigImpl.cpp:379:log_node_path_and_value(): dlep/module/signal/data_item/name = Resources
16:13:56.196 DEBUG: ProtocolConfigImpl.cpp:379:log_node_path_and_value(): dlep/module/signal/data_item/occurs = 0-1
16:13:56.196 DEBUG: ProtocolConfigImpl.cpp:379:log_node_path_and_value(): dlep/module/signal/data_item/name = Resources_Receive
16:13:56.196 DEBUG: ProtocolConfigImpl.cpp:379:log_node_path_and_value(): dlep/module/signal/data_item/occurs = 0-1
16:13:56.196 DEBUG: ProtocolConfigImpl.cpp:379:log_node_path_and_value(): dlep/module/signal/data_item/name = Resources_Transmit
16:13:56.196 DEBUG: ProtocolConfigImpl.cpp:379:log_node_path_and_value(): dlep/module/signal/data_item/occurs = 0-1
16:13:56.196 DEBUG: ProtocolConfigImpl.cpp:379:log_node_path_and_value(): dlep/module/signal/data_item/name = Relative_Link_Quality_Receive
16:13:56.196 DEBUG: ProtocolConfigImpl.cpp:379:log_node_path_and_value(): dlep/module/signal/data_item/occurs = 0-1
16:13:56.196 DEBUG: ProtocolConfigImpl.cpp:379:log_node_path_and_value(): dlep/module/signal/data_item/name = Relative_Link_Quality_Transmit
16:13:56.196 DEBUG: ProtocolConfigImpl.cpp:379:log_node_path_and_value(): dlep/module/signal/data_item/occurs = 0-1
16:13:56.196 DEBUG: ProtocolConfigImpl.cpp:379:log_node_path_and_value(): dlep/module/signal/data_item/name = Maximum_Transmission_Unit
16:13:56.196 DEBUG: ProtocolConfigImpl.cpp:379:log_node_path_and_value(): dlep/module/signal/data_item/occurs = 0-1
16:13:56.196 DEBUG: ProtocolConfigImpl.cpp:379:log_node_path_and_value(): dlep/module/signal/data_item/name = IPv4_Address
16:13:56.196 DEBUG: ProtocolConfigImpl.cpp:379:log_node_path_and_value(): dlep/module/signal/data_item/occurs = 0+
16:13:56.196 DEBUG: ProtocolConfigImpl.cpp:379:log_node_path_and_value(): dlep/module/signal/data_item/name = IPv6_Address
16:13:56.197 DEBUG: ProtocolConfigImpl.cpp:379:log_node_path_and_value(): dlep/module/signal/data_item/occurs = 0+
16:13:56.197 DEBUG: ProtocolConfigImpl.cpp:379:log_node_path_and_value(): dlep/module/signal/data_item/name = IPv4_Attached_Subnet
16:13:56.197 DEBUG: ProtocolConfigImpl.cpp:379:log_node_path_and_value(): dlep/module/signal/data_item/occurs = 0+
16:13:56.197 DEBUG: ProtocolConfigImpl.cpp:379:log_node_path_and_value(): dlep/module/signal/data_item/name = IPv6_Attached_Subnet
16:13:56.197 DEBUG: ProtocolConfigImpl.cpp:379:log_node_path_and_value(): dlep/module/signal/data_item/occurs = 0+
16:13:56.197 DEBUG: ProtocolConfigImpl.cpp:584:insert_id_name_mapping(): message mapping: Destination_Up <--> 7
16:13:56.197 DEBUG: ProtocolConfigImpl.cpp:379:log_node_path_and_value(): dlep/module/signal/name = Destination_Announce_Response
16:13:56.197 DEBUG: ProtocolConfigImpl.cpp:379:log_node_path_and_value(): dlep/module/signal/id = 10
16:13:56.197 DEBUG: ProtocolConfigImpl.cpp:379:log_node_path_and_value(): dlep/module/signal/message = true
16:13:56.197 DEBUG: ProtocolConfigImpl.cpp:379:log_node_path_and_value(): dlep/module/signal/sender = modem
16:13:56.197 DEBUG: ProtocolConfigImpl.cpp:379:log_node_path_and_value(): dlep/module/signal/data_item/name = MAC_Address
16:13:56.197 DEBUG: ProtocolConfigImpl.cpp:379:log_node_path_and_value(): dlep/module/signal/data_item/occurs = 1
16:13:56.197 DEBUG: ProtocolConfigImpl.cpp:379:log_node_path_and_value(): dlep/module/signal/data_item/name = Maximum_Data_Rate_Receive
16:13:56.197 DEBUG: ProtocolConfigImpl.cpp:379:log_node_path_and_value(): dlep/module/signal/data_item/occurs = 0-1
16:13:56.197 DEBUG: ProtocolConfigImpl.cpp:379:log_node_path_and_value(): dlep/module/signal/data_item/name = Maximum_Data_Rate_Transmit
16:13:56.197 DEBUG: ProtocolConfigImpl.cpp:379:log_node_path_and_value(): dlep/module/signal/data_item/occurs = 0-1
16:13:56.197 DEBUG: ProtocolConfigImpl.cpp:379:log_node_path_and_value(): dlep/module/signal/data_item/name = Current_Data_Rate_Receive
16:13:56.197 DEBUG: ProtocolConfigImpl.cpp:379:log_node_path_and_value(): dlep/module/signal/data_item/occurs = 0-1
16:13:56.197 DEBUG: ProtocolConfigImpl.cpp:379:log_node_path_and_value(): dlep/module/signal/data_item/name = Current_Data_Rate_Transmit
16:13:56.197 DEBUG: ProtocolConfigImpl.cpp:379:log_node_path_and_value(): dlep/module/signal/data_item/occurs = 0-1
16:13:56.197 DEBUG: ProtocolConfigImpl.cpp:379:log_node_path_and_value(): dlep/module/signal/data_item/name = Latency
16:13:56.197 DEBUG: ProtocolConfigImpl.cpp:379:log_node_path_and_value(): dlep/module/signal/data_item/occurs = 0-1
16:13:56.197 DEBUG: ProtocolConfigImpl.cpp:379:log_node_path_and_value(): dlep/module/signal/data_item/name = Resources
16:13:56.197 DEBUG: ProtocolConfigImpl.cpp:379:log_node_path_and_value(): dlep/module/signal/data_item/occurs = 0-1
16:13:56.197 DEBUG: ProtocolConfigImpl.cpp:379:log_node_path_and_value(): dlep/module/signal/data_item/name = Resources_Receive
16:13:56.197 DEBUG: ProtocolConfigImpl.cpp:379:log_node_path_and_value(): dlep/module/signal/data_item/occurs = 0-1
16:13:56.197 DEBUG: ProtocolConfigImpl.cpp:379:log_node_path_and_value(): dlep/module/signal/data_item/name = Resources_Transmit
16:13:56.197 DEBUG: ProtocolConfigImpl.cpp:379:log_node_path_and_value(): dlep/module/signal/data_item/occurs = 0-1
16:13:56.197 DEBUG: ProtocolConfigImpl.cpp:379:log_node_path_and_value(): dlep/module/signal/data_item/name = Relative_Link_Quality_Receive
16:13:56.197 DEBUG: ProtocolConfigImpl.cpp:379:log_node_path_and_value(): dlep/module/signal/data_item/occurs = 0-1
16:13:56.197 DEBUG: ProtocolConfigImpl.cpp:379:log_node_path_and_value(): dlep/module/signal/data_item/name = Relative_Link_Quality_Transmit
16:13:56.197 DEBUG: ProtocolConfigImpl.cpp:379:log_node_path_and_value(): dlep/module/signal/data_item/occurs = 0-1
16:13:56.197 DEBUG: ProtocolConfigImpl.cpp:379:log_node_path_and_value(): dlep/module/signal/data_item/name = Maximum_Transmission_Unit
16:13:56.197 DEBUG: ProtocolConfigImpl.cpp:379:log_node_path_and_value(): dlep/module/signal/data_item/occurs = 0-1
16:13:56.197 DEBUG: ProtocolConfigImpl.cpp:379:log_node_path_and_value(): dlep/module/signal/data_item/name = IPv4_Address
16:13:56.197 DEBUG: ProtocolConfigImpl.cpp:379:log_node_path_and_value(): dlep/module/signal/data_item/occurs = 0+
16:13:56.197 DEBUG: ProtocolConfigImpl.cpp:379:log_node_path_and_value(): dlep/module/signal/data_item/name = IPv6_Address
16:13:56.197 DEBUG: ProtocolConfigImpl.cpp:379:log_node_path_and_value(): dlep/module/signal/data_item/occurs = 0+
16:13:56.197 DEBUG: ProtocolConfigImpl.cpp:379:log_node_path_and_value(): dlep/module/signal/data_item/name = IPv4_Attached_Subnet
16:13:56.197 DEBUG: ProtocolConfigImpl.cpp:379:log_node_path_and_value(): dlep/module/signal/data_item/occurs = 0+
16:13:56.197 DEBUG: ProtocolConfigImpl.cpp:379:log_node_path_and_value(): dlep/module/signal/data_item/name = IPv6_Attached_Subnet
16:13:56.197 DEBUG: ProtocolConfigImpl.cpp:379:log_node_path_and_value(): dlep/module/signal/data_item/occurs = 0+
16:13:56.197 DEBUG: ProtocolConfigImpl.cpp:379:log_node_path_and_value(): dlep/module/signal/data_item/name = Status
16:13:56.197 DEBUG: ProtocolConfigImpl.cpp:379:log_node_path_and_value(): dlep/module/signal/data_item/occurs = 1
16:13:56.197 DEBUG: ProtocolConfigImpl.cpp:584:insert_id_name_mapping(): message mapping: Destination_Announce_Response <--> 10
16:13:56.197 DEBUG: ProtocolConfigImpl.cpp:379:log_node_path_and_value(): dlep/module/signal/name = Destination_Announce
16:13:56.197 DEBUG: ProtocolConfigImpl.cpp:379:log_node_path_and_value(): dlep/module/signal/id = 9
16:13:56.197 DEBUG: ProtocolConfigImpl.cpp:379:log_node_path_and_value(): dlep/module/signal/message = true
16:13:56.197 DEBUG: ProtocolConfigImpl.cpp:379:log_node_path_and_value(): dlep/module/signal/sender = router
16:13:56.197 DEBUG: ProtocolConfigImpl.cpp:379:log_node_path_and_value(): dlep/module/signal/response = Destination_Announce_Response
16:13:56.197 DEBUG: ProtocolConfigImpl.cpp:379:log_node_path_and_value(): dlep/module/signal/data_item/name = MAC_Address
16:13:56.197 DEBUG: ProtocolConfigImpl.cpp:379:log_node_path_and_value(): dlep/module/signal/data_item/occurs = 1
16:13:56.197 DEBUG: ProtocolConfigImpl.cpp:379:log_node_path_and_value(): dlep/module/signal/data_item/name = IPv4_Address
16:13:56.197 DEBUG: ProtocolConfigImpl.cpp:379:log_node_path_and_value(): dlep/module/signal/data_item/occurs = 0+
16:13:56.197 DEBUG: ProtocolConfigImpl.cpp:379:log_node_path_and_value(): dlep/module/signal/data_item/name = IPv6_Address
16:13:56.197 DEBUG: ProtocolConfigImpl.cpp:379:log_node_path_and_value(): dlep/module/signal/data_item/occurs = 0+
16:13:56.197 DEBUG: ProtocolConfigImpl.cpp:584:insert_id_name_mapping(): message mapping: Destination_Announce <--> 9
16:13:56.197 DEBUG: ProtocolConfigImpl.cpp:379:log_node_path_and_value(): dlep/module/signal/name = Destination_Down_Response
16:13:56.197 INFO: ProtocolConfigImpl.cpp:678:extract_module_signal(): ignoring unrecognized xml node comment
16:13:56.197 DEBUG: ProtocolConfigImpl.cpp:379:log_node_path_and_value(): dlep/module/signal/id = 12
16:13:56.197 DEBUG: ProtocolConfigImpl.cpp:379:log_node_path_and_value(): dlep/module/signal/message = true
16:13:56.197 DEBUG: ProtocolConfigImpl.cpp:379:log_node_path_and_value(): dlep/module/signal/sender = both
16:13:56.197 DEBUG: ProtocolConfigImpl.cpp:379:log_node_path_and_value(): dlep/module/signal/data_item/name = MAC_Address
16:13:56.197 DEBUG: ProtocolConfigImpl.cpp:379:log_node_path_and_value(): dlep/module/signal/data_item/occurs = 1
16:13:56.197 DEBUG: ProtocolConfigImpl.cpp:379:log_node_path_and_value(): dlep/module/signal/data_item/name = Status
16:13:56.197 DEBUG: ProtocolConfigImpl.cpp:379:log_node_path_and_value(): dlep/module/signal/data_item/occurs = 1
16:13:56.197 DEBUG: ProtocolConfigImpl.cpp:584:insert_id_name_mapping(): message mapping: Destination_Down_Response <--> 12
16:13:56.197 DEBUG: ProtocolConfigImpl.cpp:379:log_node_path_and_value(): dlep/module/signal/name = Destination_Down
16:13:56.197 DEBUG: ProtocolConfigImpl.cpp:379:log_node_path_and_value(): dlep/module/signal/id = 11
16:13:56.197 DEBUG: ProtocolConfigImpl.cpp:379:log_node_path_and_value(): dlep/module/signal/message = true
16:13:56.197 DEBUG: ProtocolConfigImpl.cpp:379:log_node_path_and_value(): dlep/module/signal/sender = both
16:13:56.197 DEBUG: ProtocolConfigImpl.cpp:379:log_node_path_and_value(): dlep/module/signal/response = Destination_Down_Response
16:13:56.197 DEBUG: ProtocolConfigImpl.cpp:379:log_node_path_and_value(): dlep/module/signal/data_item/name = MAC_Address
16:13:56.197 DEBUG: ProtocolConfigImpl.cpp:379:log_node_path_and_value(): dlep/module/signal/data_item/occurs = 1
16:13:56.197 DEBUG: ProtocolConfigImpl.cpp:584:insert_id_name_mapping(): message mapping: Destination_Down <--> 11
16:13:56.197 DEBUG: ProtocolConfigImpl.cpp:379:log_node_path_and_value(): dlep/module/signal/name = Destination_Update
16:13:56.197 DEBUG: ProtocolConfigImpl.cpp:379:log_node_path_and_value(): dlep/module/signal/id = 13
16:13:56.197 DEBUG: ProtocolConfigImpl.cpp:379:log_node_path_and_value(): dlep/module/signal/message = true
16:13:56.197 DEBUG: ProtocolConfigImpl.cpp:379:log_node_path_and_value(): dlep/module/signal/sender = modem
16:13:56.197 DEBUG: ProtocolConfigImpl.cpp:379:log_node_path_and_value(): dlep/module/signal/data_item/name = MAC_Address
16:13:56.197 DEBUG: ProtocolConfigImpl.cpp:379:log_node_path_and_value(): dlep/module/signal/data_item/occurs = 1
16:13:56.197 DEBUG: ProtocolConfigImpl.cpp:379:log_node_path_and_value(): dlep/module/signal/data_item/name = Maximum_Data_Rate_Receive
16:13:56.197 DEBUG: ProtocolConfigImpl.cpp:379:log_node_path_and_value(): dlep/module/signal/data_item/occurs = 0-1
16:13:56.197 DEBUG: ProtocolConfigImpl.cpp:379:log_node_path_and_value(): dlep/module/signal/data_item/name = Maximum_Data_Rate_Transmit
16:13:56.197 DEBUG: ProtocolConfigImpl.cpp:379:log_node_path_and_value(): dlep/module/signal/data_item/occurs = 0-1
16:13:56.197 DEBUG: ProtocolConfigImpl.cpp:379:log_node_path_and_value(): dlep/module/signal/data_item/name = Current_Data_Rate_Receive
16:13:56.197 DEBUG: ProtocolConfigImpl.cpp:379:log_node_path_and_value(): dlep/module/signal/data_item/occurs = 0-1
16:13:56.197 DEBUG: ProtocolConfigImpl.cpp:379:log_node_path_and_value(): dlep/module/signal/data_item/name = Current_Data_Rate_Transmit
16:13:56.197 DEBUG: ProtocolConfigImpl.cpp:379:log_node_path_and_value(): dlep/module/signal/data_item/occurs = 0-1
16:13:56.197 DEBUG: ProtocolConfigImpl.cpp:379:log_node_path_and_value(): dlep/module/signal/data_item/name = Latency
16:13:56.197 DEBUG: ProtocolConfigImpl.cpp:379:log_node_path_and_value(): dlep/module/signal/data_item/occurs = 0-1
16:13:56.197 DEBUG: ProtocolConfigImpl.cpp:379:log_node_path_and_value(): dlep/module/signal/data_item/name = Resources
16:13:56.197 DEBUG: ProtocolConfigImpl.cpp:379:log_node_path_and_value(): dlep/module/signal/data_item/occurs = 0-1
16:13:56.197 DEBUG: ProtocolConfigImpl.cpp:379:log_node_path_and_value(): dlep/module/signal/data_item/name = Resources_Receive
16:13:56.197 DEBUG: ProtocolConfigImpl.cpp:379:log_node_path_and_value(): dlep/module/signal/data_item/occurs = 0-1
16:13:56.197 DEBUG: ProtocolConfigImpl.cpp:379:log_node_path_and_value(): dlep/module/signal/data_item/name = Resources_Transmit
16:13:56.197 DEBUG: ProtocolConfigImpl.cpp:379:log_node_path_and_value(): dlep/module/signal/data_item/occurs = 0-1
16:13:56.197 DEBUG: ProtocolConfigImpl.cpp:379:log_node_path_and_value(): dlep/module/signal/data_item/name = Relative_Link_Quality_Receive
16:13:56.197 DEBUG: ProtocolConfigImpl.cpp:379:log_node_path_and_value(): dlep/module/signal/data_item/occurs = 0-1
16:13:56.197 DEBUG: ProtocolConfigImpl.cpp:379:log_node_path_and_value(): dlep/module/signal/data_item/name = Relative_Link_Quality_Transmit
16:13:56.197 DEBUG: ProtocolConfigImpl.cpp:379:log_node_path_and_value(): dlep/module/signal/data_item/occurs = 0-1
16:13:56.197 DEBUG: ProtocolConfigImpl.cpp:379:log_node_path_and_value(): dlep/module/signal/data_item/name = Maximum_Transmission_Unit
16:13:56.197 DEBUG: ProtocolConfigImpl.cpp:379:log_node_path_and_value(): dlep/module/signal/data_item/occurs = 0-1
16:13:56.197 DEBUG: ProtocolConfigImpl.cpp:379:log_node_path_and_value(): dlep/module/signal/data_item/name = IPv4_Address
16:13:56.197 DEBUG: ProtocolConfigImpl.cpp:379:log_node_path_and_value(): dlep/module/signal/data_item/occurs = 0+
16:13:56.197 DEBUG: ProtocolConfigImpl.cpp:379:log_node_path_and_value(): dlep/module/signal/data_item/name = IPv6_Address
16:13:56.197 DEBUG: ProtocolConfigImpl.cpp:379:log_node_path_and_value(): dlep/module/signal/data_item/occurs = 0+
16:13:56.197 DEBUG: ProtocolConfigImpl.cpp:379:log_node_path_and_value(): dlep/module/signal/data_item/name = IPv4_Attached_Subnet
16:13:56.197 DEBUG: ProtocolConfigImpl.cpp:379:log_node_path_and_value(): dlep/module/signal/data_item/occurs = 0+
16:13:56.197 DEBUG: ProtocolConfigImpl.cpp:379:log_node_path_and_value(): dlep/module/signal/data_item/name = IPv6_Attached_Subnet
16:13:56.197 DEBUG: ProtocolConfigImpl.cpp:379:log_node_path_and_value(): dlep/module/signal/data_item/occurs = 0+
16:13:56.197 DEBUG: ProtocolConfigImpl.cpp:584:insert_id_name_mapping(): message mapping: Destination_Update <--> 13
16:13:56.197 DEBUG: ProtocolConfigImpl.cpp:379:log_node_path_and_value(): dlep/module/signal/name = Link_Characteristics_Response
16:13:56.197 INFO: ProtocolConfigImpl.cpp:678:extract_module_signal(): ignoring unrecognized xml node comment
16:13:56.197 DEBUG: ProtocolConfigImpl.cpp:379:log_node_path_and_value(): dlep/module/signal/id = 15
16:13:56.197 DEBUG: ProtocolConfigImpl.cpp:379:log_node_path_and_value(): dlep/module/signal/message = true
16:13:56.197 DEBUG: ProtocolConfigImpl.cpp:379:log_node_path_and_value(): dlep/module/signal/sender = modem
16:13:56.197 DEBUG: ProtocolConfigImpl.cpp:379:log_node_path_and_value(): dlep/module/signal/data_item/name = MAC_Address
16:13:56.197 DEBUG: ProtocolConfigImpl.cpp:379:log_node_path_and_value(): dlep/module/signal/data_item/occurs = 1
16:13:56.197 DEBUG: ProtocolConfigImpl.cpp:379:log_node_path_and_value(): dlep/module/signal/data_item/name = Maximum_Data_Rate_Receive
16:13:56.197 DEBUG: ProtocolConfigImpl.cpp:379:log_node_path_and_value(): dlep/module/signal/data_item/occurs = 0-1
16:13:56.197 DEBUG: ProtocolConfigImpl.cpp:379:log_node_path_and_value(): dlep/module/signal/data_item/name = Maximum_Data_Rate_Transmit
16:13:56.197 DEBUG: ProtocolConfigImpl.cpp:379:log_node_path_and_value(): dlep/module/signal/data_item/occurs = 0-1
16:13:56.197 DEBUG: ProtocolConfigImpl.cpp:379:log_node_path_and_value(): dlep/module/signal/data_item/name = Current_Data_Rate_Receive
16:13:56.197 DEBUG: ProtocolConfigImpl.cpp:379:log_node_path_and_value(): dlep/module/signal/data_item/occurs = 0-1
16:13:56.197 DEBUG: ProtocolConfigImpl.cpp:379:log_node_path_and_value(): dlep/module/signal/data_item/name = Current_Data_Rate_Transmit
16:13:56.197 DEBUG: ProtocolConfigImpl.cpp:379:log_node_path_and_value(): dlep/module/signal/data_item/occurs = 0-1
16:13:56.197 DEBUG: ProtocolConfigImpl.cpp:379:log_node_path_and_value(): dlep/module/signal/data_item/name = Latency
16:13:56.197 DEBUG: ProtocolConfigImpl.cpp:379:log_node_path_and_value(): dlep/module/signal/data_item/occurs = 0-1
16:13:56.197 DEBUG: ProtocolConfigImpl.cpp:379:log_node_path_and_value(): dlep/module/signal/data_item/name = Resources
16:13:56.197 DEBUG: ProtocolConfigImpl.cpp:379:log_node_path_and_value(): dlep/module/signal/data_item/occurs = 0-1
16:13:56.197 DEBUG: ProtocolConfigImpl.cpp:379:log_node_path_and_value(): dlep/module/signal/data_item/name = Resources_Receive
16:13:56.197 DEBUG: ProtocolConfigImpl.cpp:379:log_node_path_and_value(): dlep/module/signal/data_item/occurs = 0-1
16:13:56.197 DEBUG: ProtocolConfigImpl.cpp:379:log_node_path_and_value(): dlep/module/signal/data_item/name = Resources_Transmit
16:13:56.197 DEBUG: ProtocolConfigImpl.cpp:379:log_node_path_and_value(): dlep/module/signal/data_item/occurs = 0-1
16:13:56.197 DEBUG: ProtocolConfigImpl.cpp:379:log_node_path_and_value(): dlep/module/signal/data_item/name = Relative_Link_Quality_Receive
16:13:56.197 DEBUG: ProtocolConfigImpl.cpp:379:log_node_path_and_value(): dlep/module/signal/data_item/occurs = 0-1
16:13:56.197 DEBUG: ProtocolConfigImpl.cpp:379:log_node_path_and_value(): dlep/module/signal/data_item/name = Relative_Link_Quality_Transmit
16:13:56.197 DEBUG: ProtocolConfigImpl.cpp:379:log_node_path_and_value(): dlep/module/signal/data_item/occurs = 0-1
16:13:56.197 DEBUG: ProtocolConfigImpl.cpp:379:log_node_path_and_value(): dlep/module/signal/data_item/name = Maximum_Transmission_Unit
16:13:56.197 DEBUG: ProtocolConfigImpl.cpp:379:log_node_path_and_value(): dlep/module/signal/data_item/occurs = 0-1
16:13:56.197 DEBUG: ProtocolConfigImpl.cpp:379:log_node_path_and_value(): dlep/module/signal/data_item/name = Status
16:13:56.197 DEBUG: ProtocolConfigImpl.cpp:379:log_node_path_and_value(): dlep/module/signal/data_item/occurs = 1
16:13:56.197 DEBUG: ProtocolConfigImpl.cpp:584:insert_id_name_mapping(): message mapping: Link_Characteristics_Response <--> 15
16:13:56.197 DEBUG: ProtocolConfigImpl.cpp:379:log_node_path_and_value(): dlep/module/signal/name = Link_Characteristics_Request
16:13:56.197 DEBUG: ProtocolConfigImpl.cpp:379:log_node_path_and_value(): dlep/module/signal/id = 14
16:13:56.197 DEBUG: ProtocolConfigImpl.cpp:379:log_node_path_and_value(): dlep/module/signal/message = true
16:13:56.197 DEBUG: ProtocolConfigImpl.cpp:379:log_node_path_and_value(): dlep/module/signal/sender = router
16:13:56.197 DEBUG: ProtocolConfigImpl.cpp:379:log_node_path_and_value(): dlep/module/signal/response = Link_Characteristics_Response
16:13:56.197 DEBUG: ProtocolConfigImpl.cpp:379:log_node_path_and_value(): dlep/module/signal/data_item/name = MAC_Address
16:13:56.197 DEBUG: ProtocolConfigImpl.cpp:379:log_node_path_and_value(): dlep/module/signal/data_item/occurs = 1
16:13:56.197 DEBUG: ProtocolConfigImpl.cpp:379:log_node_path_and_value(): dlep/module/signal/data_item/name = Current_Data_Rate_Receive
16:13:56.197 DEBUG: ProtocolConfigImpl.cpp:379:log_node_path_and_value(): dlep/module/signal/data_item/occurs = 0-1
16:13:56.197 DEBUG: ProtocolConfigImpl.cpp:379:log_node_path_and_value(): dlep/module/signal/data_item/name = Current_Data_Rate_Transmit
16:13:56.197 DEBUG: ProtocolConfigImpl.cpp:379:log_node_path_and_value(): dlep/module/signal/data_item/occurs = 0-1
16:13:56.197 DEBUG: ProtocolConfigImpl.cpp:379:log_node_path_and_value(): dlep/module/signal/data_item/name = Latency
16:13:56.197 DEBUG: ProtocolConfigImpl.cpp:379:log_node_path_and_value(): dlep/module/signal/data_item/occurs = 0-1
16:13:56.197 DEBUG: ProtocolConfigImpl.cpp:584:insert_id_name_mapping(): message mapping: Link_Characteristics_Request <--> 14
16:13:56.197 DEBUG: ProtocolConfigImpl.cpp:379:log_node_path_and_value(): dlep/module/signal/name = Heartbeat
16:13:56.197 DEBUG: ProtocolConfigImpl.cpp:379:log_node_path_and_value(): dlep/module/signal/id = 16
16:13:56.197 DEBUG: ProtocolConfigImpl.cpp:379:log_node_path_and_value(): dlep/module/signal/message = true
16:13:56.197 DEBUG: ProtocolConfigImpl.cpp:379:log_node_path_and_value(): dlep/module/signal/sender = both
16:13:56.197 DEBUG: ProtocolConfigImpl.cpp:584:insert_id_name_mapping(): message mapping: Heartbeat <--> 16
16:13:56.197 INFO: ProtocolConfigImpl.cpp:547:extract_module(): ignoring unrecognized xml node comment
16:13:56.197 DEBUG: ProtocolConfigImpl.cpp:379:log_node_path_and_value(): dlep/module/status_code/name = Success
16:13:56.197 DEBUG: ProtocolConfigImpl.cpp:379:log_node_path_and_value(): dlep/module/status_code/id = 0
16:13:56.197 DEBUG: ProtocolConfigImpl.cpp:584:insert_id_name_mapping(): status_code mapping: Success <--> 0
16:13:56.197 DEBUG: ProtocolConfigImpl.cpp:379:log_node_path_and_value(): dlep/module/status_code/failure_mode = continue
16:13:56.197 DEBUG: ProtocolConfigImpl.cpp:379:log_node_path_and_value(): dlep/module/status_code/name = Not_Interested
16:13:56.197 DEBUG: ProtocolConfigImpl.cpp:379:log_node_path_and_value(): dlep/module/status_code/id = 1
16:13:56.197 DEBUG: ProtocolConfigImpl.cpp:584:insert_id_name_mapping(): status_code mapping: Not_Interested <--> 1
16:13:56.197 DEBUG: ProtocolConfigImpl.cpp:379:log_node_path_and_value(): dlep/module/status_code/failure_mode = continue
16:13:56.197 DEBUG: ProtocolConfigImpl.cpp:379:log_node_path_and_value(): dlep/module/status_code/name = Request_Denied
16:13:56.197 DEBUG: ProtocolConfigImpl.cpp:379:log_node_path_and_value(): dlep/module/status_code/id = 2
16:13:56.197 DEBUG: ProtocolConfigImpl.cpp:584:insert_id_name_mapping(): status_code mapping: Request_Denied <--> 2
16:13:56.198 DEBUG: ProtocolConfigImpl.cpp:379:log_node_path_and_value(): dlep/module/status_code/failure_mode = continue
16:13:56.198 DEBUG: ProtocolConfigImpl.cpp:379:log_node_path_and_value(): dlep/module/status_code/name = Unknown_Message
16:13:56.198 DEBUG: ProtocolConfigImpl.cpp:379:log_node_path_and_value(): dlep/module/status_code/id = 128
16:13:56.198 DEBUG: ProtocolConfigImpl.cpp:584:insert_id_name_mapping(): status_code mapping: Unknown_Message <--> 128
16:13:56.198 DEBUG: ProtocolConfigImpl.cpp:379:log_node_path_and_value(): dlep/module/status_code/failure_mode = terminate
16:13:56.198 DEBUG: ProtocolConfigImpl.cpp:379:log_node_path_and_value(): dlep/module/status_code/name = Unexpected_Message
16:13:56.198 DEBUG: ProtocolConfigImpl.cpp:379:log_node_path_and_value(): dlep/module/status_code/id = 129
16:13:56.198 DEBUG: ProtocolConfigImpl.cpp:584:insert_id_name_mapping(): status_code mapping: Unexpected_Message <--> 129
16:13:56.198 DEBUG: ProtocolConfigImpl.cpp:379:log_node_path_and_value(): dlep/module/status_code/failure_mode = terminate
16:13:56.198 DEBUG: ProtocolConfigImpl.cpp:379:log_node_path_and_value(): dlep/module/status_code/name = Invalid_Data
16:13:56.198 DEBUG: ProtocolConfigImpl.cpp:379:log_node_path_and_value(): dlep/module/status_code/id = 130
16:13:56.198 DEBUG: ProtocolConfigImpl.cpp:584:insert_id_name_mapping(): status_code mapping: Invalid_Data <--> 130
16:13:56.198 DEBUG: ProtocolConfigImpl.cpp:379:log_node_path_and_value(): dlep/module/status_code/failure_mode = terminate
16:13:56.198 DEBUG: ProtocolConfigImpl.cpp:379:log_node_path_and_value(): dlep/module/status_code/name = Invalid_Destination
16:13:56.198 DEBUG: ProtocolConfigImpl.cpp:379:log_node_path_and_value(): dlep/module/status_code/id = 131
16:13:56.198 DEBUG: ProtocolConfigImpl.cpp:584:insert_id_name_mapping(): status_code mapping: Invalid_Destination <--> 131
16:13:56.198 DEBUG: ProtocolConfigImpl.cpp:379:log_node_path_and_value(): dlep/module/status_code/failure_mode = terminate
16:13:56.198 DEBUG: ProtocolConfigImpl.cpp:379:log_node_path_and_value(): dlep/module/status_code/name = Timed_Out
16:13:56.198 DEBUG: ProtocolConfigImpl.cpp:379:log_node_path_and_value(): dlep/module/status_code/id = 132
16:13:56.198 DEBUG: ProtocolConfigImpl.cpp:584:insert_id_name_mapping(): status_code mapping: Timed_Out <--> 132
16:13:56.198 DEBUG: ProtocolConfigImpl.cpp:379:log_node_path_and_value(): dlep/module/status_code/failure_mode = terminate
16:13:56.198 INFO: ProtocolConfigImpl.cpp:354:extract_protocol_config(): ignoring unrecognized xml node comment
16:13:56.198 INFO: ProtocolConfigImpl.cpp:354:extract_protocol_config(): ignoring unrecognized xml node include
16:13:56.198 INFO: ProtocolConfigImpl.cpp:354:extract_protocol_config(): ignoring unrecognized xml node comment
16:13:56.198 DEBUG: ProtocolConfigImpl.cpp:379:log_node_path_and_value(): dlep/module/name = Credit Windowing
16:13:56.198 DEBUG: ProtocolConfigImpl.cpp:379:log_node_path_and_value(): dlep/module/draft = 3
16:13:56.198 DEBUG: ProtocolConfigImpl.cpp:379:log_node_path_and_value(): dlep/module/extension_id = 1
16:13:56.198 INFO: ProtocolConfigImpl.cpp:547:extract_module(): ignoring unrecognized xml node comment
16:13:56.198 DEBUG: ProtocolConfigImpl.cpp:379:log_node_path_and_value(): dlep/module/data_item/name = Credit_Grant
16:13:56.198 DEBUG: ProtocolConfigImpl.cpp:379:log_node_path_and_value(): dlep/module/data_item/type = u64
16:13:56.198 DEBUG: ProtocolConfigImpl.cpp:379:log_node_path_and_value(): dlep/module/data_item/id = 50
16:13:56.198 DEBUG: ProtocolConfigImpl.cpp:584:insert_id_name_mapping(): data_item mapping: Credit_Grant <--> 50
16:13:56.198 DEBUG: ProtocolConfigImpl.cpp:379:log_node_path_and_value(): dlep/module/data_item/metric = false
16:13:56.198 DEBUG: ProtocolConfigImpl.cpp:379:log_node_path_and_value(): dlep/module/data_item/units = octets
16:13:56.198 DEBUG: ProtocolConfigImpl.cpp:379:log_node_path_and_value(): dlep/module/data_item/name = Credit_Window_Status
16:13:56.198 DEBUG: ProtocolConfigImpl.cpp:379:log_node_path_and_value(): dlep/module/data_item/type = a2_u64
16:13:56.198 DEBUG: ProtocolConfigImpl.cpp:379:log_node_path_and_value(): dlep/module/data_item/id = 51
16:13:56.198 DEBUG: ProtocolConfigImpl.cpp:584:insert_id_name_mapping(): data_item mapping: Credit_Window_Status <--> 51
16:13:56.198 DEBUG: ProtocolConfigImpl.cpp:379:log_node_path_and_value(): dlep/module/data_item/metric = false
16:13:56.198 DEBUG: ProtocolConfigImpl.cpp:379:log_node_path_and_value(): dlep/module/data_item/units = octets
16:13:56.198 DEBUG: ProtocolConfigImpl.cpp:379:log_node_path_and_value(): dlep/module/data_item/name = Credit_Request
16:13:56.198 DEBUG: ProtocolConfigImpl.cpp:379:log_node_path_and_value(): dlep/module/data_item/type = blank
16:13:56.198 DEBUG: ProtocolConfigImpl.cpp:379:log_node_path_and_value(): dlep/module/data_item/id = 52
16:13:56.198 DEBUG: ProtocolConfigImpl.cpp:584:insert_id_name_mapping(): data_item mapping: Credit_Request <--> 52
16:13:56.198 DEBUG: ProtocolConfigImpl.cpp:379:log_node_path_and_value(): dlep/module/data_item/metric = false
16:13:56.198 INFO: ProtocolConfigImpl.cpp:547:extract_module(): ignoring unrecognized xml node comment
16:13:56.198 DEBUG: ProtocolConfigImpl.cpp:379:log_node_path_and_value(): dlep/module/signal/name = Destination_Up
16:13:56.198 DEBUG: ProtocolConfigImpl.cpp:379:log_node_path_and_value(): dlep/module/signal/data_item/name = Credit_Grant
16:13:56.198 DEBUG: ProtocolConfigImpl.cpp:379:log_node_path_and_value(): dlep/module/signal/data_item/occurs = 0-1
16:13:56.198 INFO: ProtocolConfigImpl.cpp:813:extract_module_signal(): module Credit Windowing added 1 data items to signal Destination_Up
16:13:56.198 DEBUG: ProtocolConfigImpl.cpp:379:log_node_path_and_value(): dlep/module/signal/name = Destination_Up_Response
16:13:56.198 DEBUG: ProtocolConfigImpl.cpp:379:log_node_path_and_value(): dlep/module/signal/data_item/name = Credit_Grant
16:13:56.198 DEBUG: ProtocolConfigImpl.cpp:379:log_node_path_and_value(): dlep/module/signal/data_item/occurs = 0-1
16:13:56.198 INFO: ProtocolConfigImpl.cpp:813:extract_module_signal(): module Credit Windowing added 1 data items to signal Destination_Up_Response
16:13:56.198 DEBUG: ProtocolConfigImpl.cpp:379:log_node_path_and_value(): dlep/module/signal/name = Destination_Announce
16:13:56.198 DEBUG: ProtocolConfigImpl.cpp:379:log_node_path_and_value(): dlep/module/signal/data_item/name = Credit_Grant
16:13:56.198 DEBUG: ProtocolConfigImpl.cpp:379:log_node_path_and_value(): dlep/module/signal/data_item/occurs = 0-1
16:13:56.198 INFO: ProtocolConfigImpl.cpp:813:extract_module_signal(): module Credit Windowing added 1 data items to signal Destination_Announce
16:13:56.198 DEBUG: ProtocolConfigImpl.cpp:379:log_node_path_and_value(): dlep/module/signal/name = Destination_Announce_Response
16:13:56.198 DEBUG: ProtocolConfigImpl.cpp:379:log_node_path_and_value(): dlep/module/signal/data_item/name = Credit_Grant
16:13:56.198 DEBUG: ProtocolConfigImpl.cpp:379:log_node_path_and_value(): dlep/module/signal/data_item/occurs = 0-1
16:13:56.198 INFO: ProtocolConfigImpl.cpp:813:extract_module_signal(): module Credit Windowing added 1 data items to signal Destination_Announce_Response
16:13:56.198 DEBUG: ProtocolConfigImpl.cpp:379:log_node_path_and_value(): dlep/module/signal/name = Destination_Update
16:13:56.198 DEBUG: ProtocolConfigImpl.cpp:379:log_node_path_and_value(): dlep/module/signal/data_item/name = Credit_Grant
16:13:56.198 DEBUG: ProtocolConfigImpl.cpp:379:log_node_path_and_value(): dlep/module/signal/data_item/occurs = 0-1
16:13:56.198 DEBUG: ProtocolConfigImpl.cpp:379:log_node_path_and_value(): dlep/module/signal/data_item/name = Credit_Window_Status
16:13:56.198 DEBUG: ProtocolConfigImpl.cpp:379:log_node_path_and_value(): dlep/module/signal/data_item/occurs = 0-1
16:13:56.198 DEBUG: ProtocolConfigImpl.cpp:379:log_node_path_and_value(): dlep/module/signal/data_item/name = Credit_Request
16:13:56.198 DEBUG: ProtocolConfigImpl.cpp:379:log_node_path_and_value(): dlep/module/signal/data_item/occurs = 0-1
16:13:56.198 INFO: ProtocolConfigImpl.cpp:813:extract_module_signal(): module Credit Windowing added 3 data items to signal Destination_Update
16:13:56.198 DEBUG: ProtocolConfigImpl.cpp:379:log_node_path_and_value(): dlep/module/signal/name = Link_Characteristics_Request
16:13:56.198 DEBUG: ProtocolConfigImpl.cpp:379:log_node_path_and_value(): dlep/module/signal/sender = both
16:13:56.198 DEBUG: ProtocolConfigImpl.cpp:379:log_node_path_and_value(): dlep/module/signal/data_item/name = Credit_Request
16:13:56.198 DEBUG: ProtocolConfigImpl.cpp:379:log_node_path_and_value(): dlep/module/signal/data_item/occurs = 0-1
16:13:56.198 INFO: ProtocolConfigImpl.cpp:796:extract_module_signal(): module Credit Windowing changed signal Link_Characteristics_Request flags from 5 to 7
16:13:56.198 INFO: ProtocolConfigImpl.cpp:813:extract_module_signal(): module Credit Windowing added 1 data items to signal Link_Characteristics_Request
16:13:56.198 DEBUG: ProtocolConfigImpl.cpp:379:log_node_path_and_value(): dlep/module/signal/name = Link_Characteristics_Response
16:13:56.198 DEBUG: ProtocolConfigImpl.cpp:379:log_node_path_and_value(): dlep/module/signal/sender = both
16:13:56.198 INFO: ProtocolConfigImpl.cpp:796:extract_module_signal(): module Credit Windowing changed signal Link_Characteristics_Response flags from 3 to 7
16:13:56.198 INFO: ProtocolConfigImpl.cpp:547:extract_module(): ignoring unrecognized xml node comment
16:13:56.198 DEBUG: ProtocolConfigImpl.cpp:379:log_node_path_and_value(): dlep/module/status_code/name = Credit_Window_Out_Of_Sync
16:13:56.198 DEBUG: ProtocolConfigImpl.cpp:379:log_node_path_and_value(): dlep/module/status_code/id = 150
16:13:56.198 DEBUG: ProtocolConfigImpl.cpp:584:insert_id_name_mapping(): status_code mapping: Credit_Window_Out_Of_Sync <--> 150
16:13:56.198 DEBUG: ProtocolConfigImpl.cpp:379:log_node_path_and_value(): dlep/module/status_code/failure_mode = continue
16:13:56.198 DEBUG: ProtocolConfigImpl.cpp:379:log_node_path_and_value(): dlep/module/status_code/name = Credit_Use_Rejected
16:13:56.198 DEBUG: ProtocolConfigImpl.cpp:379:log_node_path_and_value(): dlep/module/status_code/id = 30
16:13:56.198 DEBUG: ProtocolConfigImpl.cpp:584:insert_id_name_mapping(): status_code mapping: Credit_Use_Rejected <--> 30
16:13:56.198 DEBUG: ProtocolConfigImpl.cpp:379:log_node_path_and_value(): dlep/module/status_code/failure_mode = continue
16:13:56.198 INFO: ProtocolConfigImpl.cpp:354:extract_protocol_config(): ignoring unrecognized xml node include
16:13:56.198 DEBUG: ProtocolConfigImpl.cpp:259:load_protocol_config(): cleaning up
16:13:56.198 DEBUG: Dlep.cpp:111:initialize(): add peer default data item id=12(Maximum_Data_Rate_Receive) value=0
16:13:56.198 DEBUG: Dlep.cpp:111:initialize(): add peer default data item id=13(Maximum_Data_Rate_Transmit) value=0
16:13:56.198 DEBUG: Dlep.cpp:111:initialize(): add peer default data item id=14(Current_Data_Rate_Receive) value=0
16:13:56.198 DEBUG: Dlep.cpp:111:initialize(): add peer default data item id=15(Current_Data_Rate_Transmit) value=0
16:13:56.198 DEBUG: Dlep.cpp:111:initialize(): add peer default data item id=16(Latency) value=0
16:13:56.198 DEBUG: Dlep.cpp:111:initialize(): add peer default data item id=17(Resources) value=0
16:13:56.198 DEBUG: Dlep.cpp:111:initialize(): add peer default data item id=18(Resources_Receive) value=0
16:13:56.198 DEBUG: Dlep.cpp:111:initialize(): add peer default data item id=19(Resources_Transmit) value=0
16:13:56.198 DEBUG: Dlep.cpp:111:initialize(): add peer default data item id=20(Relative_Link_Quality_Receive) value=0
16:13:56.198 DEBUG: Dlep.cpp:111:initialize(): add peer default data item id=21(Relative_Link_Quality_Transmit) value=0
16:13:56.198 DEBUG: Dlep.cpp:111:initialize(): add peer default data item id=22(Maximum_Transmission_Unit) value=0
16:13:56.199 DEBUG: NetUtils.cpp:145:get_ip_addr_from_iface(): for interface=lo, address family=2, address found=127.0.0.1
16:13:56.199 INFO: PeriodicMcastSendRcv.cpp:98:start(): interface=lo address=127.0.0.1
16:13:56.199 INFO: PeriodicMcastSendRcv.cpp:305:setup_receive(): receive endpoint=225.0.0.45:30002
16:13:56.199 INFO: PeriodicMcastSendRcv.cpp:320:setup_receive(): Joining Multicast Group: 225.0.0.45:30002
16:13:56.199 INFO: PeriodicMcastSendRcv.cpp:345:setup_receive(): Finished Setting Socket Options - Initiating receive
16:13:56.199 DEBUG: NetUtils.cpp:145:get_ip_addr_from_iface(): for interface=eth1, address family=2, address found=10.99.0.3
16:13:56.199 INFO: PeriodicMcastSendRcv.cpp:98:start(): interface=eth1 address=10.99.0.3
16:13:56.199 INFO: PeriodicMcastSendRcv.cpp:305:setup_receive(): receive endpoint=225.6.7.8:33445
16:13:56.199 INFO: PeriodicMcastSendRcv.cpp:320:setup_receive(): Joining Multicast Group: 225.6.7.8:33445
16:13:56.199 INFO: PeriodicMcastSendRcv.cpp:345:setup_receive(): Finished Setting Socket Options - Initiating receive
16:13:56.199 INFO: PeriodicMcastSendRcv.cpp:173:setup_send(): send endpoint=225.6.7.8:33445
16:13:56.199 DEBUG: PeriodicMcastSendRcv.cpp:180:setup_send(): Done assigning multicast address and port
16:13:56.199 DEBUG: PeriodicMcastSendRcv.cpp:208:setup_send(): Done setting socket enable loopback and socket reuse option, bind to 0.0.0.0:0 local endpoint 0.0.0.0:36684
16:13:56.199 DEBUG: PeriodicMcastSendRcv.cpp:211:setup_send(): Setting outbound interface to: 10.99.0.3
16:13:56.199 INFO: DestAdvert.cpp:78:get_message_to_send(): report interval=5 uptime=0 seqnum=1 rfid=00:03 dests:
16:13:56.199 DEBUG: PeriodicMcastSendRcv.cpp:280:start_send(): sending packet with size=10 to 225.6.7.8:33445
16:13:56.199 INFO: PeriodicMcastSendRcv.cpp:386:handle_receive(): Received Message from self 10.99.0.3:36684 size=10 drop
16:13:56.203 INFO: PeriodicMcastSendRcv.cpp:392:handle_receive(): Received Message from 10.99.0.2:33279 size=10
16:13:56.203 INFO: DestAdvert.cpp:101:handle_message(): received message length=10 from=10.99.0.2:33279
16:13:56.203 INFO: DestAdvert.cpp:122:handle_message(): message content: report interval=5 uptime=0 seqnum=1 rfid=00:02 dests:
16:13:56.203 INFO: DestAdvert.cpp:133:handle_message(): new destination advertisement entry!
16:13:57.216 INFO: PeriodicMcastSendRcv.cpp:392:handle_receive(): Received Message from 10.99.0.3:46436 size=10
16:13:57.217 INFO: DestAdvert.cpp:101:handle_message(): received message length=10 from=10.99.0.3:46436
16:13:57.217 INFO: DestAdvert.cpp:122:handle_message(): message content: report interval=5 uptime=0 seqnum=1 rfid=00:03 dests:
16:13:57.217 INFO: DestAdvert.cpp:133:handle_message(): new destination advertisement entry!
