17:14:36.745 INFO: Dlep.cpp:37:Dlep(): I am a Modem
17:14:36.745 DEBUG: Dlep.cpp:61:initialize(): entered
17:14:36.745 INFO: ProtocolConfigImpl.cpp:167:load_protocol_config(): schema=protocol-config.xsd config=dlep-draft-24.xml
17:14:36.745 DEBUG: ProtocolConfigImpl.cpp:181:load_protocol_config(): parsing dlep-draft-24.xml
17:14:36.746 DEBUG: ProtocolConfigImpl.cpp:205:load_protocol_config(): XInclude made 1 substitutions
17:14:36.746 DEBUG: ProtocolConfigImpl.cpp:210:load_protocol_config(): loading schema protocol-config.xsd
17:14:36.746 DEBUG: ProtocolConfigImpl.cpp:233:load_protocol_config(): validating the config against the schema
17:14:36.746 DEBUG: ProtocolConfigImpl.cpp:378:log_node_path_and_value(): dlep/signal_prefix/text = DLEP
17:14:36.746 DEBUG: ProtocolConfigImpl.cpp:378:log_node_path_and_value(): dlep/field_sizes/signal_length = 2
17:14:36.746 DEBUG: ProtocolConfigImpl.cpp:378:log_node_path_and_value(): dlep/field_sizes/signal_id = 2
17:14:36.746 DEBUG: ProtocolConfigImpl.cpp:378:log_node_path_and_value(): dlep/field_sizes/data_item_length = 2
17:14:36.746 DEBUG: ProtocolConfigImpl.cpp:378:log_node_path_and_value(): dlep/field_sizes/data_item_id = 2
17:14:36.746 DEBUG: ProtocolConfigImpl.cpp:378:log_node_path_and_value(): dlep/field_sizes/extension_id = 2
17:14:36.746 DEBUG: ProtocolConfigImpl.cpp:378:log_node_path_and_value(): dlep/field_sizes/status_code = 1
17:14:36.746 DEBUG: ProtocolConfigImpl.cpp:378:log_node_path_and_value(): dlep/module/name = core
17:14:36.746 DEBUG: ProtocolConfigImpl.cpp:378:log_node_path_and_value(): dlep/module/draft = 24
17:14:36.746 INFO: ProtocolConfigImpl.cpp:546:extract_module(): ignoring unrecognized xml node comment
17:14:36.746 DEBUG: ProtocolConfigImpl.cpp:378:log_node_path_and_value(): dlep/module/data_item/name = Status
17:14:36.747 DEBUG: ProtocolConfigImpl.cpp:378:log_node_path_and_value(): dlep/module/data_item/type = u8_string
17:14:36.747 DEBUG: ProtocolConfigImpl.cpp:378:log_node_path_and_value(): dlep/module/data_item/id = 1
17:14:36.747 DEBUG: ProtocolConfigImpl.cpp:583:insert_id_name_mapping(): data_item mapping: Status <--> 1
17:14:36.747 DEBUG: ProtocolConfigImpl.cpp:378:log_node_path_and_value(): dlep/module/data_item/metric = false
17:14:36.747 DEBUG: ProtocolConfigImpl.cpp:378:log_node_path_and_value(): dlep/module/data_item/name = IPv4_Connection_Point
17:14:36.747 DEBUG: ProtocolConfigImpl.cpp:378:log_node_path_and_value(): dlep/module/data_item/type = u8_ipv4_u16
17:14:36.747 DEBUG: ProtocolConfigImpl.cpp:378:log_node_path_and_value(): dlep/module/data_item/id = 2
17:14:36.747 DEBUG: ProtocolConfigImpl.cpp:583:insert_id_name_mapping(): data_item mapping: IPv4_Connection_Point <--> 2
17:14:36.747 DEBUG: ProtocolConfigImpl.cpp:378:log_node_path_and_value(): dlep/module/data_item/metric = false
17:14:36.747 DEBUG: ProtocolConfigImpl.cpp:378:log_node_path_and_value(): dlep/module/data_item/name = IPv6_Connection_Point
17:14:36.747 DEBUG: ProtocolConfigImpl.cpp:378:log_node_path_and_value(): dlep/module/data_item/type = u8_ipv6_u16
17:14:36.747 DEBUG: ProtocolConfigImpl.cpp:378:log_node_path_and_value(): dlep/module/data_item/id = 3
17:14:36.747 DEBUG: ProtocolConfigImpl.cpp:583:insert_id_name_mapping(): data_item mapping: IPv6_Connection_Point <--> 3
17:14:36.747 DEBUG: ProtocolConfigImpl.cpp:378:log_node_path_and_value(): dlep/module/data_item/metric = false
17:14:36.747 DEBUG: ProtocolConfigImpl.cpp:378:log_node_path_and_value(): dlep/module/data_item/name = Peer_Type
17:14:36.747 DEBUG: ProtocolConfigImpl.cpp:378:log_node_path_and_value(): dlep/module/data_item/type = string
17:14:36.747 DEBUG: ProtocolConfigImpl.cpp:378:log_node_path_and_value(): dlep/module/data_item/id = 4
17:14:36.747 DEBUG: ProtocolConfigImpl.cpp:583:insert_id_name_mapping(): data_item mapping: Peer_Type <--> 4
17:14:36.747 DEBUG: ProtocolConfigImpl.cpp:378:log_node_path_and_value(): dlep/module/data_item/metric = false
17:14:36.747 DEBUG: ProtocolConfigImpl.cpp:378:log_node_path_and_value(): dlep/module/data_item/name = Heartbeat_Interval
17:14:36.747 DEBUG: ProtocolConfigImpl.cpp:378:log_node_path_and_value(): dlep/module/data_item/type = u32
17:14:36.747 DEBUG: ProtocolConfigImpl.cpp:378:log_node_path_and_value(): dlep/module/data_item/id = 5
17:14:36.747 DEBUG: ProtocolConfigImpl.cpp:583:insert_id_name_mapping(): data_item mapping: Heartbeat_Interval <--> 5
17:14:36.747 DEBUG: ProtocolConfigImpl.cpp:378:log_node_path_and_value(): dlep/module/data_item/metric = false
17:14:36.747 DEBUG: ProtocolConfigImpl.cpp:378:log_node_path_and_value(): dlep/module/data_item/units = milliseconds
17:14:36.747 DEBUG: ProtocolConfigImpl.cpp:378:log_node_path_and_value(): dlep/module/data_item/name = Extensions_Supported
17:14:36.747 DEBUG: ProtocolConfigImpl.cpp:378:log_node_path_and_value(): dlep/module/data_item/type = v_extid
17:14:36.747 DEBUG: ProtocolConfigImpl.cpp:378:log_node_path_and_value(): dlep/module/data_item/id = 6
17:14:36.747 DEBUG: ProtocolConfigImpl.cpp:583:insert_id_name_mapping(): data_item mapping: Extensions_Supported <--> 6
17:14:36.747 DEBUG: ProtocolConfigImpl.cpp:378:log_node_path_and_value(): dlep/module/data_item/metric = false
17:14:36.747 DEBUG: ProtocolConfigImpl.cpp:378:log_node_path_and_value(): dlep/module/data_item/name = MAC_Address
17:14:36.747 DEBUG: ProtocolConfigImpl.cpp:378:log_node_path_and_value(): dlep/module/data_item/type = dlepmac
17:14:36.747 DEBUG: ProtocolConfigImpl.cpp:378:log_node_path_and_value(): dlep/module/data_item/id = 7
17:14:36.747 DEBUG: ProtocolConfigImpl.cpp:583:insert_id_name_mapping(): data_item mapping: MAC_Address <--> 7
17:14:36.747 DEBUG: ProtocolConfigImpl.cpp:378:log_node_path_and_value(): dlep/module/data_item/metric = false
17:14:36.747 DEBUG: ProtocolConfigImpl.cpp:378:log_node_path_and_value(): dlep/module/data_item/name = IPv4_Address
17:14:36.747 DEBUG: ProtocolConfigImpl.cpp:378:log_node_path_and_value(): dlep/module/data_item/type = u8_ipv4
17:14:36.747 DEBUG: ProtocolConfigImpl.cpp:378:log_node_path_and_value(): dlep/module/data_item/id = 8
17:14:36.747 DEBUG: ProtocolConfigImpl.cpp:583:insert_id_name_mapping(): data_item mapping: IPv4_Address <--> 8
17:14:36.747 DEBUG: ProtocolConfigImpl.cpp:378:log_node_path_and_value(): dlep/module/data_item/metric = false
17:14:36.747 DEBUG: ProtocolConfigImpl.cpp:378:log_node_path_and_value(): dlep/module/data_item/name = IPv6_Address
17:14:36.747 DEBUG: ProtocolConfigImpl.cpp:378:log_node_path_and_value(): dlep/module/data_item/type = u8_ipv6
17:14:36.747 DEBUG: ProtocolConfigImpl.cpp:378:log_node_path_and_value(): dlep/module/data_item/id = 9
17:14:36.747 DEBUG: ProtocolConfigImpl.cpp:583:insert_id_name_mapping(): data_item mapping: IPv6_Address <--> 9
17:14:36.747 DEBUG: ProtocolConfigImpl.cpp:378:log_node_path_and_value(): dlep/module/data_item/metric = false
17:14:36.747 DEBUG: ProtocolConfigImpl.cpp:378:log_node_path_and_value(): dlep/module/data_item/name = IPv4_Attached_Subnet
17:14:36.747 DEBUG: ProtocolConfigImpl.cpp:378:log_node_path_and_value(): dlep/module/data_item/type = u8_ipv4_u8
17:14:36.747 DEBUG: ProtocolConfigImpl.cpp:378:log_node_path_and_value(): dlep/module/data_item/id = 10
17:14:36.747 DEBUG: ProtocolConfigImpl.cpp:583:insert_id_name_mapping(): data_item mapping: IPv4_Attached_Subnet <--> 10
17:14:36.747 DEBUG: ProtocolConfigImpl.cpp:378:log_node_path_and_value(): dlep/module/data_item/metric = false
17:14:36.747 DEBUG: ProtocolConfigImpl.cpp:378:log_node_path_and_value(): dlep/module/data_item/name = IPv6_Attached_Subnet
17:14:36.747 DEBUG: ProtocolConfigImpl.cpp:378:log_node_path_and_value(): dlep/module/data_item/type = u8_ipv6_u8
17:14:36.747 DEBUG: ProtocolConfigImpl.cpp:378:log_node_path_and_value(): dlep/module/data_item/id = 11
17:14:36.747 DEBUG: ProtocolConfigImpl.cpp:583:insert_id_name_mapping(): data_item mapping: IPv6_Attached_Subnet <--> 11
17:14:36.747 DEBUG: ProtocolConfigImpl.cpp:378:log_node_path_and_value(): dlep/module/data_item/metric = false
17:14:36.747 DEBUG: ProtocolConfigImpl.cpp:378:log_node_path_and_value(): dlep/module/data_item/name = Maximum_Data_Rate_Receive
17:14:36.747 DEBUG: ProtocolConfigImpl.cpp:378:log_node_path_and_value(): dlep/module/data_item/type = u64
17:14:36.747 DEBUG: ProtocolConfigImpl.cpp:378:log_node_path_and_value(): dlep/module/data_item/id = 12
17:14:36.747 DEBUG: ProtocolConfigImpl.cpp:583:insert_id_name_mapping(): data_item mapping: Maximum_Data_Rate_Receive <--> 12
17:14:36.747 DEBUG: ProtocolConfigImpl.cpp:378:log_node_path_and_value(): dlep/module/data_item/metric = true
17:14:36.747 DEBUG: ProtocolConfigImpl.cpp:378:log_node_path_and_value(): dlep/module/data_item/units = bits/second
17:14:36.747 DEBUG: ProtocolConfigImpl.cpp:378:log_node_path_and_value(): dlep/module/data_item/name = Maximum_Data_Rate_Transmit
17:14:36.747 DEBUG: ProtocolConfigImpl.cpp:378:log_node_path_and_value(): dlep/module/data_item/type = u64
17:14:36.747 DEBUG: ProtocolConfigImpl.cpp:378:log_node_path_and_value(): dlep/module/data_item/id = 13
17:14:36.747 DEBUG: ProtocolConfigImpl.cpp:583:insert_id_name_mapping(): data_item mapping: Maximum_Data_Rate_Transmit <--> 13
17:14:36.747 DEBUG: ProtocolConfigImpl.cpp:378:log_node_path_and_value(): dlep/module/data_item/metric = true
17:14:36.747 DEBUG: ProtocolConfigImpl.cpp:378:log_node_path_and_value(): dlep/module/data_item/units = bits/second
17:14:36.747 DEBUG: ProtocolConfigImpl.cpp:378:log_node_path_and_value(): dlep/module/data_item/name = Current_Data_Rate_Receive
17:14:36.747 DEBUG: ProtocolConfigImpl.cpp:378:log_node_path_and_value(): dlep/module/data_item/type = u64
17:14:36.747 DEBUG: ProtocolConfigImpl.cpp:378:log_node_path_and_value(): dlep/module/data_item/id = 14
17:14:36.747 DEBUG: ProtocolConfigImpl.cpp:583:insert_id_name_mapping(): data_item mapping: Current_Data_Rate_Receive <--> 14
17:14:36.747 DEBUG: ProtocolConfigImpl.cpp:378:log_node_path_and_value(): dlep/module/data_item/metric = true
17:14:36.747 DEBUG: ProtocolConfigImpl.cpp:378:log_node_path_and_value(): dlep/module/data_item/units = bits/second
17:14:36.747 DEBUG: ProtocolConfigImpl.cpp:378:log_node_path_and_value(): dlep/module/data_item/name = Current_Data_Rate_Transmit
17:14:36.747 DEBUG: ProtocolConfigImpl.cpp:378:log_node_path_and_value(): dlep/module/data_item/type = u64
17:14:36.747 DEBUG: ProtocolConfigImpl.cpp:378:log_node_path_and_value(): dlep/module/data_item/id = 15
17:14:36.747 DEBUG: ProtocolConfigImpl.cpp:583:insert_id_name_mapping(): data_item mapping: Current_Data_Rate_Transmit <--> 15
17:14:36.747 DEBUG: ProtocolConfigImpl.cpp:378:log_node_path_and_value(): dlep/module/data_item/metric = true
17:14:36.747 DEBUG: ProtocolConfigImpl.cpp:378:log_node_path_and_value(): dlep/module/data_item/units = bits/second
17:14:36.747 DEBUG: ProtocolConfigImpl.cpp:378:log_node_path_and_value(): dlep/module/data_item/name = Latency
17:14:36.747 DEBUG: ProtocolConfigImpl.cpp:378:log_node_path_and_value(): dlep/module/data_item/type = u64
17:14:36.747 DEBUG: ProtocolConfigImpl.cpp:378:log_node_path_and_value(): dlep/module/data_item/id = 16
17:14:36.747 DEBUG: ProtocolConfigImpl.cpp:583:insert_id_name_mapping(): data_item mapping: Latency <--> 16
17:14:36.747 DEBUG: ProtocolConfigImpl.cpp:378:log_node_path_and_value(): dlep/module/data_item/metric = true
17:14:36.747 DEBUG: ProtocolConfigImpl.cpp:378:log_node_path_and_value(): dlep/module/data_item/units = microseconds
17:14:36.747 DEBUG: ProtocolConfigImpl.cpp:378:log_node_path_and_value(): dlep/module/data_item/name = Resources
17:14:36.747 DEBUG: ProtocolConfigImpl.cpp:378:log_node_path_and_value(): dlep/module/data_item/type = u8
17:14:36.747 DEBUG: ProtocolConfigImpl.cpp:378:log_node_path_and_value(): dlep/module/data_item/id = 17
17:14:36.747 DEBUG: ProtocolConfigImpl.cpp:583:insert_id_name_mapping(): data_item mapping: Resources <--> 17
17:14:36.747 DEBUG: ProtocolConfigImpl.cpp:378:log_node_path_and_value(): dlep/module/data_item/metric = true
17:14:36.747 DEBUG: ProtocolConfigImpl.cpp:378:log_node_path_and_value(): dlep/module/data_item/units = percentage
17:14:36.747 DEBUG: ProtocolConfigImpl.cpp:378:log_node_path_and_value(): dlep/module/data_item/name = Resources_Receive
17:14:36.747 DEBUG: ProtocolConfigImpl.cpp:378:log_node_path_and_value(): dlep/module/data_item/type = u8
17:14:36.747 DEBUG: ProtocolConfigImpl.cpp:378:log_node_path_and_value(): dlep/module/data_item/id = 18
17:14:36.747 DEBUG: ProtocolConfigImpl.cpp:583:insert_id_name_mapping(): data_item mapping: Resources_Receive <--> 18
17:14:36.747 DEBUG: ProtocolConfigImpl.cpp:378:log_node_path_and_value(): dlep/module/data_item/metric = true
17:14:36.747 DEBUG: ProtocolConfigImpl.cpp:378:log_node_path_and_value(): dlep/module/data_item/units = percentage
17:14:36.747 DEBUG: ProtocolConfigImpl.cpp:378:log_node_path_and_value(): dlep/module/data_item/name = Resources_Transmit
17:14:36.747 DEBUG: ProtocolConfigImpl.cpp:378:log_node_path_and_value(): dlep/module/data_item/type = u8
17:14:36.747 DEBUG: ProtocolConfigImpl.cpp:378:log_node_path_and_value(): dlep/module/data_item/id = 19
17:14:36.747 DEBUG: ProtocolConfigImpl.cpp:583:insert_id_name_mapping(): data_item mapping: Resources_Transmit <--> 19
17:14:36.747 DEBUG: ProtocolConfigImpl.cpp:378:log_node_path_and_value(): dlep/module/data_item/metric = true
17:14:36.747 DEBUG: ProtocolConfigImpl.cpp:378:log_node_path_and_value(): dlep/module/data_item/units = percentage
17:14:36.747 DEBUG: ProtocolConfigImpl.cpp:378:log_node_path_and_value(): dlep/module/data_item/name = Relative_Link_Quality_Receive
17:14:36.747 DEBUG: ProtocolConfigImpl.cpp:378:log_node_path_and_value(): dlep/module/data_item/type = u8
17:14:36.747 DEBUG: ProtocolConfigImpl.cpp:378:log_node_path_and_value(): dlep/module/data_item/id = 20
17:14:36.747 DEBUG: ProtocolConfigImpl.cpp:583:insert_id_name_mapping(): data_item mapping: Relative_Link_Quality_Receive <--> 20
17:14:36.747 DEBUG: ProtocolConfigImpl.cpp:378:log_node_path_and_value(): dlep/module/data_item/metric = true
17:14:36.747 DEBUG: ProtocolConfigImpl.cpp:378:log_node_path_and_value(): dlep/module/data_item/units = percentage
17:14:36.747 DEBUG: ProtocolConfigImpl.cpp:378:log_node_path_and_value(): dlep/module/data_item/name = Relative_Link_Quality_Transmit
17:14:36.747 DEBUG: ProtocolConfigImpl.cpp:378:log_node_path_and_value(): dlep/module/data_item/type = u8
17:14:36.747 DEBUG: ProtocolConfigImpl.cpp:378:log_node_path_and_value(): dlep/module/data_item/id = 21
17:14:36.747 DEBUG: ProtocolConfigImpl.cpp:583:insert_id_name_mapping(): data_item mapping: Relative_Link_Quality_Transmit <--> 21
17:14:36.747 DEBUG: ProtocolConfigImpl.cpp:378:log_node_path_and_value(): dlep/module/data_item/metric = true
17:14:36.747 DEBUG: ProtocolConfigImpl.cpp:378:log_node_path_and_value(): dlep/module/data_item/units = percentage
17:14:36.747 DEBUG: ProtocolConfigImpl.cpp:378:log_node_path_and_value(): dlep/module/data_item/name = Maximum_Transmission_Unit
17:14:36.747 DEBUG: ProtocolConfigImpl.cpp:378:log_node_path_and_value(): dlep/module/data_item/type = u16
17:14:36.747 DEBUG: ProtocolConfigImpl.cpp:378:log_node_path_and_value(): dlep/module/data_item/id = 22
17:14:36.747 DEBUG: ProtocolConfigImpl.cpp:583:insert_id_name_mapping(): data_item mapping: Maximum_Transmission_Unit <--> 22
17:14:36.747 DEBUG: ProtocolConfigImpl.cpp:378:log_node_path_and_value(): dlep/module/data_item/metric = true
17:14:36.747 DEBUG: ProtocolConfigImpl.cpp:378:log_node_path_and_value(): dlep/module/data_item/units = octets
17:14:36.747 INFO: ProtocolConfigImpl.cpp:546:extract_module(): ignoring unrecognized xml node comment
17:14:36.747 DEBUG: ProtocolConfigImpl.cpp:378:log_node_path_and_value(): dlep/module/signal/name = Peer_Discovery
17:14:36.747 DEBUG: ProtocolConfigImpl.cpp:378:log_node_path_and_value(): dlep/module/signal/id = 1
17:14:36.747 DEBUG: ProtocolConfigImpl.cpp:378:log_node_path_and_value(): dlep/module/signal/message = false
17:14:36.747 DEBUG: ProtocolConfigImpl.cpp:378:log_node_path_and_value(): dlep/module/signal/sender = router
17:14:36.747 DEBUG: ProtocolConfigImpl.cpp:378:log_node_path_and_value(): dlep/module/signal/data_item/name = Peer_Type
17:14:36.748 DEBUG: ProtocolConfigImpl.cpp:378:log_node_path_and_value(): dlep/module/signal/data_item/occurs = 0-1
17:14:36.748 DEBUG: ProtocolConfigImpl.cpp:583:insert_id_name_mapping(): signal mapping: Peer_Discovery <--> 1
17:14:36.748 DEBUG: ProtocolConfigImpl.cpp:378:log_node_path_and_value(): dlep/module/signal/name = Peer_Offer
17:14:36.748 DEBUG: ProtocolConfigImpl.cpp:378:log_node_path_and_value(): dlep/module/signal/id = 2
17:14:36.748 DEBUG: ProtocolConfigImpl.cpp:378:log_node_path_and_value(): dlep/module/signal/message = false
17:14:36.748 DEBUG: ProtocolConfigImpl.cpp:378:log_node_path_and_value(): dlep/module/signal/sender = modem
17:14:36.748 DEBUG: ProtocolConfigImpl.cpp:378:log_node_path_and_value(): dlep/module/signal/data_item/name = Peer_Type
17:14:36.748 DEBUG: ProtocolConfigImpl.cpp:378:log_node_path_and_value(): dlep/module/signal/data_item/occurs = 0-1
17:14:36.748 DEBUG: ProtocolConfigImpl.cpp:378:log_node_path_and_value(): dlep/module/signal/data_item/name = IPv4_Connection_Point
17:14:36.748 DEBUG: ProtocolConfigImpl.cpp:378:log_node_path_and_value(): dlep/module/signal/data_item/occurs = 0+
17:14:36.748 DEBUG: ProtocolConfigImpl.cpp:378:log_node_path_and_value(): dlep/module/signal/data_item/name = IPv6_Connection_Point
17:14:36.748 DEBUG: ProtocolConfigImpl.cpp:378:log_node_path_and_value(): dlep/module/signal/data_item/occurs = 0+
17:14:36.748 DEBUG: ProtocolConfigImpl.cpp:583:insert_id_name_mapping(): signal mapping: Peer_Offer <--> 2
17:14:36.748 DEBUG: ProtocolConfigImpl.cpp:378:log_node_path_and_value(): dlep/module/signal/name = Session_Initialization_Response
17:14:36.748 INFO: ProtocolConfigImpl.cpp:677:extract_module_signal(): ignoring unrecognized xml node comment
17:14:36.748 DEBUG: ProtocolConfigImpl.cpp:378:log_node_path_and_value(): dlep/module/signal/id = 2
17:14:36.748 DEBUG: ProtocolConfigImpl.cpp:378:log_node_path_and_value(): dlep/module/signal/message = true
17:14:36.748 DEBUG: ProtocolConfigImpl.cpp:378:log_node_path_and_value(): dlep/module/signal/sender = modem
17:14:36.748 DEBUG: ProtocolConfigImpl.cpp:378:log_node_path_and_value(): dlep/module/signal/data_item/name = Heartbeat_Interval
17:14:36.748 DEBUG: ProtocolConfigImpl.cpp:378:log_node_path_and_value(): dlep/module/signal/data_item/occurs = 1
17:14:36.748 DEBUG: ProtocolConfigImpl.cpp:378:log_node_path_and_value(): dlep/module/signal/data_item/name = Maximum_Data_Rate_Receive
17:14:36.748 DEBUG: ProtocolConfigImpl.cpp:378:log_node_path_and_value(): dlep/module/signal/data_item/occurs = 1
17:14:36.748 DEBUG: ProtocolConfigImpl.cpp:378:log_node_path_and_value(): dlep/module/signal/data_item/name = Maximum_Data_Rate_Transmit
17:14:36.748 DEBUG: ProtocolConfigImpl.cpp:378:log_node_path_and_value(): dlep/module/signal/data_item/occurs = 1
17:14:36.748 DEBUG: ProtocolConfigImpl.cpp:378:log_node_path_and_value(): dlep/module/signal/data_item/name = Current_Data_Rate_Receive
17:14:36.748 DEBUG: ProtocolConfigImpl.cpp:378:log_node_path_and_value(): dlep/module/signal/data_item/occurs = 1
17:14:36.748 DEBUG: ProtocolConfigImpl.cpp:378:log_node_path_and_value(): dlep/module/signal/data_item/name = Current_Data_Rate_Transmit
17:14:36.748 DEBUG: ProtocolConfigImpl.cpp:378:log_node_path_and_value(): dlep/module/signal/data_item/occurs = 1
17:14:36.748 DEBUG: ProtocolConfigImpl.cpp:378:log_node_path_and_value(): dlep/module/signal/data_item/name = Latency
17:14:36.748 DEBUG: ProtocolConfigImpl.cpp:378:log_node_path_and_value(): dlep/module/signal/data_item/occurs = 1
17:14:36.748 DEBUG: ProtocolConfigImpl.cpp:378:log_node_path_and_value(): dlep/module/signal/data_item/name = Resources
17:14:36.748 DEBUG: ProtocolConfigImpl.cpp:378:log_node_path_and_value(): dlep/module/signal/data_item/occurs = 0-1
17:14:36.748 DEBUG: ProtocolConfigImpl.cpp:378:log_node_path_and_value(): dlep/module/signal/data_item/name = Resources_Receive
17:14:36.748 DEBUG: ProtocolConfigImpl.cpp:378:log_node_path_and_value(): dlep/module/signal/data_item/occurs = 0-1
17:14:36.748 DEBUG: ProtocolConfigImpl.cpp:378:log_node_path_and_value(): dlep/module/signal/data_item/name = Resources_Transmit
17:14:36.748 DEBUG: ProtocolConfigImpl.cpp:378:log_node_path_and_value(): dlep/module/signal/data_item/occurs = 0-1
17:14:36.748 DEBUG: ProtocolConfigImpl.cpp:378:log_node_path_and_value(): dlep/module/signal/data_item/name = Relative_Link_Quality_Receive
17:14:36.748 DEBUG: ProtocolConfigImpl.cpp:378:log_node_path_and_value(): dlep/module/signal/data_item/occurs = 0-1
17:14:36.748 DEBUG: ProtocolConfigImpl.cpp:378:log_node_path_and_value(): dlep/module/signal/data_item/name = Relative_Link_Quality_Transmit
17:14:36.748 DEBUG: ProtocolConfigImpl.cpp:378:log_node_path_and_value(): dlep/module/signal/data_item/occurs = 0-1
17:14:36.748 DEBUG: ProtocolConfigImpl.cpp:378:log_node_path_and_value(): dlep/module/signal/data_item/name = Status
17:14:36.748 DEBUG: ProtocolConfigImpl.cpp:378:log_node_path_and_value(): dlep/module/signal/data_item/occurs = 1
17:14:36.748 DEBUG: ProtocolConfigImpl.cpp:378:log_node_path_and_value(): dlep/module/signal/data_item/name = Peer_Type
17:14:36.748 DEBUG: ProtocolConfigImpl.cpp:378:log_node_path_and_value(): dlep/module/signal/data_item/occurs = 0-1
17:14:36.748 DEBUG: ProtocolConfigImpl.cpp:378:log_node_path_and_value(): dlep/module/signal/data_item/name = Extensions_Supported
17:14:36.748 DEBUG: ProtocolConfigImpl.cpp:378:log_node_path_and_value(): dlep/module/signal/data_item/occurs = 0-1
17:14:36.748 DEBUG: ProtocolConfigImpl.cpp:378:log_node_path_and_value(): dlep/module/signal/data_item/name = Maximum_Transmission_Unit
17:14:36.748 DEBUG: ProtocolConfigImpl.cpp:378:log_node_path_and_value(): dlep/module/signal/data_item/occurs = 0-1
17:14:36.748 DEBUG: ProtocolConfigImpl.cpp:583:insert_id_name_mapping(): message mapping: Session_Initialization_Response <--> 2
17:14:36.748 DEBUG: ProtocolConfigImpl.cpp:378:log_node_path_and_value(): dlep/module/signal/name = Session_Initialization
17:14:36.748 INFO: ProtocolConfigImpl.cpp:677:extract_module_signal(): ignoring unrecognized xml node comment
17:14:36.748 DEBUG: ProtocolConfigImpl.cpp:378:log_node_path_and_value(): dlep/module/signal/id = 1
17:14:36.748 DEBUG: ProtocolConfigImpl.cpp:378:log_node_path_and_value(): dlep/module/signal/message = true
17:14:36.748 DEBUG: ProtocolConfigImpl.cpp:378:log_node_path_and_value(): dlep/module/signal/sender = router
17:14:36.748 DEBUG: ProtocolConfigImpl.cpp:378:log_node_path_and_value(): dlep/module/signal/response = Session_Initialization_Response
17:14:36.748 DEBUG: ProtocolConfigImpl.cpp:378:log_node_path_and_value(): dlep/module/signal/data_item/name = Heartbeat_Interval
17:14:36.748 DEBUG: ProtocolConfigImpl.cpp:378:log_node_path_and_value(): dlep/module/signal/data_item/occurs = 1
17:14:36.748 DEBUG: ProtocolConfigImpl.cpp:378:log_node_path_and_value(): dlep/module/signal/data_item/name = Peer_Type
17:14:36.748 DEBUG: ProtocolConfigImpl.cpp:378:log_node_path_and_value(): dlep/module/signal/data_item/occurs = 0-1
17:14:36.748 DEBUG: ProtocolConfigImpl.cpp:378:log_node_path_and_value(): dlep/module/signal/data_item/name = IPv4_Address
17:14:36.748 DEBUG: ProtocolConfigImpl.cpp:378:log_node_path_and_value(): dlep/module/signal/data_item/occurs = 0+
17:14:36.748 DEBUG: ProtocolConfigImpl.cpp:378:log_node_path_and_value(): dlep/module/signal/data_item/name = IPv4_Attached_Subnet
17:14:36.748 DEBUG: ProtocolConfigImpl.cpp:378:log_node_path_and_value(): dlep/module/signal/data_item/occurs = 0+
17:14:36.748 DEBUG: ProtocolConfigImpl.cpp:378:log_node_path_and_value(): dlep/module/signal/data_item/name = IPv6_Address
17:14:36.748 DEBUG: ProtocolConfigImpl.cpp:378:log_node_path_and_value(): dlep/module/signal/data_item/occurs = 0+
17:14:36.748 DEBUG: ProtocolConfigImpl.cpp:378:log_node_path_and_value(): dlep/module/signal/data_item/name = IPv6_Attached_Subnet
17:14:36.748 DEBUG: ProtocolConfigImpl.cpp:378:log_node_path_and_value(): dlep/module/signal/data_item/occurs = 0+
17:14:36.748 DEBUG: ProtocolConfigImpl.cpp:378:log_node_path_and_value(): dlep/module/signal/data_item/name = Extensions_Supported
17:14:36.748 DEBUG: ProtocolConfigImpl.cpp:378:log_node_path_and_value(): dlep/module/signal/data_item/occurs = 0-1
17:14:36.748 DEBUG: ProtocolConfigImpl.cpp:583:insert_id_name_mapping(): message mapping: Session_Initialization <--> 1
17:14:36.748 DEBUG: ProtocolConfigImpl.cpp:378:log_node_path_and_value(): dlep/module/signal/name = Session_Update_Response
17:14:36.748 INFO: ProtocolConfigImpl.cpp:677:extract_module_signal(): ignoring unrecognized xml node comment
17:14:36.748 DEBUG: ProtocolConfigImpl.cpp:378:log_node_path_and_value(): dlep/module/signal/id = 4
17:14:36.748 DEBUG: ProtocolConfigImpl.cpp:378:log_node_path_and_value(): dlep/module/signal/message = true
17:14:36.748 DEBUG: ProtocolConfigImpl.cpp:378:log_node_path_and_value(): dlep/module/signal/sender = both
17:14:36.748 DEBUG: ProtocolConfigImpl.cpp:378:log_node_path_and_value(): dlep/module/signal/data_item/name = Status
17:14:36.748 DEBUG: ProtocolConfigImpl.cpp:378:log_node_path_and_value(): dlep/module/signal/data_item/occurs = 1
17:14:36.748 DEBUG: ProtocolConfigImpl.cpp:583:insert_id_name_mapping(): message mapping: Session_Update_Response <--> 4
17:14:36.748 DEBUG: ProtocolConfigImpl.cpp:378:log_node_path_and_value(): dlep/module/signal/name = Session_Update
17:14:36.748 INFO: ProtocolConfigImpl.cpp:677:extract_module_signal(): ignoring unrecognized xml node comment
17:14:36.748 DEBUG: ProtocolConfigImpl.cpp:378:log_node_path_and_value(): dlep/module/signal/id = 3
17:14:36.748 DEBUG: ProtocolConfigImpl.cpp:378:log_node_path_and_value(): dlep/module/signal/message = true
17:14:36.748 DEBUG: ProtocolConfigImpl.cpp:378:log_node_path_and_value(): dlep/module/signal/sender = both
17:14:36.748 DEBUG: ProtocolConfigImpl.cpp:378:log_node_path_and_value(): dlep/module/signal/response = Session_Update_Response
17:14:36.748 DEBUG: ProtocolConfigImpl.cpp:378:log_node_path_and_value(): dlep/module/signal/data_item/name = Maximum_Data_Rate_Receive
17:14:36.748 DEBUG: ProtocolConfigImpl.cpp:378:log_node_path_and_value(): dlep/module/signal/data_item/occurs = 0-1
17:14:36.748 DEBUG: ProtocolConfigImpl.cpp:378:log_node_path_and_value(): dlep/module/signal/data_item/name = Maximum_Data_Rate_Transmit
17:14:36.748 DEBUG: ProtocolConfigImpl.cpp:378:log_node_path_and_value(): dlep/module/signal/data_item/occurs = 0-1
17:14:36.748 DEBUG: ProtocolConfigImpl.cpp:378:log_node_path_and_value(): dlep/module/signal/data_item/name = Current_Data_Rate_Receive
17:14:36.748 DEBUG: ProtocolConfigImpl.cpp:378:log_node_path_and_value(): dlep/module/signal/data_item/occurs = 0-1
17:14:36.748 DEBUG: ProtocolConfigImpl.cpp:378:log_node_path_and_value(): dlep/module/signal/data_item/name = Current_Data_Rate_Transmit
17:14:36.748 DEBUG: ProtocolConfigImpl.cpp:378:log_node_path_and_value(): dlep/module/signal/data_item/occurs = 0-1
17:14:36.748 DEBUG: ProtocolConfigImpl.cpp:378:log_node_path_and_value(): dlep/module/signal/data_item/name = Latency
17:14:36.748 DEBUG: ProtocolConfigImpl.cpp:378:log_node_path_and_value(): dlep/module/signal/data_item/occurs = 0-1
17:14:36.748 DEBUG: ProtocolConfigImpl.cpp:378:log_node_path_and_value(): dlep/module/signal/data_item/name = Resources
17:14:36.748 DEBUG: ProtocolConfigImpl.cpp:378:log_node_path_and_value(): dlep/module/signal/data_item/occurs = 0-1
17:14:36.748 DEBUG: ProtocolConfigImpl.cpp:378:log_node_path_and_value(): dlep/module/signal/data_item/name = Resources_Receive
17:14:36.748 DEBUG: ProtocolConfigImpl.cpp:378:log_node_path_and_value(): dlep/module/signal/data_item/occurs = 0-1
17:14:36.748 DEBUG: ProtocolConfigImpl.cpp:378:log_node_path_and_value(): dlep/module/signal/data_item/name = Resources_Transmit
17:14:36.748 DEBUG: ProtocolConfigImpl.cpp:378:log_node_path_and_value(): dlep/module/signal/data_item/occurs = 0-1
17:14:36.748 DEBUG: ProtocolConfigImpl.cpp:378:log_node_path_and_value(): dlep/module/signal/data_item/name = Relative_Link_Quality_Receive
17:14:36.748 DEBUG: ProtocolConfigImpl.cpp:378:log_node_path_and_value(): dlep/module/signal/data_item/occurs = 0-1
17:14:36.748 DEBUG: ProtocolConfigImpl.cpp:378:log_node_path_and_value(): dlep/module/signal/data_item/name = Relative_Link_Quality_Transmit
17:14:36.748 DEBUG: ProtocolConfigImpl.cpp:378:log_node_path_and_value(): dlep/module/signal/data_item/occurs = 0-1
17:14:36.748 DEBUG: ProtocolConfigImpl.cpp:378:log_node_path_and_value(): dlep/module/signal/data_item/name = Maximum_Transmission_Unit
17:14:36.748 DEBUG: ProtocolConfigImpl.cpp:378:log_node_path_and_value(): dlep/module/signal/data_item/occurs = 0-1
17:14:36.748 DEBUG: ProtocolConfigImpl.cpp:378:log_node_path_and_value(): dlep/module/signal/data_item/name = IPv4_Address
17:14:36.748 DEBUG: ProtocolConfigImpl.cpp:378:log_node_path_and_value(): dlep/module/signal/data_item/occurs = 0+
17:14:36.748 DEBUG: ProtocolConfigImpl.cpp:378:log_node_path_and_value(): dlep/module/signal/data_item/name = IPv4_Attached_Subnet
17:14:36.748 DEBUG: ProtocolConfigImpl.cpp:378:log_node_path_and_value(): dlep/module/signal/data_item/occurs = 0+
17:14:36.748 DEBUG: ProtocolConfigImpl.cpp:378:log_node_path_and_value(): dlep/module/signal/data_item/name = IPv6_Address
17:14:36.748 DEBUG: ProtocolConfigImpl.cpp:378:log_node_path_and_value(): dlep/module/signal/data_item/occurs = 0+
17:14:36.748 DEBUG: ProtocolConfigImpl.cpp:378:log_node_path_and_value(): dlep/module/signal/data_item/name = IPv6_Attached_Subnet
17:14:36.748 DEBUG: ProtocolConfigImpl.cpp:378:log_node_path_and_value(): dlep/module/signal/data_item/occurs = 0+
17:14:36.748 DEBUG: ProtocolConfigImpl.cpp:583:insert_id_name_mapping(): message mapping: Session_Update <--> 3
17:14:36.748 DEBUG: ProtocolConfigImpl.cpp:378:log_node_path_and_value(): dlep/module/signal/name = Session_Termination_Response
17:14:36.748 INFO: ProtocolConfigImpl.cpp:677:extract_module_signal(): ignoring unrecognized xml node comment
17:14:36.748 DEBUG: ProtocolConfigImpl.cpp:378:log_node_path_and_value(): dlep/module/signal/id = 6
17:14:36.749 DEBUG: ProtocolConfigImpl.cpp:378:log_node_path_and_value(): dlep/module/signal/message = true
17:14:36.749 DEBUG: ProtocolConfigImpl.cpp:378:log_node_path_and_value(): dlep/module/signal/sender = both
17:14:36.749 DEBUG: ProtocolConfigImpl.cpp:583:insert_id_name_mapping(): message mapping: Session_Termination_Response <--> 6
17:14:36.749 DEBUG: ProtocolConfigImpl.cpp:378:log_node_path_and_value(): dlep/module/signal/name = Session_Termination
17:14:36.749 INFO: ProtocolConfigImpl.cpp:677:extract_module_signal(): ignoring unrecognized xml node comment
17:14:36.749 DEBUG: ProtocolConfigImpl.cpp:378:log_node_path_and_value(): dlep/module/signal/id = 5
17:14:36.749 DEBUG: ProtocolConfigImpl.cpp:378:log_node_path_and_value(): dlep/module/signal/message = true
17:14:36.749 DEBUG: ProtocolConfigImpl.cpp:378:log_node_path_and_value(): dlep/module/signal/sender = both
17:14:36.749 DEBUG: ProtocolConfigImpl.cpp:378:log_node_path_and_value(): dlep/module/signal/response = Session_Termination_Response
17:14:36.749 DEBUG: ProtocolConfigImpl.cpp:378:log_node_path_and_value(): dlep/module/signal/data_item/name = Status
17:14:36.749 DEBUG: ProtocolConfigImpl.cpp:378:log_node_path_and_value(): dlep/module/signal/data_item/occurs = 1
17:14:36.749 DEBUG: ProtocolConfigImpl.cpp:583:insert_id_name_mapping(): message mapping: Session_Termination <--> 5
17:14:36.749 DEBUG: ProtocolConfigImpl.cpp:378:log_node_path_and_value(): dlep/module/signal/name = Destination_Up_Response
17:14:36.749 INFO: ProtocolConfigImpl.cpp:677:extract_module_signal(): ignoring unrecognized xml node comment
17:14:36.749 DEBUG: ProtocolConfigImpl.cpp:378:log_node_path_and_value(): dlep/module/signal/id = 8
17:14:36.749 DEBUG: ProtocolConfigImpl.cpp:378:log_node_path_and_value(): dlep/module/signal/message = true
17:14:36.749 DEBUG: ProtocolConfigImpl.cpp:378:log_node_path_and_value(): dlep/module/signal/sender = router
17:14:36.749 DEBUG: ProtocolConfigImpl.cpp:378:log_node_path_and_value(): dlep/module/signal/data_item/name = MAC_Address
17:14:36.749 DEBUG: ProtocolConfigImpl.cpp:378:log_node_path_and_value(): dlep/module/signal/data_item/occurs = 1
17:14:36.749 DEBUG: ProtocolConfigImpl.cpp:378:log_node_path_and_value(): dlep/module/signal/data_item/name = Status
17:14:36.749 DEBUG: ProtocolConfigImpl.cpp:378:log_node_path_and_value(): dlep/module/signal/data_item/occurs = 1
17:14:36.749 DEBUG: ProtocolConfigImpl.cpp:583:insert_id_name_mapping(): message mapping: Destination_Up_Response <--> 8
17:14:36.749 DEBUG: ProtocolConfigImpl.cpp:378:log_node_path_and_value(): dlep/module/signal/name = Destination_Up
17:14:36.749 DEBUG: ProtocolConfigImpl.cpp:378:log_node_path_and_value(): dlep/module/signal/id = 7
17:14:36.749 DEBUG: ProtocolConfigImpl.cpp:378:log_node_path_and_value(): dlep/module/signal/message = true
17:14:36.749 DEBUG: ProtocolConfigImpl.cpp:378:log_node_path_and_value(): dlep/module/signal/sender = modem
17:14:36.749 DEBUG: ProtocolConfigImpl.cpp:378:log_node_path_and_value(): dlep/module/signal/response = Destination_Up_Response
17:14:36.749 DEBUG: ProtocolConfigImpl.cpp:378:log_node_path_and_value(): dlep/module/signal/data_item/name = MAC_Address
17:14:36.749 DEBUG: ProtocolConfigImpl.cpp:378:log_node_path_and_value(): dlep/module/signal/data_item/occurs = 1
17:14:36.749 DEBUG: ProtocolConfigImpl.cpp:378:log_node_path_and_value(): dlep/module/signal/data_item/name = Maximum_Data_Rate_Receive
17:14:36.749 DEBUG: ProtocolConfigImpl.cpp:378:log_node_path_and_value(): dlep/module/signal/data_item/occurs = 0-1
17:14:36.749 DEBUG: ProtocolConfigImpl.cpp:378:log_node_path_and_value(): dlep/module/signal/data_item/name = Maximum_Data_Rate_Transmit
17:14:36.749 DEBUG: ProtocolConfigImpl.cpp:378:log_node_path_and_value(): dlep/module/signal/data_item/occurs = 0-1
17:14:36.749 DEBUG: ProtocolConfigImpl.cpp:378:log_node_path_and_value(): dlep/module/signal/data_item/name = Current_Data_Rate_Receive
17:14:36.749 DEBUG: ProtocolConfigImpl.cpp:378:log_node_path_and_value(): dlep/module/signal/data_item/occurs = 0-1
17:14:36.749 DEBUG: ProtocolConfigImpl.cpp:378:log_node_path_and_value(): dlep/module/signal/data_item/name = Current_Data_Rate_Transmit
17:14:36.749 DEBUG: ProtocolConfigImpl.cpp:378:log_node_path_and_value(): dlep/module/signal/data_item/occurs = 0-1
17:14:36.749 DEBUG: ProtocolConfigImpl.cpp:378:log_node_path_and_value(): dlep/module/signal/data_item/name = Latency
17:14:36.749 DEBUG: ProtocolConfigImpl.cpp:378:log_node_path_and_value(): dlep/module/signal/data_item/occurs = 0-1
17:14:36.749 DEBUG: ProtocolConfigImpl.cpp:378:log_node_path_and_value(): dlep/module/signal/data_item/name = Resources
17:14:36.749 DEBUG: ProtocolConfigImpl.cpp:378:log_node_path_and_value(): dlep/module/signal/data_item/occurs = 0-1
17:14:36.749 DEBUG: ProtocolConfigImpl.cpp:378:log_node_path_and_value(): dlep/module/signal/data_item/name = Resources_Receive
17:14:36.749 DEBUG: ProtocolConfigImpl.cpp:378:log_node_path_and_value(): dlep/module/signal/data_item/occurs = 0-1
17:14:36.749 DEBUG: ProtocolConfigImpl.cpp:378:log_node_path_and_value(): dlep/module/signal/data_item/name = Resources_Transmit
17:14:36.749 DEBUG: ProtocolConfigImpl.cpp:378:log_node_path_and_value(): dlep/module/signal/data_item/occurs = 0-1
17:14:36.749 DEBUG: ProtocolConfigImpl.cpp:378:log_node_path_and_value(): dlep/module/signal/data_item/name = Relative_Link_Quality_Receive
17:14:36.749 DEBUG: ProtocolConfigImpl.cpp:378:log_node_path_and_value(): dlep/module/signal/data_item/occurs = 0-1
17:14:36.749 DEBUG: ProtocolConfigImpl.cpp:378:log_node_path_and_value(): dlep/module/signal/data_item/name = Relative_Link_Quality_Transmit
17:14:36.749 DEBUG: ProtocolConfigImpl.cpp:378:log_node_path_and_value(): dlep/module/signal/data_item/occurs = 0-1
17:14:36.749 DEBUG: ProtocolConfigImpl.cpp:378:log_node_path_and_value(): dlep/module/signal/data_item/name = Maximum_Transmission_Unit
17:14:36.749 DEBUG: ProtocolConfigImpl.cpp:378:log_node_path_and_value(): dlep/module/signal/data_item/occurs = 0-1
17:14:36.749 DEBUG: ProtocolConfigImpl.cpp:378:log_node_path_and_value(): dlep/module/signal/data_item/name = IPv4_Address
17:14:36.749 DEBUG: ProtocolConfigImpl.cpp:378:log_node_path_and_value(): dlep/module/signal/data_item/occurs = 0+
17:14:36.749 DEBUG: ProtocolConfigImpl.cpp:378:log_node_path_and_value(): dlep/module/signal/data_item/name = IPv6_Address
17:14:36.749 DEBUG: ProtocolConfigImpl.cpp:378:log_node_path_and_value(): dlep/module/signal/data_item/occurs = 0+
17:14:36.749 DEBUG: ProtocolConfigImpl.cpp:378:log_node_path_and_value(): dlep/module/signal/data_item/name = IPv4_Attached_Subnet
17:14:36.749 DEBUG: ProtocolConfigImpl.cpp:378:log_node_path_and_value(): dlep/module/signal/data_item/occurs = 0+
17:14:36.749 DEBUG: ProtocolConfigImpl.cpp:378:log_node_path_and_value(): dlep/module/signal/data_item/name = IPv6_Attached_Subnet
17:14:36.749 DEBUG: ProtocolConfigImpl.cpp:378:log_node_path_and_value(): dlep/module/signal/data_item/occurs = 0+
17:14:36.749 DEBUG: ProtocolConfigImpl.cpp:583:insert_id_name_mapping(): message mapping: Destination_Up <--> 7
17:14:36.749 DEBUG: ProtocolConfigImpl.cpp:378:log_node_path_and_value(): dlep/module/signal/name = Destination_Announce_Response
17:14:36.749 DEBUG: ProtocolConfigImpl.cpp:378:log_node_path_and_value(): dlep/module/signal/id = 10
17:14:36.749 DEBUG: ProtocolConfigImpl.cpp:378:log_node_path_and_value(): dlep/module/signal/message = true
17:14:36.749 DEBUG: ProtocolConfigImpl.cpp:378:log_node_path_and_value(): dlep/module/signal/sender = modem
17:14:36.749 DEBUG: ProtocolConfigImpl.cpp:378:log_node_path_and_value(): dlep/module/signal/data_item/name = MAC_Address
17:14:36.749 DEBUG: ProtocolConfigImpl.cpp:378:log_node_path_and_value(): dlep/module/signal/data_item/occurs = 1
17:14:36.749 DEBUG: ProtocolConfigImpl.cpp:378:log_node_path_and_value(): dlep/module/signal/data_item/name = Maximum_Data_Rate_Receive
17:14:36.749 DEBUG: ProtocolConfigImpl.cpp:378:log_node_path_and_value(): dlep/module/signal/data_item/occurs = 0-1
17:14:36.749 DEBUG: ProtocolConfigImpl.cpp:378:log_node_path_and_value(): dlep/module/signal/data_item/name = Maximum_Data_Rate_Transmit
17:14:36.749 DEBUG: ProtocolConfigImpl.cpp:378:log_node_path_and_value(): dlep/module/signal/data_item/occurs = 0-1
17:14:36.749 DEBUG: ProtocolConfigImpl.cpp:378:log_node_path_and_value(): dlep/module/signal/data_item/name = Current_Data_Rate_Receive
17:14:36.749 DEBUG: ProtocolConfigImpl.cpp:378:log_node_path_and_value(): dlep/module/signal/data_item/occurs = 0-1
17:14:36.749 DEBUG: ProtocolConfigImpl.cpp:378:log_node_path_and_value(): dlep/module/signal/data_item/name = Current_Data_Rate_Transmit
17:14:36.749 DEBUG: ProtocolConfigImpl.cpp:378:log_node_path_and_value(): dlep/module/signal/data_item/occurs = 0-1
17:14:36.749 DEBUG: ProtocolConfigImpl.cpp:378:log_node_path_and_value(): dlep/module/signal/data_item/name = Latency
17:14:36.749 DEBUG: ProtocolConfigImpl.cpp:378:log_node_path_and_value(): dlep/module/signal/data_item/occurs = 0-1
17:14:36.749 DEBUG: ProtocolConfigImpl.cpp:378:log_node_path_and_value(): dlep/module/signal/data_item/name = Resources
17:14:36.749 DEBUG: ProtocolConfigImpl.cpp:378:log_node_path_and_value(): dlep/module/signal/data_item/occurs = 0-1
17:14:36.749 DEBUG: ProtocolConfigImpl.cpp:378:log_node_path_and_value(): dlep/module/signal/data_item/name = Resources_Receive
17:14:36.749 DEBUG: ProtocolConfigImpl.cpp:378:log_node_path_and_value(): dlep/module/signal/data_item/occurs = 0-1
17:14:36.749 DEBUG: ProtocolConfigImpl.cpp:378:log_node_path_and_value(): dlep/module/signal/data_item/name = Resources_Transmit
17:14:36.749 DEBUG: ProtocolConfigImpl.cpp:378:log_node_path_and_value(): dlep/module/signal/data_item/occurs = 0-1
17:14:36.749 DEBUG: ProtocolConfigImpl.cpp:378:log_node_path_and_value(): dlep/module/signal/data_item/name = Relative_Link_Quality_Receive
17:14:36.749 DEBUG: ProtocolConfigImpl.cpp:378:log_node_path_and_value(): dlep/module/signal/data_item/occurs = 0-1
17:14:36.749 DEBUG: ProtocolConfigImpl.cpp:378:log_node_path_and_value(): dlep/module/signal/data_item/name = Relative_Link_Quality_Transmit
17:14:36.749 DEBUG: ProtocolConfigImpl.cpp:378:log_node_path_and_value(): dlep/module/signal/data_item/occurs = 0-1
17:14:36.749 DEBUG: ProtocolConfigImpl.cpp:378:log_node_path_and_value(): dlep/module/signal/data_item/name = Maximum_Transmission_Unit
17:14:36.749 DEBUG: ProtocolConfigImpl.cpp:378:log_node_path_and_value(): dlep/module/signal/data_item/occurs = 0-1
17:14:36.749 DEBUG: ProtocolConfigImpl.cpp:378:log_node_path_and_value(): dlep/module/signal/data_item/name = IPv4_Address
17:14:36.749 DEBUG: ProtocolConfigImpl.cpp:378:log_node_path_and_value(): dlep/module/signal/data_item/occurs = 0+
17:14:36.749 DEBUG: ProtocolConfigImpl.cpp:378:log_node_path_and_value(): dlep/module/signal/data_item/name = IPv6_Address
17:14:36.749 DEBUG: ProtocolConfigImpl.cpp:378:log_node_path_and_value(): dlep/module/signal/data_item/occurs = 0+
17:14:36.749 DEBUG: ProtocolConfigImpl.cpp:378:log_node_path_and_value(): dlep/module/signal/data_item/name = IPv4_Attached_Subnet
17:14:36.749 DEBUG: ProtocolConfigImpl.cpp:378:log_node_path_and_value(): dlep/module/signal/data_item/occurs = 0+
17:14:36.749 DEBUG: ProtocolConfigImpl.cpp:378:log_node_path_and_value(): dlep/module/signal/data_item/name = IPv6_Attached_Subnet
17:14:36.749 DEBUG: ProtocolConfigImpl.cpp:378:log_node_path_and_value(): dlep/module/signal/data_item/occurs = 0+
17:14:36.749 DEBUG: ProtocolConfigImpl.cpp:378:log_node_path_and_value(): dlep/module/signal/data_item/name = Status
17:14:36.749 DEBUG: ProtocolConfigImpl.cpp:378:log_node_path_and_value(): dlep/module/signal/data_item/occurs = 1
17:14:36.749 DEBUG: ProtocolConfigImpl.cpp:583:insert_id_name_mapping(): message mapping: Destination_Announce_Response <--> 10
17:14:36.749 DEBUG: ProtocolConfigImpl.cpp:378:log_node_path_and_value(): dlep/module/signal/name = Destination_Announce
17:14:36.749 DEBUG: ProtocolConfigImpl.cpp:378:log_node_path_and_value(): dlep/module/signal/id = 9
17:14:36.749 DEBUG: ProtocolConfigImpl.cpp:378:log_node_path_and_value(): dlep/module/signal/message = true
17:14:36.749 DEBUG: ProtocolConfigImpl.cpp:378:log_node_path_and_value(): dlep/module/signal/sender = router
17:14:36.749 DEBUG: ProtocolConfigImpl.cpp:378:log_node_path_and_value(): dlep/module/signal/response = Destination_Announce_Response
17:14:36.749 DEBUG: ProtocolConfigImpl.cpp:378:log_node_path_and_value(): dlep/module/signal/data_item/name = MAC_Address
17:14:36.749 DEBUG: ProtocolConfigImpl.cpp:378:log_node_path_and_value(): dlep/module/signal/data_item/occurs = 1
17:14:36.749 DEBUG: ProtocolConfigImpl.cpp:378:log_node_path_and_value(): dlep/module/signal/data_item/name = IPv4_Address
17:14:36.749 DEBUG: ProtocolConfigImpl.cpp:378:log_node_path_and_value(): dlep/module/signal/data_item/occurs = 0+
17:14:36.749 DEBUG: ProtocolConfigImpl.cpp:378:log_node_path_and_value(): dlep/module/signal/data_item/name = IPv6_Address
17:14:36.749 DEBUG: ProtocolConfigImpl.cpp:378:log_node_path_and_value(): dlep/module/signal/data_item/occurs = 0+
17:14:36.749 DEBUG: ProtocolConfigImpl.cpp:583:insert_id_name_mapping(): message mapping: Destination_Announce <--> 9
17:14:36.749 DEBUG: ProtocolConfigImpl.cpp:378:log_node_path_and_value(): dlep/module/signal/name = Destination_Down_Response
17:14:36.749 INFO: ProtocolConfigImpl.cpp:677:extract_module_signal(): ignoring unrecognized xml node comment
17:14:36.749 DEBUG: ProtocolConfigImpl.cpp:378:log_node_path_and_value(): dlep/module/signal/id = 12
17:14:36.749 DEBUG: ProtocolConfigImpl.cpp:378:log_node_path_and_value(): dlep/module/signal/message = true
17:14:36.749 DEBUG: ProtocolConfigImpl.cpp:378:log_node_path_and_value(): dlep/module/signal/sender = both
17:14:36.749 DEBUG: ProtocolConfigImpl.cpp:378:log_node_path_and_value(): dlep/module/signal/data_item/name = MAC_Address
17:14:36.749 DEBUG: ProtocolConfigImpl.cpp:378:log_node_path_and_value(): dlep/module/signal/data_item/occurs = 1
17:14:36.749 DEBUG: ProtocolConfigImpl.cpp:378:log_node_path_and_value(): dlep/module/signal/data_item/name = Status
17:14:36.749 DEBUG: ProtocolConfigImpl.cpp:378:log_node_path_and_value(): dlep/module/signal/data_item/occurs = 1
17:14:36.749 DEBUG: ProtocolConfigImpl.cpp:583:insert_id_name_mapping(): message mapping: Destination_Down_Response <--> 12
17:14:36.749 DEBUG: ProtocolConfigImpl.cpp:378:log_node_path_and_value(): dlep/module/signal/name = Destination_Down
17:14:36.749 DEBUG: ProtocolConfigImpl.cpp:378:log_node_path_and_value(): dlep/module/signal/id = 11
17:14:36.749 DEBUG: ProtocolConfigImpl.cpp:378:log_node_path_and_value(): dlep/module/signal/message = true
17:14:36.749 DEBUG: ProtocolConfigImpl.cpp:378:log_node_path_and_value(): dlep/module/signal/sender = both
17:14:36.749 DEBUG: ProtocolConfigImpl.cpp:378:log_node_path_and_value(): dlep/module/signal/response = Destination_Down_Response
17:14:36.749 DEBUG: ProtocolConfigImpl.cpp:378:log_node_path_and_value(): dlep/module/signal/data_item/name = MAC_Address
17:14:36.749 DEBUG: ProtocolConfigImpl.cpp:378:log_node_path_and_value(): dlep/module/signal/data_item/occurs = 1
17:14:36.749 DEBUG: ProtocolConfigImpl.cpp:583:insert_id_name_mapping(): message mapping: Destination_Down <--> 11
17:14:36.749 DEBUG: ProtocolConfigImpl.cpp:378:log_node_path_and_value(): dlep/module/signal/name = Destination_Update
17:14:36.749 DEBUG: ProtocolConfigImpl.cpp:378:log_node_path_and_value(): dlep/module/signal/id = 13
17:14:36.749 DEBUG: ProtocolConfigImpl.cpp:378:log_node_path_and_value(): dlep/module/signal/message = true
17:14:36.749 DEBUG: ProtocolConfigImpl.cpp:378:log_node_path_and_value(): dlep/module/signal/sender = modem
17:14:36.749 DEBUG: ProtocolConfigImpl.cpp:378:log_node_path_and_value(): dlep/module/signal/data_item/name = MAC_Address
17:14:36.749 DEBUG: ProtocolConfigImpl.cpp:378:log_node_path_and_value(): dlep/module/signal/data_item/occurs = 1
17:14:36.749 DEBUG: ProtocolConfigImpl.cpp:378:log_node_path_and_value(): dlep/module/signal/data_item/name = Maximum_Data_Rate_Receive
17:14:36.749 DEBUG: ProtocolConfigImpl.cpp:378:log_node_path_and_value(): dlep/module/signal/data_item/occurs = 0-1
17:14:36.750 DEBUG: ProtocolConfigImpl.cpp:378:log_node_path_and_value(): dlep/module/signal/data_item/name = Maximum_Data_Rate_Transmit
17:14:36.750 DEBUG: ProtocolConfigImpl.cpp:378:log_node_path_and_value(): dlep/module/signal/data_item/occurs = 0-1
17:14:36.750 DEBUG: ProtocolConfigImpl.cpp:378:log_node_path_and_value(): dlep/module/signal/data_item/name = Current_Data_Rate_Receive
17:14:36.750 DEBUG: ProtocolConfigImpl.cpp:378:log_node_path_and_value(): dlep/module/signal/data_item/occurs = 0-1
17:14:36.750 DEBUG: ProtocolConfigImpl.cpp:378:log_node_path_and_value(): dlep/module/signal/data_item/name = Current_Data_Rate_Transmit
17:14:36.750 DEBUG: ProtocolConfigImpl.cpp:378:log_node_path_and_value(): dlep/module/signal/data_item/occurs = 0-1
17:14:36.750 DEBUG: ProtocolConfigImpl.cpp:378:log_node_path_and_value(): dlep/module/signal/data_item/name = Latency
17:14:36.750 DEBUG: ProtocolConfigImpl.cpp:378:log_node_path_and_value(): dlep/module/signal/data_item/occurs = 0-1
17:14:36.750 DEBUG: ProtocolConfigImpl.cpp:378:log_node_path_and_value(): dlep/module/signal/data_item/name = Resources
17:14:36.750 DEBUG: ProtocolConfigImpl.cpp:378:log_node_path_and_value(): dlep/module/signal/data_item/occurs = 0-1
17:14:36.750 DEBUG: ProtocolConfigImpl.cpp:378:log_node_path_and_value(): dlep/module/signal/data_item/name = Resources_Receive
17:14:36.750 DEBUG: ProtocolConfigImpl.cpp:378:log_node_path_and_value(): dlep/module/signal/data_item/occurs = 0-1
17:14:36.750 DEBUG: ProtocolConfigImpl.cpp:378:log_node_path_and_value(): dlep/module/signal/data_item/name = Resources_Transmit
17:14:36.750 DEBUG: ProtocolConfigImpl.cpp:378:log_node_path_and_value(): dlep/module/signal/data_item/occurs = 0-1
17:14:36.750 DEBUG: ProtocolConfigImpl.cpp:378:log_node_path_and_value(): dlep/module/signal/data_item/name = Relative_Link_Quality_Receive
17:14:36.750 DEBUG: ProtocolConfigImpl.cpp:378:log_node_path_and_value(): dlep/module/signal/data_item/occurs = 0-1
17:14:36.750 DEBUG: ProtocolConfigImpl.cpp:378:log_node_path_and_value(): dlep/module/signal/data_item/name = Relative_Link_Quality_Transmit
17:14:36.750 DEBUG: ProtocolConfigImpl.cpp:378:log_node_path_and_value(): dlep/module/signal/data_item/occurs = 0-1
17:14:36.750 DEBUG: ProtocolConfigImpl.cpp:378:log_node_path_and_value(): dlep/module/signal/data_item/name = Maximum_Transmission_Unit
17:14:36.750 DEBUG: ProtocolConfigImpl.cpp:378:log_node_path_and_value(): dlep/module/signal/data_item/occurs = 0-1
17:14:36.750 DEBUG: ProtocolConfigImpl.cpp:378:log_node_path_and_value(): dlep/module/signal/data_item/name = IPv4_Address
17:14:36.750 DEBUG: ProtocolConfigImpl.cpp:378:log_node_path_and_value(): dlep/module/signal/data_item/occurs = 0+
17:14:36.750 DEBUG: ProtocolConfigImpl.cpp:378:log_node_path_and_value(): dlep/module/signal/data_item/name = IPv6_Address
17:14:36.750 DEBUG: ProtocolConfigImpl.cpp:378:log_node_path_and_value(): dlep/module/signal/data_item/occurs = 0+
17:14:36.750 DEBUG: ProtocolConfigImpl.cpp:378:log_node_path_and_value(): dlep/module/signal/data_item/name = IPv4_Attached_Subnet
17:14:36.750 DEBUG: ProtocolConfigImpl.cpp:378:log_node_path_and_value(): dlep/module/signal/data_item/occurs = 0+
17:14:36.750 DEBUG: ProtocolConfigImpl.cpp:378:log_node_path_and_value(): dlep/module/signal/data_item/name = IPv6_Attached_Subnet
17:14:36.750 DEBUG: ProtocolConfigImpl.cpp:378:log_node_path_and_value(): dlep/module/signal/data_item/occurs = 0+
17:14:36.750 DEBUG: ProtocolConfigImpl.cpp:583:insert_id_name_mapping(): message mapping: Destination_Update <--> 13
17:14:36.750 DEBUG: ProtocolConfigImpl.cpp:378:log_node_path_and_value(): dlep/module/signal/name = Link_Characteristics_Response
17:14:36.750 INFO: ProtocolConfigImpl.cpp:677:extract_module_signal(): ignoring unrecognized xml node comment
17:14:36.750 DEBUG: ProtocolConfigImpl.cpp:378:log_node_path_and_value(): dlep/module/signal/id = 15
17:14:36.750 DEBUG: ProtocolConfigImpl.cpp:378:log_node_path_and_value(): dlep/module/signal/message = true
17:14:36.750 DEBUG: ProtocolConfigImpl.cpp:378:log_node_path_and_value(): dlep/module/signal/sender = modem
17:14:36.750 DEBUG: ProtocolConfigImpl.cpp:378:log_node_path_and_value(): dlep/module/signal/data_item/name = MAC_Address
17:14:36.750 DEBUG: ProtocolConfigImpl.cpp:378:log_node_path_and_value(): dlep/module/signal/data_item/occurs = 1
17:14:36.750 DEBUG: ProtocolConfigImpl.cpp:378:log_node_path_and_value(): dlep/module/signal/data_item/name = Maximum_Data_Rate_Receive
17:14:36.750 DEBUG: ProtocolConfigImpl.cpp:378:log_node_path_and_value(): dlep/module/signal/data_item/occurs = 0-1
17:14:36.750 DEBUG: ProtocolConfigImpl.cpp:378:log_node_path_and_value(): dlep/module/signal/data_item/name = Maximum_Data_Rate_Transmit
17:14:36.750 DEBUG: ProtocolConfigImpl.cpp:378:log_node_path_and_value(): dlep/module/signal/data_item/occurs = 0-1
17:14:36.750 DEBUG: ProtocolConfigImpl.cpp:378:log_node_path_and_value(): dlep/module/signal/data_item/name = Current_Data_Rate_Receive
17:14:36.750 DEBUG: ProtocolConfigImpl.cpp:378:log_node_path_and_value(): dlep/module/signal/data_item/occurs = 0-1
17:14:36.750 DEBUG: ProtocolConfigImpl.cpp:378:log_node_path_and_value(): dlep/module/signal/data_item/name = Current_Data_Rate_Transmit
17:14:36.750 DEBUG: ProtocolConfigImpl.cpp:378:log_node_path_and_value(): dlep/module/signal/data_item/occurs = 0-1
17:14:36.750 DEBUG: ProtocolConfigImpl.cpp:378:log_node_path_and_value(): dlep/module/signal/data_item/name = Latency
17:14:36.750 DEBUG: ProtocolConfigImpl.cpp:378:log_node_path_and_value(): dlep/module/signal/data_item/occurs = 0-1
17:14:36.750 DEBUG: ProtocolConfigImpl.cpp:378:log_node_path_and_value(): dlep/module/signal/data_item/name = Resources
17:14:36.750 DEBUG: ProtocolConfigImpl.cpp:378:log_node_path_and_value(): dlep/module/signal/data_item/occurs = 0-1
17:14:36.750 DEBUG: ProtocolConfigImpl.cpp:378:log_node_path_and_value(): dlep/module/signal/data_item/name = Resources_Receive
17:14:36.750 DEBUG: ProtocolConfigImpl.cpp:378:log_node_path_and_value(): dlep/module/signal/data_item/occurs = 0-1
17:14:36.750 DEBUG: ProtocolConfigImpl.cpp:378:log_node_path_and_value(): dlep/module/signal/data_item/name = Resources_Transmit
17:14:36.750 DEBUG: ProtocolConfigImpl.cpp:378:log_node_path_and_value(): dlep/module/signal/data_item/occurs = 0-1
17:14:36.750 DEBUG: ProtocolConfigImpl.cpp:378:log_node_path_and_value(): dlep/module/signal/data_item/name = Relative_Link_Quality_Receive
17:14:36.750 DEBUG: ProtocolConfigImpl.cpp:378:log_node_path_and_value(): dlep/module/signal/data_item/occurs = 0-1
17:14:36.750 DEBUG: ProtocolConfigImpl.cpp:378:log_node_path_and_value(): dlep/module/signal/data_item/name = Relative_Link_Quality_Transmit
17:14:36.750 DEBUG: ProtocolConfigImpl.cpp:378:log_node_path_and_value(): dlep/module/signal/data_item/occurs = 0-1
17:14:36.750 DEBUG: ProtocolConfigImpl.cpp:378:log_node_path_and_value(): dlep/module/signal/data_item/name = Maximum_Transmission_Unit
17:14:36.750 DEBUG: ProtocolConfigImpl.cpp:378:log_node_path_and_value(): dlep/module/signal/data_item/occurs = 0-1
17:14:36.750 DEBUG: ProtocolConfigImpl.cpp:378:log_node_path_and_value(): dlep/module/signal/data_item/name = Status
17:14:36.750 DEBUG: ProtocolConfigImpl.cpp:378:log_node_path_and_value(): dlep/module/signal/data_item/occurs = 1
17:14:36.750 DEBUG: ProtocolConfigImpl.cpp:583:insert_id_name_mapping(): message mapping: Link_Characteristics_Response <--> 15
17:14:36.750 DEBUG: ProtocolConfigImpl.cpp:378:log_node_path_and_value(): dlep/module/signal/name = Link_Characteristics_Request
17:14:36.750 DEBUG: ProtocolConfigImpl.cpp:378:log_node_path_and_value(): dlep/module/signal/id = 14
17:14:36.750 DEBUG: ProtocolConfigImpl.cpp:378:log_node_path_and_value(): dlep/module/signal/message = true
17:14:36.750 DEBUG: ProtocolConfigImpl.cpp:378:log_node_path_and_value(): dlep/module/signal/sender = router
17:14:36.750 DEBUG: ProtocolConfigImpl.cpp:378:log_node_path_and_value(): dlep/module/signal/response = Link_Characteristics_Response
17:14:36.750 DEBUG: ProtocolConfigImpl.cpp:378:log_node_path_and_value(): dlep/module/signal/data_item/name = MAC_Address
17:14:36.750 DEBUG: ProtocolConfigImpl.cpp:378:log_node_path_and_value(): dlep/module/signal/data_item/occurs = 1
17:14:36.750 DEBUG: ProtocolConfigImpl.cpp:378:log_node_path_and_value(): dlep/module/signal/data_item/name = Current_Data_Rate_Receive
17:14:36.750 DEBUG: ProtocolConfigImpl.cpp:378:log_node_path_and_value(): dlep/module/signal/data_item/occurs = 0-1
17:14:36.750 DEBUG: ProtocolConfigImpl.cpp:378:log_node_path_and_value(): dlep/module/signal/data_item/name = Current_Data_Rate_Transmit
17:14:36.750 DEBUG: ProtocolConfigImpl.cpp:378:log_node_path_and_value(): dlep/module/signal/data_item/occurs = 0-1
17:14:36.750 DEBUG: ProtocolConfigImpl.cpp:378:log_node_path_and_value(): dlep/module/signal/data_item/name = Latency
17:14:36.750 DEBUG: ProtocolConfigImpl.cpp:378:log_node_path_and_value(): dlep/module/signal/data_item/occurs = 0-1
17:14:36.750 DEBUG: ProtocolConfigImpl.cpp:583:insert_id_name_mapping(): message mapping: Link_Characteristics_Request <--> 14
17:14:36.750 DEBUG: ProtocolConfigImpl.cpp:378:log_node_path_and_value(): dlep/module/signal/name = Heartbeat
17:14:36.750 DEBUG: ProtocolConfigImpl.cpp:378:log_node_path_and_value(): dlep/module/signal/id = 16
17:14:36.750 DEBUG: ProtocolConfigImpl.cpp:378:log_node_path_and_value(): dlep/module/signal/message = true
17:14:36.750 DEBUG: ProtocolConfigImpl.cpp:378:log_node_path_and_value(): dlep/module/signal/sender = both
17:14:36.750 DEBUG: ProtocolConfigImpl.cpp:583:insert_id_name_mapping(): message mapping: Heartbeat <--> 16
17:14:36.750 INFO: ProtocolConfigImpl.cpp:546:extract_module(): ignoring unrecognized xml node comment
17:14:36.750 DEBUG: ProtocolConfigImpl.cpp:378:log_node_path_and_value(): dlep/module/status_code/name = Success
17:14:36.750 DEBUG: ProtocolConfigImpl.cpp:378:log_node_path_and_value(): dlep/module/status_code/id = 0
17:14:36.750 DEBUG: ProtocolConfigImpl.cpp:583:insert_id_name_mapping(): status_code mapping: Success <--> 0
17:14:36.750 DEBUG: ProtocolConfigImpl.cpp:378:log_node_path_and_value(): dlep/module/status_code/failure_mode = continue
17:14:36.750 DEBUG: ProtocolConfigImpl.cpp:378:log_node_path_and_value(): dlep/module/status_code/name = Not_Interested
17:14:36.750 DEBUG: ProtocolConfigImpl.cpp:378:log_node_path_and_value(): dlep/module/status_code/id = 1
17:14:36.750 DEBUG: ProtocolConfigImpl.cpp:583:insert_id_name_mapping(): status_code mapping: Not_Interested <--> 1
17:14:36.750 DEBUG: ProtocolConfigImpl.cpp:378:log_node_path_and_value(): dlep/module/status_code/failure_mode = continue
17:14:36.750 DEBUG: ProtocolConfigImpl.cpp:378:log_node_path_and_value(): dlep/module/status_code/name = Request_Denied
17:14:36.750 DEBUG: ProtocolConfigImpl.cpp:378:log_node_path_and_value(): dlep/module/status_code/id = 2
17:14:36.750 DEBUG: ProtocolConfigImpl.cpp:583:insert_id_name_mapping(): status_code mapping: Request_Denied <--> 2
17:14:36.750 DEBUG: ProtocolConfigImpl.cpp:378:log_node_path_and_value(): dlep/module/status_code/failure_mode = continue
17:14:36.750 DEBUG: ProtocolConfigImpl.cpp:378:log_node_path_and_value(): dlep/module/status_code/name = Unknown_Message
17:14:36.750 DEBUG: ProtocolConfigImpl.cpp:378:log_node_path_and_value(): dlep/module/status_code/id = 128
17:14:36.750 DEBUG: ProtocolConfigImpl.cpp:583:insert_id_name_mapping(): status_code mapping: Unknown_Message <--> 128
17:14:36.750 DEBUG: ProtocolConfigImpl.cpp:378:log_node_path_and_value(): dlep/module/status_code/failure_mode = terminate
17:14:36.750 DEBUG: ProtocolConfigImpl.cpp:378:log_node_path_and_value(): dlep/module/status_code/name = Unexpected_Message
17:14:36.750 DEBUG: ProtocolConfigImpl.cpp:378:log_node_path_and_value(): dlep/module/status_code/id = 129
17:14:36.751 DEBUG: ProtocolConfigImpl.cpp:583:insert_id_name_mapping(): status_code mapping: Unexpected_Message <--> 129
17:14:36.751 DEBUG: ProtocolConfigImpl.cpp:378:log_node_path_and_value(): dlep/module/status_code/failure_mode = terminate
17:14:36.751 DEBUG: ProtocolConfigImpl.cpp:378:log_node_path_and_value(): dlep/module/status_code/name = Invalid_Data
17:14:36.751 DEBUG: ProtocolConfigImpl.cpp:378:log_node_path_and_value(): dlep/module/status_code/id = 130
17:14:36.751 DEBUG: ProtocolConfigImpl.cpp:583:insert_id_name_mapping(): status_code mapping: Invalid_Data <--> 130
17:14:36.751 DEBUG: ProtocolConfigImpl.cpp:378:log_node_path_and_value(): dlep/module/status_code/failure_mode = terminate
17:14:36.751 DEBUG: ProtocolConfigImpl.cpp:378:log_node_path_and_value(): dlep/module/status_code/name = Invalid_Destination
17:14:36.751 DEBUG: ProtocolConfigImpl.cpp:378:log_node_path_and_value(): dlep/module/status_code/id = 131
17:14:36.751 DEBUG: ProtocolConfigImpl.cpp:583:insert_id_name_mapping(): status_code mapping: Invalid_Destination <--> 131
17:14:36.751 DEBUG: ProtocolConfigImpl.cpp:378:log_node_path_and_value(): dlep/module/status_code/failure_mode = terminate
17:14:36.751 DEBUG: ProtocolConfigImpl.cpp:378:log_node_path_and_value(): dlep/module/status_code/name = Timed_Out
17:14:36.751 DEBUG: ProtocolConfigImpl.cpp:378:log_node_path_and_value(): dlep/module/status_code/id = 132
17:14:36.751 DEBUG: ProtocolConfigImpl.cpp:583:insert_id_name_mapping(): status_code mapping: Timed_Out <--> 132
17:14:36.751 DEBUG: ProtocolConfigImpl.cpp:378:log_node_path_and_value(): dlep/module/status_code/failure_mode = terminate
17:14:36.751 INFO: ProtocolConfigImpl.cpp:353:extract_protocol_config(): ignoring unrecognized xml node comment
17:14:36.751 INFO: ProtocolConfigImpl.cpp:353:extract_protocol_config(): ignoring unrecognized xml node include
17:14:36.751 INFO: ProtocolConfigImpl.cpp:353:extract_protocol_config(): ignoring unrecognized xml node comment
17:14:36.751 DEBUG: ProtocolConfigImpl.cpp:378:log_node_path_and_value(): dlep/module/name = Credit Windowing
17:14:36.751 DEBUG: ProtocolConfigImpl.cpp:378:log_node_path_and_value(): dlep/module/draft = 3
17:14:36.751 DEBUG: ProtocolConfigImpl.cpp:378:log_node_path_and_value(): dlep/module/extension_id = 1
17:14:36.751 INFO: ProtocolConfigImpl.cpp:546:extract_module(): ignoring unrecognized xml node comment
17:14:36.751 DEBUG: ProtocolConfigImpl.cpp:378:log_node_path_and_value(): dlep/module/data_item/name = Credit_Grant
17:14:36.751 DEBUG: ProtocolConfigImpl.cpp:378:log_node_path_and_value(): dlep/module/data_item/type = u64
17:14:36.751 DEBUG: ProtocolConfigImpl.cpp:378:log_node_path_and_value(): dlep/module/data_item/id = 50
17:14:36.751 DEBUG: ProtocolConfigImpl.cpp:583:insert_id_name_mapping(): data_item mapping: Credit_Grant <--> 50
17:14:36.751 DEBUG: ProtocolConfigImpl.cpp:378:log_node_path_and_value(): dlep/module/data_item/metric = false
17:14:36.751 DEBUG: ProtocolConfigImpl.cpp:378:log_node_path_and_value(): dlep/module/data_item/units = octets
17:14:36.751 DEBUG: ProtocolConfigImpl.cpp:378:log_node_path_and_value(): dlep/module/data_item/name = Credit_Window_Status
17:14:36.751 DEBUG: ProtocolConfigImpl.cpp:378:log_node_path_and_value(): dlep/module/data_item/type = a2_u64
17:14:36.751 DEBUG: ProtocolConfigImpl.cpp:378:log_node_path_and_value(): dlep/module/data_item/id = 51
17:14:36.751 DEBUG: ProtocolConfigImpl.cpp:583:insert_id_name_mapping(): data_item mapping: Credit_Window_Status <--> 51
17:14:36.751 DEBUG: ProtocolConfigImpl.cpp:378:log_node_path_and_value(): dlep/module/data_item/metric = false
17:14:36.751 DEBUG: ProtocolConfigImpl.cpp:378:log_node_path_and_value(): dlep/module/data_item/units = octets
17:14:36.751 DEBUG: ProtocolConfigImpl.cpp:378:log_node_path_and_value(): dlep/module/data_item/name = Credit_Request
17:14:36.751 DEBUG: ProtocolConfigImpl.cpp:378:log_node_path_and_value(): dlep/module/data_item/type = blank
17:14:36.751 DEBUG: ProtocolConfigImpl.cpp:378:log_node_path_and_value(): dlep/module/data_item/id = 52
17:14:36.751 DEBUG: ProtocolConfigImpl.cpp:583:insert_id_name_mapping(): data_item mapping: Credit_Request <--> 52
17:14:36.751 DEBUG: ProtocolConfigImpl.cpp:378:log_node_path_and_value(): dlep/module/data_item/metric = false
17:14:36.751 INFO: ProtocolConfigImpl.cpp:546:extract_module(): ignoring unrecognized xml node comment
17:14:36.751 DEBUG: ProtocolConfigImpl.cpp:378:log_node_path_and_value(): dlep/module/signal/name = Destination_Up
17:14:36.751 DEBUG: ProtocolConfigImpl.cpp:378:log_node_path_and_value(): dlep/module/signal/data_item/name = Credit_Grant
17:14:36.751 DEBUG: ProtocolConfigImpl.cpp:378:log_node_path_and_value(): dlep/module/signal/data_item/occurs = 0-1
17:14:36.751 INFO: ProtocolConfigImpl.cpp:812:extract_module_signal(): module Credit Windowing added 1 data items to signal Destination_Up
17:14:36.751 DEBUG: ProtocolConfigImpl.cpp:378:log_node_path_and_value(): dlep/module/signal/name = Destination_Up_Response
17:14:36.751 DEBUG: ProtocolConfigImpl.cpp:378:log_node_path_and_value(): dlep/module/signal/data_item/name = Credit_Grant
17:14:36.751 DEBUG: ProtocolConfigImpl.cpp:378:log_node_path_and_value(): dlep/module/signal/data_item/occurs = 0-1
17:14:36.751 INFO: ProtocolConfigImpl.cpp:812:extract_module_signal(): module Credit Windowing added 1 data items to signal Destination_Up_Response
17:14:36.751 DEBUG: ProtocolConfigImpl.cpp:378:log_node_path_and_value(): dlep/module/signal/name = Destination_Announce
17:14:36.751 DEBUG: ProtocolConfigImpl.cpp:378:log_node_path_and_value(): dlep/module/signal/data_item/name = Credit_Grant
17:14:36.751 DEBUG: ProtocolConfigImpl.cpp:378:log_node_path_and_value(): dlep/module/signal/data_item/occurs = 0-1
17:14:36.751 INFO: ProtocolConfigImpl.cpp:812:extract_module_signal(): module Credit Windowing added 1 data items to signal Destination_Announce
17:14:36.751 DEBUG: ProtocolConfigImpl.cpp:378:log_node_path_and_value(): dlep/module/signal/name = Destination_Announce_Response
17:14:36.751 DEBUG: ProtocolConfigImpl.cpp:378:log_node_path_and_value(): dlep/module/signal/data_item/name = Credit_Grant
17:14:36.751 DEBUG: ProtocolConfigImpl.cpp:378:log_node_path_and_value(): dlep/module/signal/data_item/occurs = 0-1
17:14:36.751 INFO: ProtocolConfigImpl.cpp:812:extract_module_signal(): module Credit Windowing added 1 data items to signal Destination_Announce_Response
17:14:36.751 DEBUG: ProtocolConfigImpl.cpp:378:log_node_path_and_value(): dlep/module/signal/name = Destination_Update
17:14:36.751 DEBUG: ProtocolConfigImpl.cpp:378:log_node_path_and_value(): dlep/module/signal/data_item/name = Credit_Grant
17:14:36.751 DEBUG: ProtocolConfigImpl.cpp:378:log_node_path_and_value(): dlep/module/signal/data_item/occurs = 0-1
17:14:36.751 DEBUG: ProtocolConfigImpl.cpp:378:log_node_path_and_value(): dlep/module/signal/data_item/name = Credit_Window_Status
17:14:36.751 DEBUG: ProtocolConfigImpl.cpp:378:log_node_path_and_value(): dlep/module/signal/data_item/occurs = 0-1
17:14:36.751 DEBUG: ProtocolConfigImpl.cpp:378:log_node_path_and_value(): dlep/module/signal/data_item/name = Credit_Request
17:14:36.751 DEBUG: ProtocolConfigImpl.cpp:378:log_node_path_and_value(): dlep/module/signal/data_item/occurs = 0-1
17:14:36.751 INFO: ProtocolConfigImpl.cpp:812:extract_module_signal(): module Credit Windowing added 3 data items to signal Destination_Update
17:14:36.751 DEBUG: ProtocolConfigImpl.cpp:378:log_node_path_and_value(): dlep/module/signal/name = Link_Characteristics_Request
17:14:36.751 DEBUG: ProtocolConfigImpl.cpp:378:log_node_path_and_value(): dlep/module/signal/sender = both
17:14:36.751 DEBUG: ProtocolConfigImpl.cpp:378:log_node_path_and_value(): dlep/module/signal/data_item/name = Credit_Request
17:14:36.751 DEBUG: ProtocolConfigImpl.cpp:378:log_node_path_and_value(): dlep/module/signal/data_item/occurs = 0-1
17:14:36.751 INFO: ProtocolConfigImpl.cpp:795:extract_module_signal(): module Credit Windowing changed signal Link_Characteristics_Request flags from 5 to 7
17:14:36.751 INFO: ProtocolConfigImpl.cpp:812:extract_module_signal(): module Credit Windowing added 1 data items to signal Link_Characteristics_Request
17:14:36.751 DEBUG: ProtocolConfigImpl.cpp:378:log_node_path_and_value(): dlep/module/signal/name = Link_Characteristics_Response
17:14:36.751 DEBUG: ProtocolConfigImpl.cpp:378:log_node_path_and_value(): dlep/module/signal/sender = both
17:14:36.751 INFO: ProtocolConfigImpl.cpp:795:extract_module_signal(): module Credit Windowing changed signal Link_Characteristics_Response flags from 3 to 7
17:14:36.751 INFO: ProtocolConfigImpl.cpp:546:extract_module(): ignoring unrecognized xml node comment
17:14:36.751 DEBUG: ProtocolConfigImpl.cpp:378:log_node_path_and_value(): dlep/module/status_code/name = Credit_Window_Out_Of_Sync
17:14:36.751 DEBUG: ProtocolConfigImpl.cpp:378:log_node_path_and_value(): dlep/module/status_code/id = 150
17:14:36.751 DEBUG: ProtocolConfigImpl.cpp:583:insert_id_name_mapping(): status_code mapping: Credit_Window_Out_Of_Sync <--> 150
17:14:36.751 DEBUG: ProtocolConfigImpl.cpp:378:log_node_path_and_value(): dlep/module/status_code/failure_mode = continue
17:14:36.751 DEBUG: ProtocolConfigImpl.cpp:378:log_node_path_and_value(): dlep/module/status_code/name = Credit_Use_Rejected
17:14:36.751 DEBUG: ProtocolConfigImpl.cpp:378:log_node_path_and_value(): dlep/module/status_code/id = 30
17:14:36.751 DEBUG: ProtocolConfigImpl.cpp:583:insert_id_name_mapping(): status_code mapping: Credit_Use_Rejected <--> 30
17:14:36.751 DEBUG: ProtocolConfigImpl.cpp:378:log_node_path_and_value(): dlep/module/status_code/failure_mode = continue
17:14:36.751 INFO: ProtocolConfigImpl.cpp:353:extract_protocol_config(): ignoring unrecognized xml node include
17:14:36.751 DEBUG: ProtocolConfigImpl.cpp:258:load_protocol_config(): cleaning up
17:14:36.751 DEBUG: Dlep.cpp:111:initialize(): add peer default data item id=12(Maximum_Data_Rate_Receive) value=0
17:14:36.751 DEBUG: Dlep.cpp:111:initialize(): add peer default data item id=13(Maximum_Data_Rate_Transmit) value=0
17:14:36.751 DEBUG: Dlep.cpp:111:initialize(): add peer default data item id=14(Current_Data_Rate_Receive) value=0
17:14:36.751 DEBUG: Dlep.cpp:111:initialize(): add peer default data item id=15(Current_Data_Rate_Transmit) value=0
17:14:36.752 DEBUG: Dlep.cpp:111:initialize(): add peer default data item id=16(Latency) value=0
17:14:36.752 DEBUG: Dlep.cpp:111:initialize(): add peer default data item id=17(Resources) value=0
17:14:36.752 DEBUG: Dlep.cpp:111:initialize(): add peer default data item id=18(Resources_Receive) value=0
17:14:36.752 DEBUG: Dlep.cpp:111:initialize(): add peer default data item id=19(Resources_Transmit) value=0
17:14:36.752 DEBUG: Dlep.cpp:111:initialize(): add peer default data item id=20(Relative_Link_Quality_Receive) value=0
17:14:36.752 DEBUG: Dlep.cpp:111:initialize(): add peer default data item id=21(Relative_Link_Quality_Transmit) value=0
17:14:36.752 DEBUG: Dlep.cpp:111:initialize(): add peer default data item id=22(Maximum_Transmission_Unit) value=0
17:14:36.752 DEBUG: NetUtils.cpp:145:get_ip_addr_from_iface(): for interface=emane0, address family=2, address found=10.100.0.8
17:14:36.752 INFO: PeriodicMcastSendRcv.cpp:98:start(): interface=emane0 address=10.100.0.8
17:14:36.752 INFO: PeriodicMcastSendRcv.cpp:305:setup_receive(): receive endpoint=225.0.0.45:30002
17:14:36.752 INFO: PeriodicMcastSendRcv.cpp:320:setup_receive(): Joining Multicast Group: 225.0.0.45:30002
17:14:36.752 INFO: PeriodicMcastSendRcv.cpp:345:setup_receive(): Finished Setting Socket Options - Initiating receive
17:14:36.752 DEBUG: NetUtils.cpp:145:get_ip_addr_from_iface(): for interface=eth1, address family=2, address found=10.99.0.8
17:14:36.752 INFO: PeriodicMcastSendRcv.cpp:98:start(): interface=eth1 address=10.99.0.8
17:14:36.752 INFO: PeriodicMcastSendRcv.cpp:305:setup_receive(): receive endpoint=225.6.7.8:33445
17:14:36.752 INFO: PeriodicMcastSendRcv.cpp:320:setup_receive(): Joining Multicast Group: 225.6.7.8:33445
17:14:36.752 INFO: PeriodicMcastSendRcv.cpp:345:setup_receive(): Finished Setting Socket Options - Initiating receive
17:14:36.752 INFO: PeriodicMcastSendRcv.cpp:173:setup_send(): send endpoint=225.6.7.8:33445
17:14:36.752 DEBUG: PeriodicMcastSendRcv.cpp:180:setup_send(): Done assigning multicast address and port
17:14:36.752 DEBUG: PeriodicMcastSendRcv.cpp:208:setup_send(): Done setting socket enable loopback and socket reuse option, bind to 0.0.0.0:0 local endpoint 0.0.0.0:33863
17:14:36.752 DEBUG: PeriodicMcastSendRcv.cpp:211:setup_send(): Setting outbound interface to: 10.99.0.8
17:14:36.752 INFO: DestAdvert.cpp:83:get_message_to_send(): report interval=5 uptime=0 seqnum=1 rfid=00:08 dests:
17:14:36.752 DEBUG: PeriodicMcastSendRcv.cpp:280:start_send(): sending packet with size=10 to 225.6.7.8:33445
17:14:36.752 INFO: PeriodicMcastSendRcv.cpp:129:stop(): stopping
17:14:36.752 INFO: PeriodicMcastSendRcv.cpp:142:stop(): 0 timer async operations were cancelled
