14:06:01.200623  INFO application: emane -r -d -l 3 -f /home/ubuntu/Desktop/emane-tutorial/dlepmaban/persist/9/var/log/emane.log --pidfile /home/ubuntu/Desktop/emane-tutorial/dlepmaban/persist/9/var/run/emane.pid --uuidfile /home/ubuntu/Desktop/emane-tutorial/dlepmaban/persist/9/var/run/emane.uuid platform9.xml 
14:06:01.200692  INFO application uuid: 9775bf70-27f9-4a62-8836-06947e51f911
14:06:01.202359  INFO TRANSPORTI 009 VirtualTransport::configure address: 10.100.0.9
14:06:01.202384  INFO TRANSPORTI 009 VirtualTransport::configure mask: 255.255.255.0
14:06:01.202389  INFO TRANSPORTI 009 VirtualTransport::configure arpcacheenable: 1
14:06:01.202393  INFO TRANSPORTI 009 VirtualTransport::configure arpmodeenable: 1
14:06:01.202396  INFO TRANSPORTI 009 VirtualTransport::configure bitrate: 0
14:06:01.202399  INFO TRANSPORTI 009 VirtualTransport::configure broadcastmodeenable: 0
14:06:01.202402  INFO TRANSPORTI 009 VirtualTransport::configure device: emane0
14:06:01.202405  INFO TRANSPORTI 009 VirtualTransport::configure devicepath: /dev/net/tun
14:06:01.202409  INFO TRANSPORTI 009 VirtualTransport::configure flowcontrolenable: 0
14:06:01.212604  INFO SHIMI 009 DLEP::ModemService::configure ackprobability = 100
14:06:01.212620  INFO SHIMI 009 DLEP::ModemService::configure acktimeout = 3
14:06:01.212623  INFO SHIMI 009 DLEP::ModemService::configure configfile = 
14:06:01.212626  INFO SHIMI 009 DLEP::ModemService::configure destinationadvertenable = 1
14:06:01.212629  INFO SHIMI 009 DLEP::ModemService::configure destinationadvertexpirecount = 0
14:06:01.212631  INFO SHIMI 009 DLEP::ModemService::configure destinationadvertholdinterval = 0
14:06:01.212634  INFO SHIMI 009 DLEP::ModemService::configure destinationadvertiface = eth1
14:06:01.212636  INFO SHIMI 009 DLEP::ModemService::configure destinationadvertmcastaddress = 225.6.7.8
14:06:01.212639  INFO SHIMI 009 DLEP::ModemService::configure destinationadvertport = 33445
14:06:01.212641  INFO SHIMI 009 DLEP::ModemService::configure destinationadvertsendinterval = 5
14:06:01.212643  INFO SHIMI 009 DLEP::ModemService::configure discoveryenable = 1
14:06:01.212646  INFO SHIMI 009 DLEP::ModemService::configure discoveryiface = emane0
14:06:01.212649  INFO SHIMI 009 DLEP::ModemService::configure discoveryinterval = 5
14:06:01.212651  INFO SHIMI 009 DLEP::ModemService::configure discoverymcastaddress = 225.0.0.45
14:06:01.212654  INFO SHIMI 009 DLEP::ModemService::configure discoveryport = 30002
14:06:01.212662  INFO SHIMI 009 DLEP::ModemService::configure etheraddroui = 00:00:09
14:06:01.212665  INFO SHIMI 009 DLEP::ModemService::configure extensions = 
14:06:01.212667  INFO SHIMI 009 DLEP::ModemService::configure heartbeatinterval = 5
14:06:01.212670  INFO SHIMI 009 DLEP::ModemService::configure heartbeatthreshold = 2
14:06:01.212673  INFO SHIMI 009 DLEP::ModemService::configure localtype = modem
14:06:01.212675  INFO SHIMI 009 DLEP::ModemService::configure logfile = dlep9.log
14:06:01.212677  INFO SHIMI 009 DLEP::ModemService::configure loglevel = 1
14:06:01.212759 ABORT ConvertionException: 09 invalid character in numeric: '9'
