14:06:02.195801  INFO application: emane -r -d -l 3 -f /home/ubuntu/Desktop/emane-tutorial/dlepmaban/persist/10/var/log/emane.log --pidfile /home/ubuntu/Desktop/emane-tutorial/dlepmaban/persist/10/var/run/emane.pid --uuidfile /home/ubuntu/Desktop/emane-tutorial/dlepmaban/persist/10/var/run/emane.uuid platform10.xml 
14:06:02.195930  INFO application uuid: 37e9f36a-bce6-4db7-89a3-7eb26eb918b6
14:06:02.196880  INFO TRANSPORTI 010 VirtualTransport::configure address: 10.100.0.10
14:06:02.196921  INFO TRANSPORTI 010 VirtualTransport::configure mask: 255.255.255.0
14:06:02.196932  INFO TRANSPORTI 010 VirtualTransport::configure arpcacheenable: 1
14:06:02.196939  INFO TRANSPORTI 010 VirtualTransport::configure arpmodeenable: 1
14:06:02.196946  INFO TRANSPORTI 010 VirtualTransport::configure bitrate: 0
14:06:02.196954  INFO TRANSPORTI 010 VirtualTransport::configure broadcastmodeenable: 0
14:06:02.196961  INFO TRANSPORTI 010 VirtualTransport::configure device: emane0
14:06:02.196969  INFO TRANSPORTI 010 VirtualTransport::configure devicepath: /dev/net/tun
14:06:02.196977  INFO TRANSPORTI 010 VirtualTransport::configure flowcontrolenable: 0
14:06:02.218039  INFO SHIMI 010 DLEP::ModemService::configure ackprobability = 100
14:06:02.218074  INFO SHIMI 010 DLEP::ModemService::configure acktimeout = 3
14:06:02.218083  INFO SHIMI 010 DLEP::ModemService::configure configfile = 
14:06:02.218090  INFO SHIMI 010 DLEP::ModemService::configure destinationadvertenable = 1
14:06:02.218097  INFO SHIMI 010 DLEP::ModemService::configure destinationadvertexpirecount = 0
14:06:02.218131  INFO SHIMI 010 DLEP::ModemService::configure destinationadvertholdinterval = 0
14:06:02.218138  INFO SHIMI 010 DLEP::ModemService::configure destinationadvertiface = eth1
14:06:02.218147  INFO SHIMI 010 DLEP::ModemService::configure destinationadvertmcastaddress = 225.6.7.8
14:06:02.218153  INFO SHIMI 010 DLEP::ModemService::configure destinationadvertport = 33445
14:06:02.218159  INFO SHIMI 010 DLEP::ModemService::configure destinationadvertsendinterval = 5
14:06:02.218165  INFO SHIMI 010 DLEP::ModemService::configure discoveryenable = 1
14:06:02.218171  INFO SHIMI 010 DLEP::ModemService::configure discoveryiface = emane0
14:06:02.218177  INFO SHIMI 010 DLEP::ModemService::configure discoveryinterval = 5
14:06:02.218183  INFO SHIMI 010 DLEP::ModemService::configure discoverymcastaddress = 225.0.0.45
14:06:02.218190  INFO SHIMI 010 DLEP::ModemService::configure discoveryport = 30002
14:06:02.218206  INFO SHIMI 010 DLEP::ModemService::configure etheraddroui = 00:00:10
14:06:02.218213  INFO SHIMI 010 DLEP::ModemService::configure extensions = 
14:06:02.218219  INFO SHIMI 010 DLEP::ModemService::configure heartbeatinterval = 5
14:06:02.218225  INFO SHIMI 010 DLEP::ModemService::configure heartbeatthreshold = 2
14:06:02.218230  INFO SHIMI 010 DLEP::ModemService::configure localtype = modem
14:06:02.218236  INFO SHIMI 010 DLEP::ModemService::configure logfile = dlep10.log
14:06:02.218242  INFO SHIMI 010 DLEP::ModemService::configure loglevel = 1
14:06:02.218250  INFO SHIMI 010 DLEP::ModemService::configure macaddress = 02 0a:B2:C3:D4:00:10
14:06:02.218258  INFO SHIMI 010 DLEP::ModemService::configure peertype = emane
14:06:02.218264  INFO SHIMI 010 DLEP::ModemService::configure protocolconfigfile = dlep-draft-24.xml
14:06:02.218270  INFO SHIMI 010 DLEP::ModemService::configure sendtries = 3
14:06:02.218276  INFO SHIMI 010 DLEP::ModemService::configure sessionport = 30003
14:06:02.218281  INFO SHIMI 010 DLEP::ModemService::configure sinrmax = 20.000000 dBm
14:06:02.218291  INFO SHIMI 010 DLEP::ModemService::configure sinrmin = 0.000000 dBm
14:06:02.218298  INFO SHIMI 010 DLEP::ModemService::configure destinationadvertrfid = 0,10
14:06:02.218305  INFO SHIMI 010 DLEP::ModemService::configure protocolconfigschema = protocol-config.xsd
14:06:02.218902  INFO MACI 010 RFPipeMACLayer::configure datarate = 1000000
14:06:02.218920  INFO MACI 010 RFPipeMACLayer::configure delay = 0.000000
14:06:02.218929  INFO MACI 010 RFPipeMACLayer::configure enablepromiscuousmode = off
14:06:02.218936  INFO MACI 010 RFPipeMACLayer::configure flowcontrolenable = off
14:06:02.218942  INFO MACI 010 RFPipeMACLayer::configure flowcontroltokens = 10
14:06:02.218947  INFO MACI 010 RFPipeMACLayer::configure jitter = 0.000000
14:06:02.218953  INFO MACI 010 RFPipeMACLayer::configure pcrcurveuri = file:///usr/share/emane/xml/models/mac/rfpipe/rfpipepcr.xml
14:06:02.218962  INFO MACI 010 RFPipeMACLayer::configure radiometricenable = on
14:06:02.218968  INFO MACI 010 RFPipeMACLayer::configure neighbormetricdeletetime = 60.000000
14:06:02.218978  INFO MACI 010 RFPipeMACLayer::configure radiometricreportinterval = 1.000000
14:06:02.219206  INFO PHYI 010 FrameworkPHY::configure: bandwidth = 1000000 Hz
14:06:02.219226  INFO PHYI 010 FrameworkPHY::configure: fixedantennagain = 0.00 dBi
14:06:02.219235  INFO PHYI 010 FrameworkPHY::configure: fixedantennagainenable = on
14:06:02.219242  INFO PHYI 010 FrameworkPHY::configure: noisemode = outofband
14:06:02.219248  INFO PHYI 010 FrameworkPHY::configure: propagationmodel = precomputed
14:06:02.219255  INFO PHYI 010 FrameworkPHY::configure: subid = 2
14:06:02.219264  INFO PHYI 010 FrameworkPHY::configure: systemnoisefigure = 4.00 dB
14:06:02.219270  INFO PHYI 010 FrameworkPHY::configure: txpower = 0.00 dBm
14:06:02.219276  INFO PHYI 010 FrameworkPHY::configure: frequency = 2347000000 Hz
14:06:02.219284  INFO PHYI 010 FrameworkPHY::configure: frequencyofinterest = 2347000000 Hz
14:06:02.219290  INFO PHYI 010 FrameworkPHY::configure: noisebinsize = 20 usec
14:06:02.219296  INFO PHYI 010 FrameworkPHY::configure: noisemaxclampenable = off
14:06:02.219301  INFO PHYI 010 FrameworkPHY::configure: noisemaxmessagepropagation = 200000 usec
14:06:02.219307  INFO PHYI 010 FrameworkPHY::configure: noisemaxsegmentduration = 1000000 usec
14:06:02.219312  INFO PHYI 010 FrameworkPHY::configure: noisemaxsegmentoffset = 300000 usec
14:06:02.219320  INFO PHYI 010 FrameworkPHY::configure: timesyncthreshold = 10000 usec
14:06:02.220059  INFO NEMManagerImpl::configure controlportendpoint: 0.0.0.0:47000
14:06:02.220078  INFO NEMManagerImpl::configure eventservicedevice: eth1
14:06:02.220086  INFO NEMManagerImpl::configure eventservicegroup: 224.1.2.8:45703
14:06:02.220092  INFO NEMManagerImpl::configure otamanagerchannelenable: on
14:06:02.220097  INFO NEMManagerImpl::configure otamanagerdevice: eth1
14:06:02.220103  INFO NEMManagerImpl::configure OTA Manager Channel Group: 224.1.2.8:45702
14:06:02.220112  INFO NEMManagerImpl::configure eventservicettl: 1
14:06:02.220118  INFO NEMManagerImpl::configure otamanagerloopback: off
14:06:02.220123  INFO NEMManagerImpl::configure otamanagerttl: 1
14:06:02.220129  INFO NEMManagerImpl::configure stats.event.maxeventcountrows: 0
14:06:02.220137  INFO NEMManagerImpl::configure stats.ota.maxeventcountrows: 0
14:06:02.220161  INFO NEMManagerImpl::configure stats.ota.maxpacketcountrows: 0
14:06:02.220204 ERROR OTAManager succeed1
14:06:02.220426 ERROR OTAManager succeed2
14:06:02.220455 ERROR processOTAMessage start1
14:06:02.233713 ERROR NEMLayer processDownstreamPacket not valid in CONFIGURED state
14:06:02.245463 ERROR NEMLayer processDownstreamPacket not valid in CONFIGURED state
14:06:02.746394 ERROR NEMLayer processDownstreamPacket not valid in CONFIGURED state
14:06:02.841774 ERROR NEMLayer processDownstreamPacket not valid in CONFIGURED state
14:06:02.905692 ERROR NEMLayer processDownstreamPacket not valid in CONFIGURED state
14:06:03.236035  INFO MACI 010 RFPipeMACLayer::postStart: added radio metric timed eventId 1
