09:45:57.787662  INFO application: emane -r -d -l 3 -f persist/host/var/log/emane.log --pidfile persist/host/var/run/emane.pid --uuidfile persist/host/var/run/emane.uuid platform.xml 
09:45:57.787812  INFO application uuid: 8a255c52-5894-4ed5-adb7-5da39cc8ddfe
09:45:57.825628  INFO MACI 001 MACConfig::configureStaticItems distance = 1000
09:45:57.825729  INFO MACI 001 MACConfig::configureDynamicItems enablepromiscuousmode = off
09:45:57.825762  INFO MACI 001 MACConfig::configureStaticItems flowcontrolenable = off
09:45:57.825781  INFO MACI 001 MACConfig::configureStaticItems flowcontroltokens = 10
09:45:57.825797  INFO MACI 001 MACConfig::configureStaticItems mode = 0
09:45:57.825815  INFO MACI 001 MACConfig::configureDynamicItems multicastrate = 1
09:45:57.825832  INFO MACI 001 MACConfig::configureStaticItems pcrcurveuri = file:///usr/share/emane/xml/models/mac/ieee80211abg/ieee80211pcr.xml
09:45:57.825853  INFO MACI 001 MACConfig::configureStaticItems radiometricenable = on
09:45:57.825868  INFO MACI 001 MACConfig::configureStaticItems rtsthreshold = 0
09:45:57.825890  INFO MACI 001 MACConfig::configureDynamicItems unicastrate = 4
09:45:57.825906  INFO MACI 001 MACConfig::configureStaticItems aifs0 = 1
09:45:57.825921  INFO MACI 001 MACConfig::configureStaticItems aifs1 = 1
09:45:57.825935  INFO MACI 001 MACConfig::configureStaticItems aifs2 = 1
09:45:57.825949  INFO MACI 001 MACConfig::configureStaticItems aifs3 = 0
09:45:57.826003  INFO MACI 001 MACConfig::configureStaticItems channelactivityestimationtimer = 0.100000 sec
09:45:57.826056  INFO MACI 001 MACConfig::configureDynamicItems cwmax0 = 1024
09:45:57.826074  INFO MACI 001 MACConfig::configureDynamicItems cwmax1 = 1024
09:45:57.826090  INFO MACI 001 MACConfig::configureDynamicItems cwmax2 = 64
09:45:57.826107  INFO MACI 001 MACConfig::configureDynamicItems cwmax3 = 16
09:45:57.826122  INFO MACI 001 MACConfig::configureDynamicItems cwmin0 = 32
09:45:57.826138  INFO MACI 001 MACConfig::configureDynamicItems cwmin1 = 32
09:45:57.826153  INFO MACI 001 MACConfig::configureDynamicItems cwmin2 = 16
09:45:57.826168  INFO MACI 001 MACConfig::configureDynamicItems cwmin3 = 8
09:45:57.826183  INFO MACI 001 MACConfig::configureStaticItems msdu0 = 65535
09:45:57.826198  INFO MACI 001 MACConfig::configureStaticItems msdu1 = 65535
09:45:57.826217  INFO MACI 001 MACConfig::configureStaticItems msdu2 = 65535
09:45:57.826232  INFO MACI 001 MACConfig::configureStaticItems msdu3 = 65535
09:45:57.826248  INFO MACI 001 MACConfig::configureStaticItems neighbormetricdeletetime = 60.000000 sec
09:45:57.826268  INFO MACI 001 MACConfig::configureStaticItems neighbortimeout = 30.000000 sec
09:45:57.826285  INFO MACI 001 MACConfig::configureStaticItems queuesize0 = 255
09:45:57.826300  INFO MACI 001 MACConfig::configureStaticItems queuesize1 = 255
09:45:57.826314  INFO MACI 001 MACConfig::configureStaticItems queuesize2 = 255
09:45:57.826329  INFO MACI 001 MACConfig::configureStaticItems queuesize3 = 255
09:45:57.826345  INFO MACI 001 MACConfig::configureStaticItems radiometricreportinterval = 1.000000 sec
09:45:57.826362  INFO MACI 001 MACConfig::configureStaticItems retrylimit0 = 2
09:45:57.826377  INFO MACI 001 MACConfig::configureStaticItems retrylimit1 = 2
09:45:57.826392  INFO MACI 001 MACConfig::configureStaticItems retrylimit2 = 2
09:45:57.826406  INFO MACI 001 MACConfig::configureStaticItems retrylimit3 = 2
09:45:57.826421  INFO MACI 001 MACConfig::configureStaticItems txop0 = 0
09:45:57.826435  INFO MACI 001 MACConfig::configureStaticItems txop1 = 0
09:45:57.826450  INFO MACI 001 MACConfig::configureStaticItems txop2 = 0
09:45:57.826468  INFO MACI 001 MACConfig::configureStaticItems txop3 = 0
09:45:57.826483  INFO MACI 001 MACConfig::configureStaticItems wmmenable = off
09:45:57.852780  INFO PHYI 001 FrameworkPHY::configure: bandwidth = 20000000 Hz
09:45:57.852896  INFO PHYI 001 FrameworkPHY::configure: fixedantennagain = 0.00 dBi
09:45:57.852931  INFO PHYI 001 FrameworkPHY::configure: fixedantennagainenable = on
09:45:57.853058  INFO PHYI 001 FrameworkPHY::configure: frequency = 600000000 Hz
09:45:57.853085  INFO PHYI 001 FrameworkPHY::configure: frequencyofinterest = 600000000 Hz
09:45:57.853104  INFO PHYI 001 FrameworkPHY::configure: noisemode = outofband
09:45:57.853121  INFO PHYI 001 FrameworkPHY::configure: propagationmodel = precomputed
09:45:57.853140  INFO PHYI 001 FrameworkPHY::configure: subid = 3
09:45:57.853158  INFO PHYI 001 FrameworkPHY::configure: systemnoisefigure = 4.00 dB
09:45:57.853179  INFO PHYI 001 FrameworkPHY::configure: txpower = 10.00 dBm
09:45:57.853209  INFO PHYI 001 FrameworkPHY::configure: noisebinsize = 20 usec
09:45:57.853226  INFO PHYI 001 FrameworkPHY::configure: noisemaxclampenable = off
09:45:57.853242  INFO PHYI 001 FrameworkPHY::configure: noisemaxmessagepropagation = 200000 usec
09:45:57.853258  INFO PHYI 001 FrameworkPHY::configure: noisemaxsegmentduration = 1000000 usec
09:45:57.853274  INFO PHYI 001 FrameworkPHY::configure: noisemaxsegmentoffset = 300000 usec
09:45:57.853290  INFO PHYI 001 FrameworkPHY::configure: timesyncthreshold = 10000 usec
09:45:57.854735  INFO NEM  001 NEMImpl::configure platformendpoint: 10.99.0.100:8201
09:45:57.854806  INFO NEM  001 NEMImpl::configure transportendpoint: 10.99.0.1:8301
09:45:57.855832  INFO MACI 002 MACConfig::configureStaticItems distance = 1000
09:45:57.855912  INFO MACI 002 MACConfig::configureDynamicItems enablepromiscuousmode = off
09:45:57.855936  INFO MACI 002 MACConfig::configureStaticItems flowcontrolenable = off
09:45:57.855953  INFO MACI 002 MACConfig::configureStaticItems flowcontroltokens = 10
09:45:57.855968  INFO MACI 002 MACConfig::configureStaticItems mode = 0
09:45:57.855984  INFO MACI 002 MACConfig::configureDynamicItems multicastrate = 1
09:45:57.856001  INFO MACI 002 MACConfig::configureStaticItems pcrcurveuri = file:///usr/share/emane/xml/models/mac/ieee80211abg/ieee80211pcr.xml
09:45:57.856022  INFO MACI 002 MACConfig::configureStaticItems radiometricenable = on
09:45:57.856037  INFO MACI 002 MACConfig::configureStaticItems rtsthreshold = 0
09:45:57.856053  INFO MACI 002 MACConfig::configureDynamicItems unicastrate = 4
09:45:57.856069  INFO MACI 002 MACConfig::configureStaticItems aifs0 = 1
09:45:57.856084  INFO MACI 002 MACConfig::configureStaticItems aifs1 = 1
09:45:57.856099  INFO MACI 002 MACConfig::configureStaticItems aifs2 = 1
09:45:57.856114  INFO MACI 002 MACConfig::configureStaticItems aifs3 = 0
09:45:57.856131  INFO MACI 002 MACConfig::configureStaticItems channelactivityestimationtimer = 0.100000 sec
09:45:57.856155  INFO MACI 002 MACConfig::configureDynamicItems cwmax0 = 1024
09:45:57.856174  INFO MACI 002 MACConfig::configureDynamicItems cwmax1 = 1024
09:45:57.856200  INFO MACI 002 MACConfig::configureDynamicItems cwmax2 = 64
09:45:57.856219  INFO MACI 002 MACConfig::configureDynamicItems cwmax3 = 16
09:45:57.856235  INFO MACI 002 MACConfig::configureDynamicItems cwmin0 = 32
09:45:57.856259  INFO MACI 002 MACConfig::configureDynamicItems cwmin1 = 32
09:45:57.856278  INFO MACI 002 MACConfig::configureDynamicItems cwmin2 = 16
09:45:57.856364  INFO MACI 002 MACConfig::configureDynamicItems cwmin3 = 8
09:45:57.856407  INFO MACI 002 MACConfig::configureStaticItems msdu0 = 65535
09:45:57.856424  INFO MACI 002 MACConfig::configureStaticItems msdu1 = 65535
09:45:57.856456  INFO MACI 002 MACConfig::configureStaticItems msdu2 = 65535
09:45:57.856469  INFO MACI 002 MACConfig::configureStaticItems msdu3 = 65535
09:45:57.856485  INFO MACI 002 MACConfig::configureStaticItems neighbormetricdeletetime = 60.000000 sec
09:45:57.856505  INFO MACI 002 MACConfig::configureStaticItems neighbortimeout = 30.000000 sec
09:45:57.856520  INFO MACI 002 MACConfig::configureStaticItems queuesize0 = 255
09:45:57.856538  INFO MACI 002 MACConfig::configureStaticItems queuesize1 = 255
09:45:57.856560  INFO MACI 002 MACConfig::configureStaticItems queuesize2 = 255
09:45:57.856574  INFO MACI 002 MACConfig::configureStaticItems queuesize3 = 255
09:45:57.856628  INFO MACI 002 MACConfig::configureStaticItems radiometricreportinterval = 1.000000 sec
09:45:57.856653  INFO MACI 002 MACConfig::configureStaticItems retrylimit0 = 2
09:45:57.856666  INFO MACI 002 MACConfig::configureStaticItems retrylimit1 = 2
09:45:57.856680  INFO MACI 002 MACConfig::configureStaticItems retrylimit2 = 2
09:45:57.856693  INFO MACI 002 MACConfig::configureStaticItems retrylimit3 = 2
09:45:57.856706  INFO MACI 002 MACConfig::configureStaticItems txop0 = 0
09:45:57.856718  INFO MACI 002 MACConfig::configureStaticItems txop1 = 0
09:45:57.856731  INFO MACI 002 MACConfig::configureStaticItems txop2 = 0
09:45:57.856744  INFO MACI 002 MACConfig::configureStaticItems txop3 = 0
09:45:57.856756  INFO MACI 002 MACConfig::configureStaticItems wmmenable = off
09:45:57.858619  INFO PHYI 002 FrameworkPHY::configure: bandwidth = 20000000 Hz
09:45:57.858711  INFO PHYI 002 FrameworkPHY::configure: fixedantennagain = 0.00 dBi
09:45:57.858761  INFO PHYI 002 FrameworkPHY::configure: fixedantennagainenable = on
09:45:57.858821  INFO PHYI 002 FrameworkPHY::configure: frequency = 600000000 Hz
09:45:57.858850  INFO PHYI 002 FrameworkPHY::configure: frequencyofinterest = 600000000 Hz
09:45:57.858865  INFO PHYI 002 FrameworkPHY::configure: noisemode = outofband
09:45:57.858880  INFO PHYI 002 FrameworkPHY::configure: propagationmodel = precomputed
09:45:57.858895  INFO PHYI 002 FrameworkPHY::configure: subid = 3
09:45:57.858909  INFO PHYI 002 FrameworkPHY::configure: systemnoisefigure = 4.00 dB
09:45:57.858926  INFO PHYI 002 FrameworkPHY::configure: txpower = 10.00 dBm
09:45:57.858944  INFO PHYI 002 FrameworkPHY::configure: noisebinsize = 20 usec
09:45:57.858958  INFO PHYI 002 FrameworkPHY::configure: noisemaxclampenable = off
09:45:57.858981  INFO PHYI 002 FrameworkPHY::configure: noisemaxmessagepropagation = 200000 usec
09:45:57.858996  INFO PHYI 002 FrameworkPHY::configure: noisemaxsegmentduration = 1000000 usec
09:45:57.859009  INFO PHYI 002 FrameworkPHY::configure: noisemaxsegmentoffset = 300000 usec
09:45:57.859087  INFO PHYI 002 FrameworkPHY::configure: timesyncthreshold = 10000 usec
09:45:57.860314  INFO NEM  002 NEMImpl::configure platformendpoint: 10.99.0.100:8202
09:45:57.860414  INFO NEM  002 NEMImpl::configure transportendpoint: 10.99.0.2:8302
09:45:57.861339  INFO MACI 003 MACConfig::configureStaticItems distance = 1000
09:45:57.861407  INFO MACI 003 MACConfig::configureDynamicItems enablepromiscuousmode = off
09:45:57.861429  INFO MACI 003 MACConfig::configureStaticItems flowcontrolenable = off
09:45:57.861444  INFO MACI 003 MACConfig::configureStaticItems flowcontroltokens = 10
09:45:57.861457  INFO MACI 003 MACConfig::configureStaticItems mode = 0
09:45:57.861472  INFO MACI 003 MACConfig::configureDynamicItems multicastrate = 1
09:45:57.861488  INFO MACI 003 MACConfig::configureStaticItems pcrcurveuri = file:///usr/share/emane/xml/models/mac/ieee80211abg/ieee80211pcr.xml
09:45:57.861551  INFO MACI 003 MACConfig::configureStaticItems radiometricenable = on
09:45:57.861567  INFO MACI 003 MACConfig::configureStaticItems rtsthreshold = 0
09:45:57.861582  INFO MACI 003 MACConfig::configureDynamicItems unicastrate = 4
09:45:57.861597  INFO MACI 003 MACConfig::configureStaticItems aifs0 = 1
09:45:57.861613  INFO MACI 003 MACConfig::configureStaticItems aifs1 = 1
09:45:57.861628  INFO MACI 003 MACConfig::configureStaticItems aifs2 = 1
09:45:57.861642  INFO MACI 003 MACConfig::configureStaticItems aifs3 = 0
09:45:57.861656  INFO MACI 003 MACConfig::configureStaticItems channelactivityestimationtimer = 0.100000 sec
09:45:57.861679  INFO MACI 003 MACConfig::configureDynamicItems cwmax0 = 1024
09:45:57.861696  INFO MACI 003 MACConfig::configureDynamicItems cwmax1 = 1024
09:45:57.861711  INFO MACI 003 MACConfig::configureDynamicItems cwmax2 = 64
09:45:57.861728  INFO MACI 003 MACConfig::configureDynamicItems cwmax3 = 16
09:45:57.861742  INFO MACI 003 MACConfig::configureDynamicItems cwmin0 = 32
09:45:57.861767  INFO MACI 003 MACConfig::configureDynamicItems cwmin1 = 32
09:45:57.861783  INFO MACI 003 MACConfig::configureDynamicItems cwmin2 = 16
09:45:57.861799  INFO MACI 003 MACConfig::configureDynamicItems cwmin3 = 8
09:45:57.861813  INFO MACI 003 MACConfig::configureStaticItems msdu0 = 65535
09:45:57.861828  INFO MACI 003 MACConfig::configureStaticItems msdu1 = 65535
09:45:57.861842  INFO MACI 003 MACConfig::configureStaticItems msdu2 = 65535
09:45:57.861855  INFO MACI 003 MACConfig::configureStaticItems msdu3 = 65535
09:45:57.861870  INFO MACI 003 MACConfig::configureStaticItems neighbormetricdeletetime = 60.000000 sec
09:45:57.861897  INFO MACI 003 MACConfig::configureStaticItems neighbortimeout = 30.000000 sec
09:45:57.861913  INFO MACI 003 MACConfig::configureStaticItems queuesize0 = 255
09:45:57.861927  INFO MACI 003 MACConfig::configureStaticItems queuesize1 = 255
09:45:57.861941  INFO MACI 003 MACConfig::configureStaticItems queuesize2 = 255
09:45:57.861955  INFO MACI 003 MACConfig::configureStaticItems queuesize3 = 255
09:45:57.861970  INFO MACI 003 MACConfig::configureStaticItems radiometricreportinterval = 1.000000 sec
09:45:57.861988  INFO MACI 003 MACConfig::configureStaticItems retrylimit0 = 2
09:45:57.862010  INFO MACI 003 MACConfig::configureStaticItems retrylimit1 = 2
09:45:57.862025  INFO MACI 003 MACConfig::configureStaticItems retrylimit2 = 2
09:45:57.862038  INFO MACI 003 MACConfig::configureStaticItems retrylimit3 = 2
09:45:57.862050  INFO MACI 003 MACConfig::configureStaticItems txop0 = 0
09:45:57.862063  INFO MACI 003 MACConfig::configureStaticItems txop1 = 0
09:45:57.862077  INFO MACI 003 MACConfig::configureStaticItems txop2 = 0
09:45:57.862091  INFO MACI 003 MACConfig::configureStaticItems txop3 = 0
09:45:57.862104  INFO MACI 003 MACConfig::configureStaticItems wmmenable = off
09:45:57.863935  INFO PHYI 003 FrameworkPHY::configure: bandwidth = 20000000 Hz
09:45:57.864006  INFO PHYI 003 FrameworkPHY::configure: fixedantennagain = 0.00 dBi
09:45:57.864030  INFO PHYI 003 FrameworkPHY::configure: fixedantennagainenable = on
09:45:57.864045  INFO PHYI 003 FrameworkPHY::configure: frequency = 600000000 Hz
09:45:57.864060  INFO PHYI 003 FrameworkPHY::configure: frequencyofinterest = 600000000 Hz
09:45:57.864073  INFO PHYI 003 FrameworkPHY::configure: noisemode = outofband
09:45:57.864087  INFO PHYI 003 FrameworkPHY::configure: propagationmodel = precomputed
09:45:57.864101  INFO PHYI 003 FrameworkPHY::configure: subid = 3
09:45:57.864116  INFO PHYI 003 FrameworkPHY::configure: systemnoisefigure = 4.00 dB
09:45:57.864131  INFO PHYI 003 FrameworkPHY::configure: txpower = 10.00 dBm
09:45:57.864147  INFO PHYI 003 FrameworkPHY::configure: noisebinsize = 20 usec
09:45:57.864161  INFO PHYI 003 FrameworkPHY::configure: noisemaxclampenable = off
09:45:57.864175  INFO PHYI 003 FrameworkPHY::configure: noisemaxmessagepropagation = 200000 usec
09:45:57.864189  INFO PHYI 003 FrameworkPHY::configure: noisemaxsegmentduration = 1000000 usec
09:45:57.864203  INFO PHYI 003 FrameworkPHY::configure: noisemaxsegmentoffset = 300000 usec
09:45:57.864218  INFO PHYI 003 FrameworkPHY::configure: timesyncthreshold = 10000 usec
09:45:57.865313  INFO NEM  003 NEMImpl::configure platformendpoint: 10.99.0.100:8203
09:45:57.865461  INFO NEM  003 NEMImpl::configure transportendpoint: 10.99.0.3:8303
09:45:57.866260  INFO MACI 004 MACConfig::configureStaticItems distance = 1000
09:45:57.866297  INFO MACI 004 MACConfig::configureDynamicItems enablepromiscuousmode = off
09:45:57.866312  INFO MACI 004 MACConfig::configureStaticItems flowcontrolenable = off
09:45:57.866324  INFO MACI 004 MACConfig::configureStaticItems flowcontroltokens = 10
09:45:57.866335  INFO MACI 004 MACConfig::configureStaticItems mode = 0
09:45:57.866348  INFO MACI 004 MACConfig::configureDynamicItems multicastrate = 1
09:45:57.866361  INFO MACI 004 MACConfig::configureStaticItems pcrcurveuri = file:///usr/share/emane/xml/models/mac/ieee80211abg/ieee80211pcr.xml
09:45:57.866384  INFO MACI 004 MACConfig::configureStaticItems radiometricenable = on
09:45:57.866397  INFO MACI 004 MACConfig::configureStaticItems rtsthreshold = 0
09:45:57.866410  INFO MACI 004 MACConfig::configureDynamicItems unicastrate = 4
09:45:57.866421  INFO MACI 004 MACConfig::configureStaticItems aifs0 = 1
09:45:57.866482  INFO MACI 004 MACConfig::configureStaticItems aifs1 = 1
09:45:57.866494  INFO MACI 004 MACConfig::configureStaticItems aifs2 = 1
09:45:57.866505  INFO MACI 004 MACConfig::configureStaticItems aifs3 = 0
09:45:57.866518  INFO MACI 004 MACConfig::configureStaticItems channelactivityestimationtimer = 0.100000 sec
09:45:57.866537  INFO MACI 004 MACConfig::configureDynamicItems cwmax0 = 1024
09:45:57.866551  INFO MACI 004 MACConfig::configureDynamicItems cwmax1 = 1024
09:45:57.866568  INFO MACI 004 MACConfig::configureDynamicItems cwmax2 = 64
09:45:57.866581  INFO MACI 004 MACConfig::configureDynamicItems cwmax3 = 16
09:45:57.866592  INFO MACI 004 MACConfig::configureDynamicItems cwmin0 = 32
09:45:57.866604  INFO MACI 004 MACConfig::configureDynamicItems cwmin1 = 32
09:45:57.866615  INFO MACI 004 MACConfig::configureDynamicItems cwmin2 = 16
09:45:57.866626  INFO MACI 004 MACConfig::configureDynamicItems cwmin3 = 8
09:45:57.866637  INFO MACI 004 MACConfig::configureStaticItems msdu0 = 65535
09:45:57.866649  INFO MACI 004 MACConfig::configureStaticItems msdu1 = 65535
09:45:57.866659  INFO MACI 004 MACConfig::configureStaticItems msdu2 = 65535
09:45:57.866670  INFO MACI 004 MACConfig::configureStaticItems msdu3 = 65535
09:45:57.866682  INFO MACI 004 MACConfig::configureStaticItems neighbormetricdeletetime = 60.000000 sec
09:45:57.866697  INFO MACI 004 MACConfig::configureStaticItems neighbortimeout = 30.000000 sec
09:45:57.866710  INFO MACI 004 MACConfig::configureStaticItems queuesize0 = 255
09:45:57.866721  INFO MACI 004 MACConfig::configureStaticItems queuesize1 = 255
09:45:57.866732  INFO MACI 004 MACConfig::configureStaticItems queuesize2 = 255
09:45:57.866743  INFO MACI 004 MACConfig::configureStaticItems queuesize3 = 255
09:45:57.866757  INFO MACI 004 MACConfig::configureStaticItems radiometricreportinterval = 1.000000 sec
09:45:57.866770  INFO MACI 004 MACConfig::configureStaticItems retrylimit0 = 2
09:45:57.866781  INFO MACI 004 MACConfig::configureStaticItems retrylimit1 = 2
09:45:57.866792  INFO MACI 004 MACConfig::configureStaticItems retrylimit2 = 2
09:45:57.866803  INFO MACI 004 MACConfig::configureStaticItems retrylimit3 = 2
09:45:57.866814  INFO MACI 004 MACConfig::configureStaticItems txop0 = 0
09:45:57.866825  INFO MACI 004 MACConfig::configureStaticItems txop1 = 0
09:45:57.866836  INFO MACI 004 MACConfig::configureStaticItems txop2 = 0
09:45:57.866847  INFO MACI 004 MACConfig::configureStaticItems txop3 = 0
09:45:57.866857  INFO MACI 004 MACConfig::configureStaticItems wmmenable = off
09:45:57.868525  INFO PHYI 004 FrameworkPHY::configure: bandwidth = 20000000 Hz
09:45:57.868570  INFO PHYI 004 FrameworkPHY::configure: fixedantennagain = 0.00 dBi
09:45:57.868587  INFO PHYI 004 FrameworkPHY::configure: fixedantennagainenable = on
09:45:57.868600  INFO PHYI 004 FrameworkPHY::configure: frequency = 600000000 Hz
09:45:57.868613  INFO PHYI 004 FrameworkPHY::configure: frequencyofinterest = 600000000 Hz
09:45:57.868625  INFO PHYI 004 FrameworkPHY::configure: noisemode = outofband
09:45:57.868641  INFO PHYI 004 FrameworkPHY::configure: propagationmodel = precomputed
09:45:57.868654  INFO PHYI 004 FrameworkPHY::configure: subid = 3
09:45:57.868666  INFO PHYI 004 FrameworkPHY::configure: systemnoisefigure = 4.00 dB
09:45:57.868678  INFO PHYI 004 FrameworkPHY::configure: txpower = 10.00 dBm
09:45:57.868692  INFO PHYI 004 FrameworkPHY::configure: noisebinsize = 20 usec
09:45:57.868704  INFO PHYI 004 FrameworkPHY::configure: noisemaxclampenable = off
09:45:57.868715  INFO PHYI 004 FrameworkPHY::configure: noisemaxmessagepropagation = 200000 usec
09:45:57.868727  INFO PHYI 004 FrameworkPHY::configure: noisemaxsegmentduration = 1000000 usec
09:45:57.868738  INFO PHYI 004 FrameworkPHY::configure: noisemaxsegmentoffset = 300000 usec
09:45:57.868749  INFO PHYI 004 FrameworkPHY::configure: timesyncthreshold = 10000 usec
09:45:57.869871  INFO NEM  004 NEMImpl::configure platformendpoint: 10.99.0.100:8204
09:45:57.869903  INFO NEM  004 NEMImpl::configure transportendpoint: 10.99.0.4:8304
09:45:57.870738  INFO MACI 005 MACConfig::configureStaticItems distance = 1000
09:45:57.870783  INFO MACI 005 MACConfig::configureDynamicItems enablepromiscuousmode = off
09:45:57.870799  INFO MACI 005 MACConfig::configureStaticItems flowcontrolenable = off
09:45:57.870811  INFO MACI 005 MACConfig::configureStaticItems flowcontroltokens = 10
09:45:57.870828  INFO MACI 005 MACConfig::configureStaticItems mode = 0
09:45:57.870842  INFO MACI 005 MACConfig::configureDynamicItems multicastrate = 1
09:45:57.870855  INFO MACI 005 MACConfig::configureStaticItems pcrcurveuri = file:///usr/share/emane/xml/models/mac/ieee80211abg/ieee80211pcr.xml
09:45:57.870869  INFO MACI 005 MACConfig::configureStaticItems radiometricenable = on
09:45:57.870881  INFO MACI 005 MACConfig::configureStaticItems rtsthreshold = 0
09:45:57.870893  INFO MACI 005 MACConfig::configureDynamicItems unicastrate = 4
09:45:57.870905  INFO MACI 005 MACConfig::configureStaticItems aifs0 = 1
09:45:57.870915  INFO MACI 005 MACConfig::configureStaticItems aifs1 = 1
09:45:57.870927  INFO MACI 005 MACConfig::configureStaticItems aifs2 = 1
09:45:57.870937  INFO MACI 005 MACConfig::configureStaticItems aifs3 = 0
09:45:57.870949  INFO MACI 005 MACConfig::configureStaticItems channelactivityestimationtimer = 0.100000 sec
09:45:57.870967  INFO MACI 005 MACConfig::configureDynamicItems cwmax0 = 1024
09:45:57.870980  INFO MACI 005 MACConfig::configureDynamicItems cwmax1 = 1024
09:45:57.870992  INFO MACI 005 MACConfig::configureDynamicItems cwmax2 = 64
09:45:57.871005  INFO MACI 005 MACConfig::configureDynamicItems cwmax3 = 16
09:45:57.871016  INFO MACI 005 MACConfig::configureDynamicItems cwmin0 = 32
09:45:57.871028  INFO MACI 005 MACConfig::configureDynamicItems cwmin1 = 32
09:45:57.871042  INFO MACI 005 MACConfig::configureDynamicItems cwmin2 = 16
09:45:57.871054  INFO MACI 005 MACConfig::configureDynamicItems cwmin3 = 8
09:45:57.871065  INFO MACI 005 MACConfig::configureStaticItems msdu0 = 65535
09:45:57.871076  INFO MACI 005 MACConfig::configureStaticItems msdu1 = 65535
09:45:57.871087  INFO MACI 005 MACConfig::configureStaticItems msdu2 = 65535
09:45:57.871098  INFO MACI 005 MACConfig::configureStaticItems msdu3 = 65535
09:45:57.871110  INFO MACI 005 MACConfig::configureStaticItems neighbormetricdeletetime = 60.000000 sec
09:45:57.871125  INFO MACI 005 MACConfig::configureStaticItems neighbortimeout = 30.000000 sec
09:45:57.871137  INFO MACI 005 MACConfig::configureStaticItems queuesize0 = 255
09:45:57.871150  INFO MACI 005 MACConfig::configureStaticItems queuesize1 = 255
09:45:57.871160  INFO MACI 005 MACConfig::configureStaticItems queuesize2 = 255
09:45:57.871171  INFO MACI 005 MACConfig::configureStaticItems queuesize3 = 255
09:45:57.871183  INFO MACI 005 MACConfig::configureStaticItems radiometricreportinterval = 1.000000 sec
09:45:57.871196  INFO MACI 005 MACConfig::configureStaticItems retrylimit0 = 2
09:45:57.871207  INFO MACI 005 MACConfig::configureStaticItems retrylimit1 = 2
09:45:57.871219  INFO MACI 005 MACConfig::configureStaticItems retrylimit2 = 2
09:45:57.871232  INFO MACI 005 MACConfig::configureStaticItems retrylimit3 = 2
09:45:57.871243  INFO MACI 005 MACConfig::configureStaticItems txop0 = 0
09:45:57.871255  INFO MACI 005 MACConfig::configureStaticItems txop1 = 0
09:45:57.871265  INFO MACI 005 MACConfig::configureStaticItems txop2 = 0
09:45:57.871276  INFO MACI 005 MACConfig::configureStaticItems txop3 = 0
09:45:57.871287  INFO MACI 005 MACConfig::configureStaticItems wmmenable = off
09:45:57.872954  INFO PHYI 005 FrameworkPHY::configure: bandwidth = 20000000 Hz
09:45:57.872997  INFO PHYI 005 FrameworkPHY::configure: fixedantennagain = 0.00 dBi
09:45:57.873015  INFO PHYI 005 FrameworkPHY::configure: fixedantennagainenable = on
09:45:57.873029  INFO PHYI 005 FrameworkPHY::configure: frequency = 600000000 Hz
09:45:57.873042  INFO PHYI 005 FrameworkPHY::configure: frequencyofinterest = 600000000 Hz
09:45:57.873054  INFO PHYI 005 FrameworkPHY::configure: noisemode = outofband
09:45:57.873067  INFO PHYI 005 FrameworkPHY::configure: propagationmodel = precomputed
09:45:57.873079  INFO PHYI 005 FrameworkPHY::configure: subid = 3
09:45:57.873091  INFO PHYI 005 FrameworkPHY::configure: systemnoisefigure = 4.00 dB
09:45:57.873103  INFO PHYI 005 FrameworkPHY::configure: txpower = 10.00 dBm
09:45:57.873122  INFO PHYI 005 FrameworkPHY::configure: noisebinsize = 20 usec
09:45:57.873134  INFO PHYI 005 FrameworkPHY::configure: noisemaxclampenable = off
09:45:57.873146  INFO PHYI 005 FrameworkPHY::configure: noisemaxmessagepropagation = 200000 usec
09:45:57.873157  INFO PHYI 005 FrameworkPHY::configure: noisemaxsegmentduration = 1000000 usec
09:45:57.873169  INFO PHYI 005 FrameworkPHY::configure: noisemaxsegmentoffset = 300000 usec
09:45:57.873180  INFO PHYI 005 FrameworkPHY::configure: timesyncthreshold = 10000 usec
09:45:57.874396  INFO NEM  005 NEMImpl::configure platformendpoint: 10.99.0.100:8205
09:45:57.874429  INFO NEM  005 NEMImpl::configure transportendpoint: 10.99.0.5:8305
09:45:57.875219  INFO MACI 006 MACConfig::configureStaticItems distance = 1000
09:45:57.875256  INFO MACI 006 MACConfig::configureDynamicItems enablepromiscuousmode = off
09:45:57.875329  INFO MACI 006 MACConfig::configureStaticItems flowcontrolenable = off
09:45:57.875344  INFO MACI 006 MACConfig::configureStaticItems flowcontroltokens = 10
09:45:57.875356  INFO MACI 006 MACConfig::configureStaticItems mode = 0
09:45:57.875369  INFO MACI 006 MACConfig::configureDynamicItems multicastrate = 1
09:45:57.875383  INFO MACI 006 MACConfig::configureStaticItems pcrcurveuri = file:///usr/share/emane/xml/models/mac/ieee80211abg/ieee80211pcr.xml
09:45:57.875402  INFO MACI 006 MACConfig::configureStaticItems radiometricenable = on
09:45:57.875415  INFO MACI 006 MACConfig::configureStaticItems rtsthreshold = 0
09:45:57.875431  INFO MACI 006 MACConfig::configureDynamicItems unicastrate = 4
09:45:57.875443  INFO MACI 006 MACConfig::configureStaticItems aifs0 = 1
09:45:57.875455  INFO MACI 006 MACConfig::configureStaticItems aifs1 = 1
09:45:57.875465  INFO MACI 006 MACConfig::configureStaticItems aifs2 = 1
09:45:57.875476  INFO MACI 006 MACConfig::configureStaticItems aifs3 = 0
09:45:57.875488  INFO MACI 006 MACConfig::configureStaticItems channelactivityestimationtimer = 0.100000 sec
09:45:57.875506  INFO MACI 006 MACConfig::configureDynamicItems cwmax0 = 1024
09:45:57.875520  INFO MACI 006 MACConfig::configureDynamicItems cwmax1 = 1024
09:45:57.875533  INFO MACI 006 MACConfig::configureDynamicItems cwmax2 = 64
09:45:57.875545  INFO MACI 006 MACConfig::configureDynamicItems cwmax3 = 16
09:45:57.875557  INFO MACI 006 MACConfig::configureDynamicItems cwmin0 = 32
09:45:57.875569  INFO MACI 006 MACConfig::configureDynamicItems cwmin1 = 32
09:45:57.875581  INFO MACI 006 MACConfig::configureDynamicItems cwmin2 = 16
09:45:57.875593  INFO MACI 006 MACConfig::configureDynamicItems cwmin3 = 8
09:45:57.875604  INFO MACI 006 MACConfig::configureStaticItems msdu0 = 65535
09:45:57.875615  INFO MACI 006 MACConfig::configureStaticItems msdu1 = 65535
09:45:57.875628  INFO MACI 006 MACConfig::configureStaticItems msdu2 = 65535
09:45:57.875639  INFO MACI 006 MACConfig::configureStaticItems msdu3 = 65535
09:45:57.875652  INFO MACI 006 MACConfig::configureStaticItems neighbormetricdeletetime = 60.000000 sec
09:45:57.875669  INFO MACI 006 MACConfig::configureStaticItems neighbortimeout = 30.000000 sec
09:45:57.875681  INFO MACI 006 MACConfig::configureStaticItems queuesize0 = 255
09:45:57.875693  INFO MACI 006 MACConfig::configureStaticItems queuesize1 = 255
09:45:57.875703  INFO MACI 006 MACConfig::configureStaticItems queuesize2 = 255
09:45:57.875715  INFO MACI 006 MACConfig::configureStaticItems queuesize3 = 255
09:45:57.875729  INFO MACI 006 MACConfig::configureStaticItems radiometricreportinterval = 1.000000 sec
09:45:57.875742  INFO MACI 006 MACConfig::configureStaticItems retrylimit0 = 2
09:45:57.875754  INFO MACI 006 MACConfig::configureStaticItems retrylimit1 = 2
09:45:57.875765  INFO MACI 006 MACConfig::configureStaticItems retrylimit2 = 2
09:45:57.875776  INFO MACI 006 MACConfig::configureStaticItems retrylimit3 = 2
09:45:57.875786  INFO MACI 006 MACConfig::configureStaticItems txop0 = 0
09:45:57.875808  INFO MACI 006 MACConfig::configureStaticItems txop1 = 0
09:45:57.875819  INFO MACI 006 MACConfig::configureStaticItems txop2 = 0
09:45:57.875833  INFO MACI 006 MACConfig::configureStaticItems txop3 = 0
09:45:57.875863  INFO MACI 006 MACConfig::configureStaticItems wmmenable = off
09:45:57.877777  INFO PHYI 006 FrameworkPHY::configure: bandwidth = 20000000 Hz
09:45:57.877837  INFO PHYI 006 FrameworkPHY::configure: fixedantennagain = 0.00 dBi
09:45:57.877855  INFO PHYI 006 FrameworkPHY::configure: fixedantennagainenable = on
09:45:57.877868  INFO PHYI 006 FrameworkPHY::configure: frequency = 600000000 Hz
09:45:57.877881  INFO PHYI 006 FrameworkPHY::configure: frequencyofinterest = 600000000 Hz
09:45:57.877893  INFO PHYI 006 FrameworkPHY::configure: noisemode = outofband
09:45:57.877904  INFO PHYI 006 FrameworkPHY::configure: propagationmodel = precomputed
09:45:57.877916  INFO PHYI 006 FrameworkPHY::configure: subid = 3
09:45:57.877932  INFO PHYI 006 FrameworkPHY::configure: systemnoisefigure = 4.00 dB
09:45:57.877945  INFO PHYI 006 FrameworkPHY::configure: txpower = 10.00 dBm
09:45:57.877959  INFO PHYI 006 FrameworkPHY::configure: noisebinsize = 20 usec
09:45:57.877971  INFO PHYI 006 FrameworkPHY::configure: noisemaxclampenable = off
09:45:57.877982  INFO PHYI 006 FrameworkPHY::configure: noisemaxmessagepropagation = 200000 usec
09:45:57.877993  INFO PHYI 006 FrameworkPHY::configure: noisemaxsegmentduration = 1000000 usec
09:45:57.878007  INFO PHYI 006 FrameworkPHY::configure: noisemaxsegmentoffset = 300000 usec
09:45:57.878019  INFO PHYI 006 FrameworkPHY::configure: timesyncthreshold = 10000 usec
09:45:57.879120  INFO NEM  006 NEMImpl::configure platformendpoint: 10.99.0.100:8206
09:45:57.879151  INFO NEM  006 NEMImpl::configure transportendpoint: 10.99.0.6:8306
09:45:57.932049  INFO MACI 007 TDMA::BaseModel::configure: fragmentcheckthreshold = 2
09:45:57.932128  INFO MACI 007 TDMA::BaseModel::configure: fragmenttimeoutthreshold = 5
09:45:57.932146  INFO MACI 007 TDMA::BaseModel::configure neighbormetricupdateinterval = 1.000000
09:45:57.932196  INFO MACI 007 TDMA::BaseModel::configure: pcrcurveuri = file:///usr/share/emane/xml/models/mac/tdmaeventscheduler/tdmabasemodelpcr.xml
09:45:57.939412  INFO MACI 007 TDMA::BaseModel::configure: enablepromiscuousmode = off
09:45:57.939468  INFO MACI 007 TDMA::BaseModel::configure: flowcontrolenable = off
09:45:57.939483  INFO MACI 007 TDMA::BaseModel::configure: flowcontroltokens = 10
09:45:57.939493  INFO MACI 007 TDMACT::BaseModel::configure: radiometricenable = off
09:45:57.939503  INFO MACI 007 TDMA::BaseModel::configure: queue.aggregationenable = on
09:45:57.939513  INFO MACI 007 TDMA::BaseModel::configure: queue.aggregationslotthreshold = 90.000000
09:45:57.939526  INFO MACI 007 TDMA::BasicQueueManager::configure: queue.depth = 64
09:45:57.939536  INFO MACI 007 TDMA::BaseModel::configure: queue.fragmentationenable = off
09:45:57.939545  INFO MACI 007 TDMA::BaseModel::configure: queue.strictdequeueenable = off
09:45:57.939805  INFO PHYI 007 FrameworkPHY::configure: bandwidth = 20000000 Hz
09:45:57.939841  INFO PHYI 007 FrameworkPHY::configure: fixedantennagain = 0.00 dBi
09:45:57.939855  INFO PHYI 007 FrameworkPHY::configure: fixedantennagainenable = on
09:45:57.939865  INFO PHYI 007 FrameworkPHY::configure: noisemode = all
09:45:57.939874  INFO PHYI 007 FrameworkPHY::configure: propagationmodel = precomputed
09:45:57.939884  INFO PHYI 007 FrameworkPHY::configure: subid = 7
09:45:57.939894  INFO PHYI 007 FrameworkPHY::configure: systemnoisefigure = 4.00 dB
09:45:57.939905  INFO PHYI 007 FrameworkPHY::configure: frequency = 2347000000 Hz
09:45:57.939915  INFO PHYI 007 FrameworkPHY::configure: frequencyofinterest = 2347000000 Hz
09:45:57.939925  INFO PHYI 007 FrameworkPHY::configure: noisebinsize = 20 usec
09:45:57.939935  INFO PHYI 007 FrameworkPHY::configure: noisemaxclampenable = off
09:45:57.939944  INFO PHYI 007 FrameworkPHY::configure: noisemaxmessagepropagation = 200000 usec
09:45:57.939954  INFO PHYI 007 FrameworkPHY::configure: noisemaxsegmentduration = 1000000 usec
09:45:57.939964  INFO PHYI 007 FrameworkPHY::configure: noisemaxsegmentoffset = 300000 usec
09:45:57.939974  INFO PHYI 007 FrameworkPHY::configure: timesyncthreshold = 10000 usec
09:45:57.939984  INFO PHYI 007 FrameworkPHY::configure: txpower = 0.00 dBm
09:45:57.940865  INFO NEM  007 NEMImpl::configure platformendpoint: 10.99.0.100:8207
09:45:57.940930  INFO NEM  007 NEMImpl::configure transportendpoint: 10.99.0.7:8307
09:45:57.954812  INFO MACI 012 RFPipeMACLayer::configure datarate = 1500000
09:45:57.954895  INFO MACI 012 RFPipeMACLayer::configure delay = 0.150000
09:45:57.954916  INFO MACI 012 RFPipeMACLayer::configure enablepromiscuousmode = off
09:45:57.954927  INFO MACI 012 RFPipeMACLayer::configure flowcontrolenable = off
09:45:57.954936  INFO MACI 012 RFPipeMACLayer::configure flowcontroltokens = 10
09:45:57.954950  INFO MACI 012 RFPipeMACLayer::configure jitter = 0.001500
09:45:57.954963  INFO MACI 012 RFPipeMACLayer::configure pcrcurveuri = file:///usr/share/emane/xml/models/mac/rfpipe/rfpipepcr.xml
09:45:57.954977  INFO MACI 012 RFPipeMACLayer::configure neighbormetricdeletetime = 60.000000
09:45:57.954990  INFO MACI 012 RFPipeMACLayer::configure radiometricenable = off
09:45:57.955000  INFO MACI 012 RFPipeMACLayer::configure radiometricreportinterval = 1.000000
09:45:57.955239  INFO PHYI 012 FrameworkPHY::configure: bandwidth = 5000000 Hz
09:45:57.955301  INFO PHYI 012 FrameworkPHY::configure: fixedantennagain = 2.00 dBi
09:45:57.955323  INFO PHYI 012 FrameworkPHY::configure: fixedantennagainenable = on
09:45:57.955334  INFO PHYI 012 FrameworkPHY::configure: noisemode = outofband
09:45:57.955345  INFO PHYI 012 FrameworkPHY::configure: propagationmodel = freespace
09:45:57.955363  INFO PHYI 012 FrameworkPHY::configure: subid = 1
09:45:57.955375  INFO PHYI 012 FrameworkPHY::configure: systemnoisefigure = 7.00 dB
09:45:57.955386  INFO PHYI 012 FrameworkPHY::configure: txpower = 45.00 dBm
09:45:57.955399  INFO PHYI 012 FrameworkPHY::configure: frequency = 2347000000 Hz
09:45:57.955410  INFO PHYI 012 FrameworkPHY::configure: frequencyofinterest = 2347000000 Hz
09:45:57.955425  INFO PHYI 012 FrameworkPHY::configure: noisebinsize = 20 usec
09:45:57.955435  INFO PHYI 012 FrameworkPHY::configure: noisemaxclampenable = off
09:45:57.955445  INFO PHYI 012 FrameworkPHY::configure: noisemaxmessagepropagation = 200000 usec
09:45:57.955455  INFO PHYI 012 FrameworkPHY::configure: noisemaxsegmentduration = 1000000 usec
09:45:57.955466  INFO PHYI 012 FrameworkPHY::configure: noisemaxsegmentoffset = 300000 usec
09:45:57.955477  INFO PHYI 012 FrameworkPHY::configure: timesyncthreshold = 10000 usec
09:45:57.956227  INFO NEM  012 NEMImpl::configure platformendpoint: 10.99.0.100:8212
09:45:57.956257  INFO NEM  012 NEMImpl::configure transportendpoint: 10.99.0.7:8312
09:45:57.956592  INFO MACI 008 TDMA::BaseModel::configure: fragmentcheckthreshold = 2
09:45:57.956632  INFO MACI 008 TDMA::BaseModel::configure: fragmenttimeoutthreshold = 5
09:45:57.956645  INFO MACI 008 TDMA::BaseModel::configure neighbormetricupdateinterval = 1.000000
09:45:57.956658  INFO MACI 008 TDMA::BaseModel::configure: pcrcurveuri = file:///usr/share/emane/xml/models/mac/tdmaeventscheduler/tdmabasemodelpcr.xml
09:45:57.962575  INFO MACI 008 TDMA::BaseModel::configure: enablepromiscuousmode = off
09:45:57.962664  INFO MACI 008 TDMA::BaseModel::configure: flowcontrolenable = off
09:45:57.962686  INFO MACI 008 TDMA::BaseModel::configure: flowcontroltokens = 10
09:45:57.962697  INFO MACI 008 TDMACT::BaseModel::configure: radiometricenable = off
09:45:57.962707  INFO MACI 008 TDMA::BaseModel::configure: queue.aggregationenable = on
09:45:57.962717  INFO MACI 008 TDMA::BaseModel::configure: queue.aggregationslotthreshold = 90.000000
09:45:57.962730  INFO MACI 008 TDMA::BasicQueueManager::configure: queue.depth = 64
09:45:57.962739  INFO MACI 008 TDMA::BaseModel::configure: queue.fragmentationenable = off
09:45:57.962749  INFO MACI 008 TDMA::BaseModel::configure: queue.strictdequeueenable = off
09:45:57.962988  INFO PHYI 008 FrameworkPHY::configure: bandwidth = 20000000 Hz
09:45:57.963024  INFO PHYI 008 FrameworkPHY::configure: fixedantennagain = 0.00 dBi
09:45:57.963038  INFO PHYI 008 FrameworkPHY::configure: fixedantennagainenable = on
09:45:57.963047  INFO PHYI 008 FrameworkPHY::configure: noisemode = all
09:45:57.963056  INFO PHYI 008 FrameworkPHY::configure: propagationmodel = precomputed
09:45:57.963066  INFO PHYI 008 FrameworkPHY::configure: subid = 7
09:45:57.963076  INFO PHYI 008 FrameworkPHY::configure: systemnoisefigure = 4.00 dB
09:45:57.963086  INFO PHYI 008 FrameworkPHY::configure: frequency = 2347000000 Hz
09:45:57.963097  INFO PHYI 008 FrameworkPHY::configure: frequencyofinterest = 2347000000 Hz
09:45:57.963106  INFO PHYI 008 FrameworkPHY::configure: noisebinsize = 20 usec
09:45:57.963116  INFO PHYI 008 FrameworkPHY::configure: noisemaxclampenable = off
09:45:57.963125  INFO PHYI 008 FrameworkPHY::configure: noisemaxmessagepropagation = 200000 usec
09:45:57.963169  INFO PHYI 008 FrameworkPHY::configure: noisemaxsegmentduration = 1000000 usec
09:45:57.963179  INFO PHYI 008 FrameworkPHY::configure: noisemaxsegmentoffset = 300000 usec
09:45:57.963189  INFO PHYI 008 FrameworkPHY::configure: timesyncthreshold = 10000 usec
09:45:57.963200  INFO PHYI 008 FrameworkPHY::configure: txpower = 0.00 dBm
09:45:57.963990  INFO NEM  008 NEMImpl::configure platformendpoint: 10.99.0.100:8208
09:45:57.964021  INFO NEM  008 NEMImpl::configure transportendpoint: 10.99.0.3:8308
09:45:57.964349  INFO MACI 009 TDMA::BaseModel::configure: fragmentcheckthreshold = 2
09:45:57.964390  INFO MACI 009 TDMA::BaseModel::configure: fragmenttimeoutthreshold = 5
09:45:57.964404  INFO MACI 009 TDMA::BaseModel::configure neighbormetricupdateinterval = 1.000000
09:45:57.964416  INFO MACI 009 TDMA::BaseModel::configure: pcrcurveuri = file:///usr/share/emane/xml/models/mac/tdmaeventscheduler/tdmabasemodelpcr.xml
09:45:57.970118  INFO MACI 009 TDMA::BaseModel::configure: enablepromiscuousmode = off
09:45:57.970165  INFO MACI 009 TDMA::BaseModel::configure: flowcontrolenable = off
09:45:57.970178  INFO MACI 009 TDMA::BaseModel::configure: flowcontroltokens = 10
09:45:57.970188  INFO MACI 009 TDMACT::BaseModel::configure: radiometricenable = off
09:45:57.970199  INFO MACI 009 TDMA::BaseModel::configure: queue.aggregationenable = on
09:45:57.970208  INFO MACI 009 TDMA::BaseModel::configure: queue.aggregationslotthreshold = 90.000000
09:45:57.970221  INFO MACI 009 TDMA::BasicQueueManager::configure: queue.depth = 64
09:45:57.970230  INFO MACI 009 TDMA::BaseModel::configure: queue.fragmentationenable = off
09:45:57.970240  INFO MACI 009 TDMA::BaseModel::configure: queue.strictdequeueenable = off
09:45:57.970476  INFO PHYI 009 FrameworkPHY::configure: bandwidth = 20000000 Hz
09:45:57.970512  INFO PHYI 009 FrameworkPHY::configure: fixedantennagain = 0.00 dBi
09:45:57.970526  INFO PHYI 009 FrameworkPHY::configure: fixedantennagainenable = on
09:45:57.970536  INFO PHYI 009 FrameworkPHY::configure: noisemode = all
09:45:57.970545  INFO PHYI 009 FrameworkPHY::configure: propagationmodel = precomputed
09:45:57.970554  INFO PHYI 009 FrameworkPHY::configure: subid = 7
09:45:57.970564  INFO PHYI 009 FrameworkPHY::configure: systemnoisefigure = 4.00 dB
09:45:57.970574  INFO PHYI 009 FrameworkPHY::configure: frequency = 2347000000 Hz
09:45:57.970584  INFO PHYI 009 FrameworkPHY::configure: frequencyofinterest = 2347000000 Hz
09:45:57.970594  INFO PHYI 009 FrameworkPHY::configure: noisebinsize = 20 usec
09:45:57.970604  INFO PHYI 009 FrameworkPHY::configure: noisemaxclampenable = off
09:45:57.970614  INFO PHYI 009 FrameworkPHY::configure: noisemaxmessagepropagation = 200000 usec
09:45:57.970623  INFO PHYI 009 FrameworkPHY::configure: noisemaxsegmentduration = 1000000 usec
09:45:57.970634  INFO PHYI 009 FrameworkPHY::configure: noisemaxsegmentoffset = 300000 usec
09:45:57.970644  INFO PHYI 009 FrameworkPHY::configure: timesyncthreshold = 10000 usec
09:45:57.970655  INFO PHYI 009 FrameworkPHY::configure: txpower = 0.00 dBm
09:45:57.971466  INFO NEM  009 NEMImpl::configure platformendpoint: 10.99.0.100:8209
09:45:57.971502  INFO NEM  009 NEMImpl::configure transportendpoint: 10.99.0.6:8309
09:45:57.971693  INFO MACI 011 RFPipeMACLayer::configure datarate = 1500000
09:45:57.971724  INFO MACI 011 RFPipeMACLayer::configure delay = 0.150000
09:45:57.971739  INFO MACI 011 RFPipeMACLayer::configure enablepromiscuousmode = off
09:45:57.971749  INFO MACI 011 RFPipeMACLayer::configure flowcontrolenable = off
09:45:57.971758  INFO MACI 011 RFPipeMACLayer::configure flowcontroltokens = 10
09:45:57.971772  INFO MACI 011 RFPipeMACLayer::configure jitter = 0.001500
09:45:57.971784  INFO MACI 011 RFPipeMACLayer::configure pcrcurveuri = file:///usr/share/emane/xml/models/mac/rfpipe/rfpipepcr.xml
09:45:57.971795  INFO MACI 011 RFPipeMACLayer::configure neighbormetricdeletetime = 60.000000
09:45:57.971807  INFO MACI 011 RFPipeMACLayer::configure radiometricenable = off
09:45:57.971816  INFO MACI 011 RFPipeMACLayer::configure radiometricreportinterval = 1.000000
09:45:57.972067  INFO PHYI 011 FrameworkPHY::configure: bandwidth = 5000000 Hz
09:45:57.972107  INFO PHYI 011 FrameworkPHY::configure: fixedantennagain = 2.00 dBi
09:45:57.972122  INFO PHYI 011 FrameworkPHY::configure: fixedantennagainenable = on
09:45:57.972131  INFO PHYI 011 FrameworkPHY::configure: noisemode = outofband
09:45:57.972141  INFO PHYI 011 FrameworkPHY::configure: propagationmodel = freespace
09:45:57.972150  INFO PHYI 011 FrameworkPHY::configure: subid = 1
09:45:57.972160  INFO PHYI 011 FrameworkPHY::configure: systemnoisefigure = 7.00 dB
09:45:57.972171  INFO PHYI 011 FrameworkPHY::configure: txpower = 45.00 dBm
09:45:57.972183  INFO PHYI 011 FrameworkPHY::configure: frequency = 2347000000 Hz
09:45:57.972194  INFO PHYI 011 FrameworkPHY::configure: frequencyofinterest = 2347000000 Hz
09:45:57.972204  INFO PHYI 011 FrameworkPHY::configure: noisebinsize = 20 usec
09:45:57.972214  INFO PHYI 011 FrameworkPHY::configure: noisemaxclampenable = off
09:45:57.972224  INFO PHYI 011 FrameworkPHY::configure: noisemaxmessagepropagation = 200000 usec
09:45:57.972234  INFO PHYI 011 FrameworkPHY::configure: noisemaxsegmentduration = 1000000 usec
09:45:57.972244  INFO PHYI 011 FrameworkPHY::configure: noisemaxsegmentoffset = 300000 usec
09:45:57.972254  INFO PHYI 011 FrameworkPHY::configure: timesyncthreshold = 10000 usec
09:45:57.973067  INFO NEM  011 NEMImpl::configure platformendpoint: 10.99.0.100:8211
09:45:57.973120  INFO NEM  011 NEMImpl::configure transportendpoint: 10.99.0.8:8311
09:45:57.973386  INFO MACI 013 TDMA::BaseModel::configure: fragmentcheckthreshold = 2
09:45:57.973422  INFO MACI 013 TDMA::BaseModel::configure: fragmenttimeoutthreshold = 5
09:45:57.973436  INFO MACI 013 TDMA::BaseModel::configure neighbormetricupdateinterval = 1.000000
09:45:57.973448  INFO MACI 013 TDMA::BaseModel::configure: pcrcurveuri = file:///usr/share/emane/xml/models/mac/tdmaeventscheduler/tdmabasemodelpcr.xml
09:45:57.979130  INFO MACI 013 TDMA::BaseModel::configure: enablepromiscuousmode = off
09:45:57.979178  INFO MACI 013 TDMA::BaseModel::configure: flowcontrolenable = off
09:45:57.979191  INFO MACI 013 TDMA::BaseModel::configure: flowcontroltokens = 10
09:45:57.979201  INFO MACI 013 TDMACT::BaseModel::configure: radiometricenable = off
09:45:57.979211  INFO MACI 013 TDMA::BaseModel::configure: queue.aggregationenable = on
09:45:57.979220  INFO MACI 013 TDMA::BaseModel::configure: queue.aggregationslotthreshold = 90.000000
09:45:57.979232  INFO MACI 013 TDMA::BasicQueueManager::configure: queue.depth = 64
09:45:57.979243  INFO MACI 013 TDMA::BaseModel::configure: queue.fragmentationenable = off
09:45:57.979252  INFO MACI 013 TDMA::BaseModel::configure: queue.strictdequeueenable = off
09:45:57.979500  INFO PHYI 013 FrameworkPHY::configure: bandwidth = 20000000 Hz
09:45:57.979535  INFO PHYI 013 FrameworkPHY::configure: fixedantennagain = 0.00 dBi
09:45:57.979549  INFO PHYI 013 FrameworkPHY::configure: fixedantennagainenable = on
09:45:57.979559  INFO PHYI 013 FrameworkPHY::configure: noisemode = all
09:45:57.979569  INFO PHYI 013 FrameworkPHY::configure: propagationmodel = precomputed
09:45:57.979579  INFO PHYI 013 FrameworkPHY::configure: subid = 7
09:45:57.979589  INFO PHYI 013 FrameworkPHY::configure: systemnoisefigure = 4.00 dB
09:45:57.979599  INFO PHYI 013 FrameworkPHY::configure: frequency = 2347000000 Hz
09:45:57.979610  INFO PHYI 013 FrameworkPHY::configure: frequencyofinterest = 2347000000 Hz
09:45:57.979619  INFO PHYI 013 FrameworkPHY::configure: noisebinsize = 20 usec
09:45:57.979628  INFO PHYI 013 FrameworkPHY::configure: noisemaxclampenable = off
09:45:57.979638  INFO PHYI 013 FrameworkPHY::configure: noisemaxmessagepropagation = 200000 usec
09:45:57.979648  INFO PHYI 013 FrameworkPHY::configure: noisemaxsegmentduration = 1000000 usec
09:45:57.979658  INFO PHYI 013 FrameworkPHY::configure: noisemaxsegmentoffset = 300000 usec
09:45:57.979668  INFO PHYI 013 FrameworkPHY::configure: timesyncthreshold = 10000 usec
09:45:57.979678  INFO PHYI 013 FrameworkPHY::configure: txpower = 0.00 dBm
09:45:57.980494  INFO NEM  013 NEMImpl::configure platformendpoint: 10.99.0.100:8213
09:45:57.980572  INFO NEM  013 NEMImpl::configure transportendpoint: 10.99.0.1:8313
09:45:57.980997  INFO MACI 014 TDMA::BaseModel::configure: fragmentcheckthreshold = 2
09:45:57.981037  INFO MACI 014 TDMA::BaseModel::configure: fragmenttimeoutthreshold = 5
09:45:57.981051  INFO MACI 014 TDMA::BaseModel::configure neighbormetricupdateinterval = 1.000000
09:45:57.981064  INFO MACI 014 TDMA::BaseModel::configure: pcrcurveuri = file:///usr/share/emane/xml/models/mac/tdmaeventscheduler/tdmabasemodelpcr.xml
09:45:57.983956  INFO MACI 014 TDMA::BaseModel::configure: enablepromiscuousmode = off
09:45:57.983977  INFO MACI 014 TDMA::BaseModel::configure: flowcontrolenable = off
09:45:57.983983  INFO MACI 014 TDMA::BaseModel::configure: flowcontroltokens = 10
09:45:57.983987  INFO MACI 014 TDMACT::BaseModel::configure: radiometricenable = off
09:45:57.983991  INFO MACI 014 TDMA::BaseModel::configure: queue.aggregationenable = on
09:45:57.983995  INFO MACI 014 TDMA::BaseModel::configure: queue.aggregationslotthreshold = 90.000000
09:45:57.984001  INFO MACI 014 TDMA::BasicQueueManager::configure: queue.depth = 64
09:45:57.984005  INFO MACI 014 TDMA::BaseModel::configure: queue.fragmentationenable = off
09:45:57.984009  INFO MACI 014 TDMA::BaseModel::configure: queue.strictdequeueenable = off
09:45:57.984113  INFO PHYI 014 FrameworkPHY::configure: bandwidth = 20000000 Hz
09:45:57.984129  INFO PHYI 014 FrameworkPHY::configure: fixedantennagain = 0.00 dBi
09:45:57.984135  INFO PHYI 014 FrameworkPHY::configure: fixedantennagainenable = on
09:45:57.984139  INFO PHYI 014 FrameworkPHY::configure: noisemode = all
09:45:57.984143  INFO PHYI 014 FrameworkPHY::configure: propagationmodel = precomputed
09:45:57.984148  INFO PHYI 014 FrameworkPHY::configure: subid = 7
09:45:57.984152  INFO PHYI 014 FrameworkPHY::configure: systemnoisefigure = 4.00 dB
09:45:57.984156  INFO PHYI 014 FrameworkPHY::configure: frequency = 2347000000 Hz
09:45:57.984161  INFO PHYI 014 FrameworkPHY::configure: frequencyofinterest = 2347000000 Hz
09:45:57.984165  INFO PHYI 014 FrameworkPHY::configure: noisebinsize = 20 usec
09:45:57.984169  INFO PHYI 014 FrameworkPHY::configure: noisemaxclampenable = off
09:45:57.984173  INFO PHYI 014 FrameworkPHY::configure: noisemaxmessagepropagation = 200000 usec
09:45:57.984178  INFO PHYI 014 FrameworkPHY::configure: noisemaxsegmentduration = 1000000 usec
09:45:57.984182  INFO PHYI 014 FrameworkPHY::configure: noisemaxsegmentoffset = 300000 usec
09:45:57.984187  INFO PHYI 014 FrameworkPHY::configure: timesyncthreshold = 10000 usec
09:45:57.984191  INFO PHYI 014 FrameworkPHY::configure: txpower = 0.00 dBm
09:45:57.984534  INFO NEM  014 NEMImpl::configure platformendpoint: 10.99.0.100:8214
09:45:57.984547  INFO NEM  014 NEMImpl::configure transportendpoint: 10.99.0.2:8314
09:45:57.984678  INFO MACI 015 TDMA::BaseModel::configure: fragmentcheckthreshold = 2
09:45:57.984696  INFO MACI 015 TDMA::BaseModel::configure: fragmenttimeoutthreshold = 5
09:45:57.984702  INFO MACI 015 TDMA::BaseModel::configure neighbormetricupdateinterval = 1.000000
09:45:57.984707  INFO MACI 015 TDMA::BaseModel::configure: pcrcurveuri = file:///usr/share/emane/xml/models/mac/tdmaeventscheduler/tdmabasemodelpcr.xml
09:45:57.987126  INFO MACI 015 TDMA::BaseModel::configure: enablepromiscuousmode = off
09:45:57.987147  INFO MACI 015 TDMA::BaseModel::configure: flowcontrolenable = off
09:45:57.987152  INFO MACI 015 TDMA::BaseModel::configure: flowcontroltokens = 10
09:45:57.987157  INFO MACI 015 TDMACT::BaseModel::configure: radiometricenable = off
09:45:57.987161  INFO MACI 015 TDMA::BaseModel::configure: queue.aggregationenable = on
09:45:57.987165  INFO MACI 015 TDMA::BaseModel::configure: queue.aggregationslotthreshold = 90.000000
09:45:57.987171  INFO MACI 015 TDMA::BasicQueueManager::configure: queue.depth = 64
09:45:57.987175  INFO MACI 015 TDMA::BaseModel::configure: queue.fragmentationenable = off
09:45:57.987179  INFO MACI 015 TDMA::BaseModel::configure: queue.strictdequeueenable = off
09:45:57.987285  INFO PHYI 015 FrameworkPHY::configure: bandwidth = 20000000 Hz
09:45:57.987300  INFO PHYI 015 FrameworkPHY::configure: fixedantennagain = 0.00 dBi
09:45:57.987306  INFO PHYI 015 FrameworkPHY::configure: fixedantennagainenable = on
09:45:57.987310  INFO PHYI 015 FrameworkPHY::configure: noisemode = all
09:45:57.987314  INFO PHYI 015 FrameworkPHY::configure: propagationmodel = precomputed
09:45:57.987319  INFO PHYI 015 FrameworkPHY::configure: subid = 7
09:45:57.987323  INFO PHYI 015 FrameworkPHY::configure: systemnoisefigure = 4.00 dB
09:45:57.987328  INFO PHYI 015 FrameworkPHY::configure: frequency = 2347000000 Hz
09:45:57.987332  INFO PHYI 015 FrameworkPHY::configure: frequencyofinterest = 2347000000 Hz
09:45:57.987336  INFO PHYI 015 FrameworkPHY::configure: noisebinsize = 20 usec
09:45:57.987340  INFO PHYI 015 FrameworkPHY::configure: noisemaxclampenable = off
09:45:57.987345  INFO PHYI 015 FrameworkPHY::configure: noisemaxmessagepropagation = 200000 usec
09:45:57.987349  INFO PHYI 015 FrameworkPHY::configure: noisemaxsegmentduration = 1000000 usec
09:45:57.987353  INFO PHYI 015 FrameworkPHY::configure: noisemaxsegmentoffset = 300000 usec
09:45:57.987357  INFO PHYI 015 FrameworkPHY::configure: timesyncthreshold = 10000 usec
09:45:57.987361  INFO PHYI 015 FrameworkPHY::configure: txpower = 0.00 dBm
09:45:57.987715  INFO NEM  015 NEMImpl::configure platformendpoint: 10.99.0.100:8215
09:45:57.987729  INFO NEM  015 NEMImpl::configure transportendpoint: 10.99.0.4:8315
09:45:58.009184  INFO MACI 016 TDMA::BaseModel::configure: fragmentcheckthreshold = 2
09:45:58.009229  INFO MACI 016 TDMA::BaseModel::configure: fragmenttimeoutthreshold = 5
09:45:58.009237  INFO MACI 016 TDMA::BaseModel::configure neighbormetricupdateinterval = 1.000000
09:45:58.009244  INFO MACI 016 TDMA::BaseModel::configure: pcrcurveuri = file:///usr/share/emane/xml/models/mac/tdmaeventscheduler/tdmabasemodelpcr.xml
09:45:58.011696  INFO MACI 016 TDMA::BaseModel::configure: enablepromiscuousmode = off
09:45:58.011732  INFO MACI 016 TDMA::BaseModel::configure: flowcontrolenable = off
09:45:58.011741  INFO MACI 016 TDMA::BaseModel::configure: flowcontroltokens = 10
09:45:58.011745  INFO MACI 016 TDMACT::BaseModel::configure: radiometricenable = off
09:45:58.011750  INFO MACI 016 TDMA::BaseModel::configure: queue.aggregationenable = on
09:45:58.011754  INFO MACI 016 TDMA::BaseModel::configure: queue.aggregationslotthreshold = 90.000000
09:45:58.011760  INFO MACI 016 TDMA::BasicQueueManager::configure: queue.depth = 64
09:45:58.011764  INFO MACI 016 TDMA::BaseModel::configure: queue.fragmentationenable = off
09:45:58.011768  INFO MACI 016 TDMA::BaseModel::configure: queue.strictdequeueenable = off
09:45:58.011925  INFO PHYI 016 FrameworkPHY::configure: bandwidth = 20000000 Hz
09:45:58.011964  INFO PHYI 016 FrameworkPHY::configure: fixedantennagain = 0.00 dBi
09:45:58.011973  INFO PHYI 016 FrameworkPHY::configure: fixedantennagainenable = on
09:45:58.011978  INFO PHYI 016 FrameworkPHY::configure: noisemode = all
09:45:58.011982  INFO PHYI 016 FrameworkPHY::configure: propagationmodel = precomputed
09:45:58.011986  INFO PHYI 016 FrameworkPHY::configure: subid = 7
09:45:58.011990  INFO PHYI 016 FrameworkPHY::configure: systemnoisefigure = 4.00 dB
09:45:58.011995  INFO PHYI 016 FrameworkPHY::configure: frequency = 2347000000 Hz
09:45:58.012000  INFO PHYI 016 FrameworkPHY::configure: frequencyofinterest = 2347000000 Hz
09:45:58.012004  INFO PHYI 016 FrameworkPHY::configure: noisebinsize = 20 usec
09:45:58.012026  INFO PHYI 016 FrameworkPHY::configure: noisemaxclampenable = off
09:45:58.012029  INFO PHYI 016 FrameworkPHY::configure: noisemaxmessagepropagation = 200000 usec
09:45:58.012033  INFO PHYI 016 FrameworkPHY::configure: noisemaxsegmentduration = 1000000 usec
09:45:58.012036  INFO PHYI 016 FrameworkPHY::configure: noisemaxsegmentoffset = 300000 usec
09:45:58.012054  INFO PHYI 016 FrameworkPHY::configure: timesyncthreshold = 10000 usec
09:45:58.012058  INFO PHYI 016 FrameworkPHY::configure: txpower = 0.00 dBm
09:45:58.012328  INFO NEM  016 NEMImpl::configure platformendpoint: 10.99.0.100:8216
09:45:58.012339  INFO NEM  016 NEMImpl::configure transportendpoint: 10.99.0.5:8316
09:45:58.012377  INFO NEMManagerImpl::configure controlportendpoint: 0.0.0.0:47000
09:45:58.012383  INFO NEMManagerImpl::configure eventservicedevice: emanenode0
09:45:58.012387  INFO NEMManagerImpl::configure eventservicegroup: 224.1.2.8:45703
09:45:58.012390  INFO NEMManagerImpl::configure otamanagerchannelenable: off
09:45:58.012394  INFO NEMManagerImpl::configure eventservicettl: 1
09:45:58.012412  INFO NEMManagerImpl::configure otamanagerloopback: off
09:45:58.012415  INFO NEMManagerImpl::configure otamanagerttl: 1
09:45:58.012419  INFO NEMManagerImpl::configure stats.event.maxeventcountrows: 0
09:45:58.012439  INFO NEMManagerImpl::configure stats.ota.maxeventcountrows: 0
09:45:58.012465  INFO NEMManagerImpl::configure stats.ota.maxpacketcountrows: 0
